{"level":"info","message":"[am-privatecloud] listening on port 30000 in  development mode at events.js:180:16 Server.g","timestamp":"2015-06-02 08:36:08.604"}
{"level":"info","message":"[am-privatecloud] listening on port 30000 in  development mode at events.js:180:16 Server.g","timestamp":"2015-06-02 08:41:56.065"}
{"level":"info","message":"[am-privatecloud] listening on port 30000 in  development mode at events.js:180:16 Server.g","timestamp":"2015-06-02 08:42:17.059"}
{"level":"info","message":"[am-privatecloud] listening on port 30000 in  development mode at events.js:180:16 Server.g","timestamp":"2015-06-02 08:43:04.829"}
{"level":"info","message":"[am-privatecloud] listening on port 30000 in  development mode at events.js:180:16 Server.g","timestamp":"2015-06-02 08:46:39.024"}
{"level":"info","message":"[am-privatecloud] listening on port 30000 in  development mode at events.js:180:16 Server.g","timestamp":"2015-06-02 08:47:08.477"}
{"level":"info","message":"[am-privatecloud] listening on port 30000 in  development mode at events.js:180:16 Server.g","timestamp":"2015-06-02 09:13:34.146"}
{"level":"info","message":"[am-privatecloud] listening on port 30000 in  development mode at events.js:180:16 Server.g","timestamp":"2015-06-02 09:14:10.075"}
{"level":"info","message":"[am-privatecloud] listening on port 30000 in  development mode at events.js:180:16 Server.g","timestamp":"2015-06-02 09:18:30.422"}
{"level":"info","message":"[am-privatecloud] listening on port 30000 in  development mode at events.js:180:16 Server.g","timestamp":"2015-06-02 09:19:29.875"}
{"level":"info","message":"[am-privatecloud] listening on port 30000 in  development mode at events.js:180:16 Server.g","timestamp":"2015-06-02 09:21:47.305"}
{"level":"info","message":"[am-privatecloud] listening on port 30000 in  development mode at events.js:180:16 Server.g","timestamp":"2015-06-02 09:22:46.509"}
{"level":"info","message":"[am-privatecloud] listening on port 30000 in  development mode at events.js:180:16 Server.g","timestamp":"2015-06-02 09:24:03.324"}
{"level":"info","message":"[am-privatecloud] listening on port 30000 in  development mode at events.js:180:16 Server.g","timestamp":"2015-06-02 09:26:06.947"}
{"level":"info","message":"[am-privatecloud] listening on port 30000 in  development mode at events.js:180:16 Server.g","timestamp":"2015-06-02 09:26:40.909"}
{"level":"info","message":"[am-privatecloud] listening on port 30000 in  development mode at events.js:180:16 Server.g","timestamp":"2015-06-02 09:29:56.116"}
{"level":"error","message":"记录日志失败null at fs.js:108:15 Object.oncomplete","timestamp":"2015-06-02 09:29:58.386"}
{"level":"info","message":"[am-privatecloud] listening on port 30000 in  development mode at events.js:180:16 Server.g","timestamp":"2015-06-02 09:34:07.303"}
{"level":"info","message":"[am-privatecloud] listening on port 30000 in  development mode at events.js:180:16 Server.g","timestamp":"2015-06-02 09:34:21.928"}
{"level":"error","message":"记录日志失败null at fs.js:108:15 Object.oncomplete","timestamp":"2015-06-02 09:34:23.018"}
{"level":"info","message":"[am-privatecloud] listening on port 30000 in  development mode at events.js:180:16 Server.g","timestamp":"2015-06-02 09:39:52.908"}
{"level":"info","message":"[am-privatecloud] listening on port 30000 in  development mode at events.js:180:16 Server.g","timestamp":"2015-06-02 09:41:13.044"}
{"level":"info","message":"[am-privatecloud] listening on port 30000 in  development mode at events.js:180:16 Server.g","timestamp":"2015-06-02 09:47:15.799"}
{"level":"info","message":"[am-privatecloud] listening on port 30000 in  development mode at events.js:180:16 Server.g","timestamp":"2015-06-02 09:49:08.975"}
{"level":"info","message":"[am-privatecloud] listening on port 30000 in  development mode at events.js:180:16 Server.g","timestamp":"2015-06-02 10:01:04.826"}
{"level":"info","message":"[am-privatecloud] listening on port 30000 in  development mode at events.js:180:16 Server.g","timestamp":"2015-06-02 10:05:41.298"}
{"level":"info","message":"[am-privatecloud] listening on port 30000 in  development mode at events.js:180:16 Server.g","timestamp":"2015-06-02 10:06:05.171"}
{"level":"info","message":"[am-privatecloud] listening on port 30000 in  development mode at events.js:180:16 Server.g","timestamp":"2015-06-02 10:06:29.579"}
{"level":"info","message":"[am-privatecloud] listening on port 30000 in  development mode at events.js:180:16 Server.g","timestamp":"2015-06-02 10:06:38.383"}
{"level":"info","message":"[am-privatecloud] listening on port 30000 in  development mode at events.js:180:16 Server.g","timestamp":"2015-06-02 10:06:52.103"}
{"level":"info","message":"[am-privatecloud] listening on port 30000 in  development mode at events.js:180:16 Server.g","timestamp":"2015-06-02 10:08:28.636"}
{"level":"info","message":"[am-privatecloud] listening on port 30000 in  development mode at events.js:180:16 Server.g","timestamp":"2015-06-02 10:09:38.947"}
{"level":"info","message":"[am-privatecloud] listening on port 30000 in  development mode at events.js:180:16 Server.g","timestamp":"2015-06-02 10:10:07.010"}
{"level":"info","message":"[am-privatecloud] listening on port 30000 in  development mode at events.js:180:16 Server.g","timestamp":"2015-06-02 10:10:46.933"}
{"level":"info","message":"[am-privatecloud] listening on port 30000 in  development mode at events.js:180:16 Server.g","timestamp":"2015-06-02 10:11:05.977"}
{"level":"info","message":"[am-privatecloud] listening on port 30000 in  development mode at events.js:180:16 Server.g","timestamp":"2015-06-02 10:12:01.941"}
{"level":"info","message":"[am-privatecloud] listening on port 30000 in  development mode at events.js:180:16 Server.g","timestamp":"2015-06-02 10:12:33.355"}
{"level":"info","message":"[am-privatecloud] listening on port 30000 in  development mode at events.js:180:16 Server.g","timestamp":"2015-06-02 10:13:15.653"}
{"level":"info","message":"[am-privatecloud] listening on port 30000 in  development mode at events.js:180:16 Server.g","timestamp":"2015-06-02 10:15:56.639"}
{"level":"info","message":"[am-privatecloud] listening on port 30000 in  development mode at events.js:180:16 Server.g","timestamp":"2015-06-02 10:17:09.612"}
{"level":"info","message":"[am-privatecloud] listening on port 30000 in  development mode at events.js:180:16 Server.g","timestamp":"2015-06-02 10:18:09.585"}
{"level":"error","message":"记录日志失败null at fs.js:108:15 Object.oncomplete","timestamp":"2015-06-02 10:18:22.419"}
{"level":"info","message":"[am-privatecloud] listening on port 30000 in  development mode at events.js:180:16 Server.g","timestamp":"2015-06-02 10:25:35.602"}
{"level":"info","message":"[am-privatecloud] listening on port 30000 in  development mode at events.js:180:16 Server.g","timestamp":"2015-06-02 10:26:43.344"}
{"level":"info","message":"[am-privatecloud] listening on port 30000 in  development mode at events.js:180:16 Server.g","timestamp":"2015-06-02 10:27:13.466"}
{"level":"info","message":"[am-privatecloud] listening on port 30000 in  development mode at events.js:180:16 Server.g","timestamp":"2015-06-02 10:27:41.441"}
{"level":"error","message":"记录日志失败null at fs.js:108:15 Object.oncomplete","timestamp":"2015-06-02 10:27:42.504"}
{"level":"info","message":"[am-privatecloud] listening on port 30000 in  development mode at events.js:180:16 Server.g","timestamp":"2015-06-02 10:28:19.627"}
{"level":"error","message":"记录日志失败null at fs.js:108:15 Object.oncomplete","timestamp":"2015-06-02 10:28:20.742"}
{"level":"info","message":"[am-privatecloud] listening on port 30000 in  development mode at events.js:180:16 Server.g","timestamp":"2015-06-02 10:28:49.198"}
{"level":"error","message":"记录日志失败null at fs.js:108:15 Object.oncomplete","timestamp":"2015-06-02 10:28:50.252"}
{"level":"info","message":"[am-privatecloud] listening on port 30000 in  development mode at events.js:180:16 Server.g","timestamp":"2015-06-02 10:30:55.029"}
{"level":"info","message":"[am-privatecloud] listening on port 30000 in  development mode at events.js:180:16 Server.g","timestamp":"2015-06-02 10:34:31.318"}
{"level":"info","message":"[am-privatecloud] listening on port 30000 in  development mode at events.js:180:16 Server.g","timestamp":"2015-06-02 10:35:25.849"}
{"level":"info","message":"[am-privatecloud] listening on port 30000 in  development mode at events.js:180:16 Server.g","timestamp":"2015-06-02 10:36:02.427"}
{"level":"info","message":"[am-privatecloud] listening on port 30000 in  development mode at events.js:180:16 Server.g","timestamp":"2015-06-02 10:37:16.488"}
{"level":"error","message":"记录日志失败null at fs.js:108:15 Object.oncomplete","timestamp":"2015-06-02 10:37:17.899"}
{"level":"info","message":"[am-privatecloud] listening on port 30000 in  development mode at events.js:180:16 Server.g","timestamp":"2015-06-02 10:41:54.010"}
{"level":"info","message":"[am-privatecloud] listening on port 30000 in  development mode at events.js:180:16 Server.g","timestamp":"2015-06-02 10:45:35.642"}
{"level":"error","message":"记录日志失败null at fs.js:108:15 Object.oncomplete","timestamp":"2015-06-02 10:46:07.628"}
{"level":"info","message":"[am-privatecloud] listening on port 30000 in  development mode at events.js:180:16 Server.g","timestamp":"2015-06-02 10:49:02.264"}
{"level":"error","message":"记录日志失败null at fs.js:108:15 Object.oncomplete","timestamp":"2015-06-02 10:49:04.020"}
{"level":"info","message":"[am-privatecloud] listening on port 30000 in  development mode at events.js:180:16 Server.g","timestamp":"2015-06-02 10:49:35.115"}
{"level":"error","message":"记录日志失败null at fs.js:108:15 Object.oncomplete","timestamp":"2015-06-02 10:49:37.520"}
{"level":"info","message":"[am-privatecloud] listening on port 30000 in  development mode at events.js:180:16 Server.g","timestamp":"2015-06-02 10:51:10.876"}
{"level":"error","message":"记录日志失败null at fs.js:108:15 Object.oncomplete","timestamp":"2015-06-02 10:51:11.900"}
{"level":"info","message":"[am-privatecloud] listening on port 30000 in  development mode at events.js:180:16 Server.g","timestamp":"2015-06-02 10:53:50.490"}
{"level":"error","message":"记录日志失败null at fs.js:108:15 Object.oncomplete","timestamp":"2015-06-02 10:53:52.148"}
{"level":"info","message":"[am-privatecloud] listening on port 30000 in  development mode at events.js:180:16 Server.g","timestamp":"2015-06-02 10:55:55.552"}
{"level":"error","message":"记录日志失败null at fs.js:108:15 Object.oncomplete","timestamp":"2015-06-02 10:55:57.712"}
{"level":"info","message":"[am-privatecloud] listening on port 30000 in  development mode at events.js:180:16 Server.g","timestamp":"2015-06-02 10:57:27.961"}
{"level":"error","message":"记录日志失败null at fs.js:108:15 Object.oncomplete","timestamp":"2015-06-02 10:57:29.328"}
{"level":"info","message":"[am-privatecloud] listening on port 30000 in  development mode at events.js:180:16 Server.g","timestamp":"2015-06-02 10:57:41.181"}
{"level":"error","message":"记录日志失败null at fs.js:108:15 Object.oncomplete","timestamp":"2015-06-02 10:57:42.278"}
{"level":"error","message":"记录日志失败null at fs.js:108:15 Object.oncomplete","timestamp":"2015-06-02 10:58:24.365"}
{"level":"error","message":"记录日志失败null at fs.js:108:15 Object.oncomplete","timestamp":"2015-06-02 10:58:46.523"}
{"level":"error","message":"记录日志失败null at fs.js:108:15 Object.oncomplete","timestamp":"2015-06-02 10:59:04.982"}
{"level":"error","message":"记录日志同步信息失败null at fs.js:108:15 Object.oncomplete","timestamp":"2015-06-02 11:00:46.980"}
{"level":"error","message":"记录日志失败null at fs.js:108:15 Object.oncomplete","timestamp":"2015-06-02 11:00:46.984"}
{"level":"info","message":"[am-privatecloud] listening on port 30000 in  development mode at events.js:180:16 Server.g","timestamp":"2015-06-02 11:01:17.105"}
{"level":"error","message":"记录日志失败null at fs.js:108:15 Object.oncomplete","timestamp":"2015-06-02 11:01:18.324"}
{"level":"error","message":"记录日志同步信息失败null at fs.js:108:15 Object.oncomplete","timestamp":"2015-06-02 11:01:18.326"}
{"level":"info","message":"[am-privatecloud] listening on port 30000 in  development mode at events.js:180:16 Server.g","timestamp":"2015-06-02 11:03:52.394"}
{"level":"error","message":"记录日志同步信息失败null at fs.js:108:15 Object.oncomplete","timestamp":"2015-06-02 11:03:56.592"}
{"level":"error","message":"记录日志失败null at fs.js:108:15 Object.oncomplete","timestamp":"2015-06-02 11:03:56.594"}
{"level":"error","message":"记录日志同步信息失败null at fs.js:108:15 Object.oncomplete","timestamp":"2015-06-02 11:16:48.881"}
{"level":"error","message":"记录日志失败null at fs.js:108:15 Object.oncomplete","timestamp":"2015-06-02 11:16:48.882"}
{"level":"info","message":"[am-privatecloud] listening on port 30000 in  development mode at events.js:180:16 Server.g","timestamp":"2015-06-02 11:29:15.430"}
{"level":"error","message":"记录日志失败null at fs.js:108:15 Object.oncomplete","timestamp":"2015-06-02 11:29:17.258"}
{"level":"info","message":"[am-privatecloud] listening on port 30000 in  development mode at events.js:180:16 Server.g","timestamp":"2015-06-02 11:30:38.373"}
{"level":"error","message":"记录日志失败null at fs.js:108:15 Object.oncomplete","timestamp":"2015-06-02 11:30:48.439"}
{"level":"info","message":"[am-privatecloud] listening on port 30000 in  development mode at events.js:180:16 Server.g","timestamp":"2015-06-02 11:31:44.680"}
{"level":"error","message":"记录日志失败null at fs.js:108:15 Object.oncomplete","timestamp":"2015-06-02 11:31:46.213"}
{"level":"info","message":"[am-privatecloud] listening on port 30000 in  development mode at events.js:180:16 Server.g","timestamp":"2015-06-02 11:34:00.043"}
{"level":"error","message":"记录日志失败null at fs.js:108:15 Object.oncomplete","timestamp":"2015-06-02 11:34:09.843"}
{"level":"info","message":"[am-privatecloud] listening on port 30000 in  development mode at events.js:180:16 Server.g","timestamp":"2015-06-02 11:36:20.336"}
{"level":"error","message":"记录日志失败null at fs.js:108:15 Object.oncomplete","timestamp":"2015-06-02 11:36:23.931"}
{"level":"error","message":"记录日志同步信息失败null at fs.js:108:15 Object.oncomplete","timestamp":"2015-06-02 12:15:42.763"}
{"level":"error","message":"记录日志失败null at fs.js:108:15 Object.oncomplete","timestamp":"2015-06-02 12:15:42.766"}
{"level":"error","message":"download failed  at events.js:98:17 emit","timestamp":"2015-06-02 12:16:29.502"}
{"level":"error","message":"记录日志同步信息失败null at fs.js:108:15 Object.oncomplete","timestamp":"2015-06-02 12:16:29.506"}
{"level":"error","message":"记录日志失败null at fs.js:108:15 Object.oncomplete","timestamp":"2015-06-02 12:16:29.507"}
{"level":"info","message":"[am-privatecloud] listening on port 30000 in  development mode at events.js:180:16 Server.g","timestamp":"2015-06-02 12:21:32.494"}
{"level":"info","message":"[am-privatecloud] listening on port 30000 in  development mode at events.js:180:16 Server.g","timestamp":"2015-06-02 12:21:44.806"}
{"level":"info","message":"[am-privatecloud] listening on port 30000 in  development mode at events.js:180:16 Server.g","timestamp":"2015-06-02 12:21:55.565"}
{"level":"error","message":"download failed  at events.js:98:17 emit","timestamp":"2015-06-02 12:21:56.970"}
{"level":"error","message":"记录日志同步信息失败null at fs.js:108:15 Object.oncomplete","timestamp":"2015-06-02 12:21:56.980"}
{"level":"error","message":"记录日志失败null at fs.js:108:15 Object.oncomplete","timestamp":"2015-06-02 12:21:56.982"}
{"level":"info","message":"[am-privatecloud] listening on port 30000 in  development mode at events.js:180:16 Server.g","timestamp":"2015-06-02 12:23:27.511"}
{"level":"error","message":"download failed  at events.js:98:17 emit","timestamp":"2015-06-02 12:23:28.365"}
{"level":"error","message":"记录日志同步信息失败null at fs.js:108:15 Object.oncomplete","timestamp":"2015-06-02 12:23:28.375"}
{"level":"error","message":"记录日志失败null at fs.js:108:15 Object.oncomplete","timestamp":"2015-06-02 12:23:28.377"}
{"level":"info","message":"[am-privatecloud] listening on port 30000 in  development mode at events.js:180:16 Server.g","timestamp":"2015-06-02 12:23:51.459"}
{"level":"error","message":"download failed  at events.js:98:17 emit","timestamp":"2015-06-02 12:23:54.482"}
{"level":"error","message":"记录日志同步信息失败null at fs.js:108:15 Object.oncomplete","timestamp":"2015-06-02 12:23:54.491"}
{"level":"error","message":"记录日志失败null at fs.js:108:15 Object.oncomplete","timestamp":"2015-06-02 12:23:54.493"}
{"level":"error","message":"记录日志失败null at fs.js:108:15 Object.oncomplete","timestamp":"2015-06-02 12:24:01.570"}
{"level":"error","message":"记录日志同步信息失败null at fs.js:108:15 Object.oncomplete","timestamp":"2015-06-02 12:24:01.571"}
{"level":"error","message":"记录日志失败null at fs.js:108:15 Object.oncomplete","timestamp":"2015-06-02 12:24:14.078"}
{"level":"error","message":"记录日志同步信息失败null at fs.js:108:15 Object.oncomplete","timestamp":"2015-06-02 12:24:14.079"}
{"level":"info","message":"logs[{\"id\":\"8c7ad840-08d7-11e5-a607-c543c280a451\",\"user\":\"555546ddf2f359202cfba0b\",\"time\":\"2015-06-02 11:29\",\"detail\":\"创建项目失败\"},{\"id\":\"c2d3f610-08d7-11e5-aee4-61b664e739a4\",\"user\":\"555546ddf2f359202cfba0b\",\"time\":\"2015-06-02 11:30\",\"detail\":\"创建项目失败\"},{\"id\":\"e5436be0-08d7-11e5-b617-490943fb7106\",\"user\":\"555546ddf2f359202cfba0b\",\"time\":\"2015-06-02 11:31\",\"detail\":\"创建项目失败\"},{\"id\":\"3adf2990-08d8-11e5-aa5b-dd790cd627dc\",\"user\":\"555546ddf2f359202cfba0b\",\"time\":\"2015-06-02 11:34\",\"detail\":\"创建项目失败\"},{\"id\":\"08c5a280-08de-11e5-99cb-8515e76c1682\",\"user\":\"555546ddf2f359202cfba0b\",\"time\":\"2015-06-02 12:15\",\"detail\":\"同步成功\"},{\"id\":\"24a20cf0-08de-11e5-99cb-8515e76c1682\",\"user\":\"555546ddf2f359202cfba0b\",\"time\":\"2015-06-02 12:16\",\"detail\":\"同步成功\"},{\"id\":\"e7d1dac0-08de-11e5-bf5c-650e2c0c1159\",\"user\":\"555546ddf2f359202cfba0b\",\"time\":\"2015-06-02 12:21\",\"detail\":\"同步成功\"},{\"id\":\"1e4b78e0-08df-11e5-bbb9-0bbfb213bf8c\",\"user\":\"555546ddf2f359202cfba0b\",\"time\":\"2015-06-02 12:23\",\"detail\":\"同步失败\"},{\"id\":\"2ddcc340-08df-11e5-b905-798b560cff3a\",\"user\":\"555546ddf2f359202cfba0b\",\"time\":\"2015-06-02 12:23\",\"detail\":\"同步失败\"},{\"id\":\"3215b200-08df-11e5-b905-798b560cff3a\",\"user\":\"555546ddf2f359202cfba0b\",\"time\":\"2015-06-02 12:24\",\"detail\":\"同步成功\"},{\"id\":\"398a1cb0-08df-11e5-b905-798b560cff3a\",\"user\":\"555546ddf2f359202cfba0b\",\"time\":\"2015-06-02 12:24\",\"detail\":\"同步成功\"}] at /Users/x/privatecloud/node_modules/json-file-db/index.js:68:7 ","timestamp":"2015-06-02 12:25:03.131"}
{"level":"info","message":"[am-privatecloud] listening on port 30000 in  development mode at events.js:180:16 Server.g","timestamp":"2015-06-02 12:35:07.325"}
{"level":"info","message":"[am-privatecloud] listening on port 30000 in  development mode at events.js:180:16 Server.g","timestamp":"2015-06-02 12:35:44.712"}
{"level":"info","message":"[am-privatecloud] listening on port 30000 in  development mode at events.js:180:16 Server.g","timestamp":"2015-06-02 12:37:32.245"}
{"level":"info","message":"[am-privatecloud] listening on port 30000 in  development mode at events.js:180:16 Server.g","timestamp":"2015-06-02 12:40:54.256"}
{"level":"error","message":"记录日志失败null at fs.js:108:15 Object.oncomplete","timestamp":"2015-06-02 12:40:55.731"}
{"level":"error","message":"记录日志失败null at fs.js:108:15 Object.oncomplete","timestamp":"2015-06-02 12:43:34.841"}
{"level":"error","message":"download failed  at events.js:98:17 emit","timestamp":"2015-06-02 12:46:29.888"}
{"level":"error","message":"记录日志同步信息失败null at fs.js:108:15 Object.oncomplete","timestamp":"2015-06-02 12:46:29.903"}
{"level":"error","message":"记录日志失败null at fs.js:108:15 Object.oncomplete","timestamp":"2015-06-02 12:46:29.907"}
{"level":"error","message":"download failed  at events.js:98:17 emit","timestamp":"2015-06-02 12:47:36.176"}
{"level":"error","message":"记录日志同步信息失败null at fs.js:108:15 Object.oncomplete","timestamp":"2015-06-02 12:47:36.180"}
{"level":"error","message":"记录日志失败null at fs.js:108:15 Object.oncomplete","timestamp":"2015-06-02 12:47:36.182"}
{"level":"info","message":"[am-privatecloud] listening on port 30000 in  development mode at events.js:180:16 Server.g","timestamp":"2015-06-02 13:19:45.707"}
{"level":"info","message":"[am-privatecloud] listening on port 30000 in  development mode at events.js:180:16 Server.g","timestamp":"2015-06-02 13:25:17.689"}
{"level":"error","message":"记录日志失败null at fs.js:108:15 Object.oncomplete","timestamp":"2015-06-02 13:26:18.581"}
{"level":"info","message":"[am-privatecloud] listening on port 30000 in  development mode at events.js:180:16 Server.g","timestamp":"2015-06-02 13:27:45.181"}
{"level":"info","message":"[am-privatecloud] listening on port 30000 in  development mode at events.js:180:16 Server.g","timestamp":"2015-06-02 13:28:39.968"}
{"level":"info","message":"[am-privatecloud] listening on port 30000 in  development mode at events.js:180:16 Server.g","timestamp":"2015-06-02 13:29:13.704"}
{"level":"info","message":"[am-privatecloud] listening on port 30000 in  development mode at events.js:180:16 Server.g","timestamp":"2015-06-02 13:29:24.150"}
{"level":"error","message":"记录日志失败null at fs.js:108:15 Object.oncomplete","timestamp":"2015-06-02 13:35:44.362"}
{"level":"info","message":"[am-privatecloud] listening on port 30000 in  development mode at events.js:180:16 Server.g","timestamp":"2015-06-02 13:59:49.548"}
{"level":"error","message":"记录日志失败null at fs.js:108:15 Object.oncomplete","timestamp":"2015-06-02 13:59:54.702"}
{"level":"info","message":"[am-privatecloud] listening on port 30000 in  development mode at events.js:180:16 Server.g","timestamp":"2015-06-02 14:01:00.480"}
{"level":"error","message":"记录日志失败null at fs.js:108:15 Object.oncomplete","timestamp":"2015-06-02 14:01:01.858"}
{"level":"error","message":"记录日志失败null at fs.js:108:15 Object.oncomplete","timestamp":"2015-06-02 14:01:27.504"}
{"level":"info","message":"[am-privatecloud] listening on port 30000 in  development mode at events.js:180:16 Server.g","timestamp":"2015-06-02 14:02:31.133"}
{"level":"info","message":"[am-privatecloud] listening on port 30000 in  development mode at events.js:180:16 Server.g","timestamp":"2015-06-02 14:03:01.586"}
{"level":"error","message":"记录日志失败null at fs.js:108:15 Object.oncomplete","timestamp":"2015-06-02 14:03:02.658"}
{"level":"info","message":"[am-privatecloud] listening on port 30000 in  development mode at events.js:180:16 Server.g","timestamp":"2015-06-02 14:03:55.003"}
{"level":"error","message":"记录日志失败null at fs.js:108:15 Object.oncomplete","timestamp":"2015-06-02 14:03:56.614"}
{"level":"error","message":"记录日志失败null at fs.js:108:15 Object.oncomplete","timestamp":"2015-06-02 14:08:38.222"}
{"level":"error","message":"记录日志失败null at fs.js:108:15 Object.oncomplete","timestamp":"2015-06-02 14:09:09.195"}
{"level":"error","message":"记录日志失败null at fs.js:108:15 Object.oncomplete","timestamp":"2015-06-02 14:11:16.186"}
{"level":"info","message":"[am-privatecloud] listening on port 30000 in  development mode at events.js:180:16 Server.g","timestamp":"2015-06-02 14:11:21.703"}
{"level":"error","message":"记录日志失败null at fs.js:108:15 Object.oncomplete","timestamp":"2015-06-02 14:11:23.220"}
{"level":"info","message":"[am-privatecloud] listening on port 30000 in  development mode at events.js:180:16 Server.g","timestamp":"2015-06-02 14:12:05.282"}
{"level":"error","message":"记录日志失败null at fs.js:108:15 Object.oncomplete","timestamp":"2015-06-02 14:12:06.601"}
{"level":"info","message":"[am-privatecloud] listening on port 30000 in  development mode at events.js:180:16 Server.g","timestamp":"2015-06-02 14:12:48.109"}
{"level":"error","message":"记录日志失败null at fs.js:108:15 Object.oncomplete","timestamp":"2015-06-02 14:12:49.205"}
{"level":"error","message":"记录日志失败null at fs.js:108:15 Object.oncomplete","timestamp":"2015-06-02 14:13:24.141"}
{"level":"error","message":"记录日志失败null at fs.js:108:15 Object.oncomplete","timestamp":"2015-06-02 14:13:44.601"}
{"level":"error","message":"download failed  at events.js:98:17 emit","timestamp":"2015-06-02 14:14:24.244"}
{"level":"error","message":"记录日志同步信息失败null at fs.js:108:15 Object.oncomplete","timestamp":"2015-06-02 14:14:24.251"}
{"level":"error","message":"记录日志失败null at fs.js:108:15 Object.oncomplete","timestamp":"2015-06-02 14:14:24.253"}
{"level":"info","message":"[am-privatecloud] listening on port 30000 in  development mode at events.js:180:16 Server.g","timestamp":"2015-06-02 14:34:11.751"}
{"level":"info","message":"[am-privatecloud] listening on port 30000 in  development mode at events.js:180:16 Server.g","timestamp":"2015-06-02 14:35:40.588"}
{"level":"info","message":"[am-privatecloud] listening on port 30000 in  development mode at events.js:180:16 Server.g","timestamp":"2015-06-02 14:35:43.831"}
{"level":"info","message":"[am-privatecloud] listening on port 30000 in  development mode at events.js:180:16 Server.g","timestamp":"2015-06-02 14:36:15.058"}
{"level":"info","message":"[am-privatecloud] listening on port 30000 in  development mode at events.js:180:16 Server.g","timestamp":"2015-06-02 14:39:54.419"}
{"level":"info","message":"[am-privatecloud] listening on port 30000 in  development mode at events.js:180:16 Server.g","timestamp":"2015-06-02 14:56:37.037"}
{"level":"info","message":"[am-privatecloud] listening on port 30000 in  development mode at events.js:180:16 Server.g","timestamp":"2015-06-02 14:56:46.648"}
{"level":"error","message":"记录日志失败null at fs.js:108:15 Object.oncomplete","timestamp":"2015-06-02 14:56:48.523"}
{"level":"info","message":"[am-privatecloud] listening on port 30000 in  development mode at events.js:180:16 Server.g","timestamp":"2015-06-02 14:57:28.894"}
{"level":"error","message":"记录日志失败null at fs.js:108:15 Object.oncomplete","timestamp":"2015-06-02 14:57:30.158"}
{"level":"error","message":"记录日志失败null at fs.js:108:15 Object.oncomplete","timestamp":"2015-06-02 14:58:29.354"}
{"level":"info","message":"[am-privatecloud] listening on port 30000 in  development mode at events.js:180:16 Server.g","timestamp":"2015-06-02 14:58:57.625"}
{"level":"error","message":"记录日志失败null at fs.js:108:15 Object.oncomplete","timestamp":"2015-06-02 14:58:59.436"}
{"level":"info","message":"[am-privatecloud] listening on port 30000 in  development mode at events.js:180:16 Server.g","timestamp":"2015-06-02 15:00:14.746"}
{"level":"info","message":"[am-privatecloud] listening on port 30000 in  development mode at events.js:180:16 Server.g","timestamp":"2015-06-02 15:01:07.248"}
{"level":"info","message":"[am-privatecloud] listening on port 30000 in  development mode at events.js:180:16 Server.g","timestamp":"2015-06-02 15:26:28.377"}
{"level":"info","message":"[am-privatecloud] listening on port 30000 in  development mode at events.js:180:16 Server.g","timestamp":"2015-06-02 15:26:41.378"}
{"level":"info","message":"[am-privatecloud] listening on port 30000 in  development mode at events.js:180:16 Server.g","timestamp":"2015-06-02 15:30:23.559"}
{"level":"info","message":"[am-privatecloud] listening on port 30000 in  development mode at events.js:180:16 Server.g","timestamp":"2015-06-02 15:32:05.587"}
{"level":"error","message":"记录日志失败null at fs.js:108:15 Object.oncomplete","timestamp":"2015-06-02 15:32:11.940"}
{"level":"error","message":"记录日志失败null at fs.js:108:15 Object.oncomplete","timestamp":"2015-06-02 15:32:59.597"}
{"level":"info","message":"[am-privatecloud] listening on port 30000 in  development mode at events.js:180:16 Server.g","timestamp":"2015-06-02 15:35:28.659"}
{"level":"info","message":"[am-privatecloud] listening on port 30000 in  development mode at events.js:180:16 Server.g","timestamp":"2015-06-02 15:36:37.125"}
{"level":"info","message":"[am-privatecloud] listening on port 30000 in  development mode at events.js:180:16 Server.g","timestamp":"2015-06-02 15:37:41.388"}
{"level":"info","message":"[am-privatecloud] listening on port 30000 in  development mode at events.js:180:16 Server.g","timestamp":"2015-06-02 15:48:17.852"}
{"level":"error","message":"记录日志失败null at fs.js:108:15 Object.oncomplete","timestamp":"2015-06-02 15:48:19.862"}
{"level":"error","message":"记录日志失败null at fs.js:108:15 Object.oncomplete","timestamp":"2015-06-02 15:49:00.170"}
{"level":"info","message":"[am-privatecloud] listening on port 30000 in  development mode at events.js:180:16 Server.g","timestamp":"2015-06-02 15:53:32.218"}
{"level":"info","message":"[am-privatecloud] listening on port 30000 in  development mode at events.js:180:16 Server.g","timestamp":"2015-06-02 15:53:59.173"}
{"level":"info","message":"[am-privatecloud] listening on port 30000 in  development mode at events.js:180:16 Server.g","timestamp":"2015-06-02 15:58:19.129"}
{"level":"error","message":"记录日志失败null at fs.js:108:15 Object.oncomplete","timestamp":"2015-06-02 15:58:27.014"}
{"level":"error","message":"记录日志失败null at fs.js:108:15 Object.oncomplete","timestamp":"2015-06-02 15:58:45.902"}
{"level":"error","message":"记录日志失败null at fs.js:108:15 Object.oncomplete","timestamp":"2015-06-02 16:07:42.299"}
{"level":"info","message":"[am-privatecloud] listening on port 30000 in  development mode at events.js:180:16 Server.g","timestamp":"2015-06-02 16:08:29.921"}
{"level":"error","message":"记录日志失败null at fs.js:108:15 Object.oncomplete","timestamp":"2015-06-02 16:08:32.159"}
{"level":"info","message":"[am-privatecloud] listening on port 30000 in  development mode at events.js:180:16 Server.g","timestamp":"2015-06-02 16:09:02.492"}
{"level":"error","message":"记录日志失败null at fs.js:108:15 Object.oncomplete","timestamp":"2015-06-02 16:09:03.784"}
{"level":"info","message":"[am-privatecloud] listening on port 30000 in  development mode at events.js:180:16 Server.g","timestamp":"2015-06-02 16:49:40.512"}
{"level":"error","message":"记录日志失败null at fs.js:108:15 Object.oncomplete","timestamp":"2015-06-02 16:59:05.615"}
{"level":"info","message":"[am-privatecloud] listening on port 30000 in  development mode at events.js:180:16 Server.g","timestamp":"2015-06-02 17:48:05.315"}
{"level":"info","message":"[am-privatecloud] listening on port 30000 in  development mode at events.js:180:16 Server.g","timestamp":"2015-06-02 17:53:59.721"}
{"level":"info","message":"[am-privatecloud] listening on port 30000 in  development mode at events.js:180:16 Server.g","timestamp":"2015-06-02 17:55:07.916"}
{"level":"info","message":"[am-privatecloud] listening on port 30000 in  development mode at events.js:180:16 Server.g","timestamp":"2015-06-02 17:56:59.390"}
{"level":"info","message":"[am-privatecloud] listening on port 30000 in  development mode at events.js:180:16 Server.g","timestamp":"2015-06-02 17:57:28.012"}
{"level":"info","message":"[am-privatecloud] listening on port 30000 in  development mode at events.js:180:16 Server.g","timestamp":"2015-06-02 17:58:59.007"}
{"level":"error","message":"记录日志失败null at fs.js:108:15 Object.oncomplete","timestamp":"2015-06-02 17:59:02.156"}
{"level":"info","message":"[am-privatecloud] listening on port 30000 in  development mode at events.js:180:16 Server.g","timestamp":"2015-06-02 18:09:03.332"}
{"level":"error","message":"记录日志失败null at fs.js:108:15 Object.oncomplete","timestamp":"2015-06-02 18:10:17.054"}
