{"level":"info","message":"[am-privatecloud] listening on port 30000 in  development mode at events.js:180:16 Server.g","timestamp":"2015-05-28 10:00:11.321"}
{"level":"info","message":"[{\"id\":\"3996eb4aa8ed80b0df71a97404e550f6\",\"name\":\"bh\",\"host\":\"www.buaa.edu.cn\",\"user\":\"555546ddf2f359202cfba0b\",\"createAt\":\"2015-05-12T01:37:40.324Z\"},{\"id\":\"3996eb4aa8ed80b0df71a97404e550f64\",\"name\":\"bh\",\"host\":\"www.buaa.edu.cn\",\"user\":\"555546ddf2f359202cfba0b\",\"createAt\":\"2015-05-12T01:37:40.324Z\"},{\"id\":\"58a8ca3d4a86de7faecc2a26d0c2f470\",\"name\":\"知乎2\",\"host\":\"http://www.zhihu.com/\",\"user\":\"555546ddf2f359202cfba0b\",\"createAt\":\"\",\"status\":\"\"},{\"id\":\"9d4e4f27c119b06692f20e89de497a79\",\"name\":\"知乎2\",\"host\":\"http://www.zhihu.com/\",\"user\":\"555546ddf2f359202cfba0b\",\"createAt\":\"2015-05-27 16:50\"},{\"id\":\"028c39385368499526f4672f9bc1e04c\",\"name\":\"知乎2\",\"host\":\"http://www.zhihu.com/\",\"user\":\"555546ddf2f359202cfba0b\",\"createAt\":\"\",\"synchtime\":\"2015-05-27 16:53\",\"detail\":\"同步成功\"},{\"host\":\"www.dffgsgsdgdgdscf分V刹\",\"name\":\"dfgdsfdfdf\",\"id\":\"27ffc5e0-0357-11e5-a9be-ede03492383a\",\"createAt\":\"2015-05-26 11:27\",\"user\":\"555546ddf2f359202cfba0b\"},{\"host\":\"www.dffgsgsdgdgdsc地方d\",\"name\":\"dfgdsfdfdfcf就\",\"id\":\"52011eeb721c5f42dee83bf7ea9f6cc6\",\"user\":\"555546ddf2f359202cfba0b\",\"createAt\":\"2015-05-26 11:31\",\"synchtime\":\"2015-05-27 20:04\",\"detail\":\"同步成功\"},{\"host\":\"www.dffgsgsdgdgdsc地方defddf\",\"name\":\"dfgdsfdfdfcf就sx\",\"id\":\"5ab2f0b0-0358-11e5-8faa-4be29bf83934\",\"user\":\"555546ddf2f359202cfba0b\",\"createAt\":\"2015-05-26 11:36\"}] at /Users/x/privatecloud/node_modules/json-file-db/index.js:68:7 ","timestamp":"2015-05-28 10:00:12.632"}
{"level":"info","message":"[am-privatecloud] listening on port 30000 in  development mode at events.js:180:16 Server.g","timestamp":"2015-05-28 10:00:59.825"}
{"level":"info","message":"[{\"id\":\"3996eb4aa8ed80b0df71a97404e550f6\",\"name\":\"bh\",\"host\":\"www.buaa.edu.cn\",\"user\":\"555546ddf2f359202cfba0b\",\"createAt\":\"2015-05-23 16:50\"},{\"id\":\"3996eb4aa8ed80b0df71a97404e550f64\",\"name\":\"bh\",\"host\":\"www.buaa.edu.cn\",\"user\":\"555546ddf2f359202cfba0b\",\"createAt\":\"2015-05-27 13:50\"},{\"id\":\"58a8ca3d4a86de7faecc2a26d0c2f470\",\"name\":\"知乎2\",\"host\":\"http://www.zhihu.com/\",\"user\":\"555546ddf2f359202cfba0b\",\"createAt\":\"2015-05-27 16:33\",\"status\":\"\"},{\"id\":\"9d4e4f27c119b06692f20e89de497a79\",\"name\":\"知乎2\",\"host\":\"http://www.zhihu.com/\",\"user\":\"555546ddf2f359202cfba0b\",\"createAt\":\"2015-05-27 16:50\"},{\"id\":\"028c39385368499526f4672f9bc1e04c\",\"name\":\"知乎2\",\"host\":\"http://www.zhihu.com/\",\"user\":\"555546ddf2f359202cfba0b\",\"createAt\":\"\",\"synchtime\":\"2015-05-27 16:53\",\"detail\":\"同步成功\"},{\"host\":\"www.dffgsgsdgdgdscf分V刹\",\"name\":\"dfgdsfdfdf\",\"id\":\"27ffc5e0-0357-11e5-a9be-ede03492383a\",\"createAt\":\"2015-05-26 11:27\",\"user\":\"555546ddf2f359202cfba0b\"},{\"host\":\"www.dffgsgsdgdgdsc地方d\",\"name\":\"dfgdsfdfdfcf就\",\"id\":\"52011eeb721c5f42dee83bf7ea9f6cc6\",\"user\":\"555546ddf2f359202cfba0b\",\"createAt\":\"2015-05-26 11:31\",\"synchtime\":\"2015-05-27 20:04\",\"detail\":\"同步成功\"},{\"host\":\"www.dffgsgsdgdgdsc地方defddf\",\"name\":\"dfgdsfdfdfcf就sx\",\"id\":\"5ab2f0b0-0358-11e5-8faa-4be29bf83934\",\"user\":\"555546ddf2f359202cfba0b\",\"createAt\":\"2015-05-26 11:36\"}] at /Users/x/privatecloud/node_modules/json-file-db/index.js:68:7 ","timestamp":"2015-05-28 10:01:01.273"}
{"level":"info","message":"[{\"id\":\"3996eb4aa8ed80b0df71a97404e550f6\",\"name\":\"bh\",\"host\":\"www.buaa.edu.cn\",\"user\":\"555546ddf2f359202cfba0b\",\"createAt\":\"2015-05-23 16:50\"},{\"id\":\"3996eb4aa8ed80b0df71a97404e550f64\",\"name\":\"bh\",\"host\":\"www.buaa.edu.cn\",\"user\":\"555546ddf2f359202cfba0b\",\"createAt\":\"2015-05-27 13:50\"},{\"id\":\"58a8ca3d4a86de7faecc2a26d0c2f470\",\"name\":\"知乎2\",\"host\":\"http://www.zhihu.com/\",\"user\":\"555546ddf2f359202cfba0b\",\"createAt\":\"2015-05-27 16:33\",\"status\":\"\"},{\"id\":\"9d4e4f27c119b06692f20e89de497a79\",\"name\":\"知乎2\",\"host\":\"http://www.zhihu.com/\",\"user\":\"555546ddf2f359202cfba0b\",\"createAt\":\"2015-05-27 16:50\"},{\"id\":\"028c39385368499526f4672f9bc1e04c\",\"name\":\"知乎2\",\"host\":\"http://www.zhihu.com/\",\"user\":\"555546ddf2f359202cfba0b\",\"createAt\":\"2015-05-21 16:50\",\"synchtime\":\"2015-05-27 16:53\",\"detail\":\"同步成功\"},{\"host\":\"www.dffgsgsdgdgdscf分V刹\",\"name\":\"dfgdsfdfdf\",\"id\":\"27ffc5e0-0357-11e5-a9be-ede03492383a\",\"createAt\":\"2015-05-26 11:27\",\"user\":\"555546ddf2f359202cfba0b\"},{\"host\":\"www.dffgsgsdgdgdsc地方d\",\"name\":\"dfgdsfdfdfcf就\",\"id\":\"52011eeb721c5f42dee83bf7ea9f6cc6\",\"user\":\"555546ddf2f359202cfba0b\",\"createAt\":\"2015-05-26 11:31\",\"synchtime\":\"2015-05-27 20:04\",\"detail\":\"同步成功\"},{\"host\":\"www.dffgsgsdgdgdsc地方defddf\",\"name\":\"dfgdsfdfdfcf就sx\",\"id\":\"5ab2f0b0-0358-11e5-8faa-4be29bf83934\",\"user\":\"555546ddf2f359202cfba0b\",\"createAt\":\"2015-05-26 11:36\"}] at /Users/x/privatecloud/node_modules/json-file-db/index.js:68:7 ","timestamp":"2015-05-28 10:01:21.992"}
{"level":"info","message":"[{\"id\":\"3996eb4aa8ed80b0df71a97404e550f6\",\"name\":\"bh\",\"host\":\"www.buaa.edu.cn\",\"user\":\"555546ddf2f359202cfba0b\",\"createAt\":\"2015-05-23 16:50\"},{\"id\":\"3996eb4aa8ed80b0df71a97404e550f64\",\"name\":\"bh\",\"host\":\"www.buaa.edu.cn\",\"user\":\"555546ddf2f359202cfba0b\",\"createAt\":\"2015-05-27 13:50\"},{\"id\":\"58a8ca3d4a86de7faecc2a26d0c2f470\",\"name\":\"知乎2\",\"host\":\"http://www.zhihu.com/\",\"user\":\"555546ddf2f359202cfba0b\",\"createAt\":\"2015-05-27 16:33\",\"status\":\"\"},{\"id\":\"9d4e4f27c119b06692f20e89de497a79\",\"name\":\"知乎2\",\"host\":\"http://www.zhihu.com/\",\"user\":\"555546ddf2f359202cfba0b\",\"createAt\":\"2015-05-27 16:50\"},{\"id\":\"028c39385368499526f4672f9bc1e04c\",\"name\":\"知乎2\",\"host\":\"http://www.zhihu.com/\",\"user\":\"555546ddf2f359202cfba0b\",\"createAt\":\"2015-05-21 16:50\",\"synchtime\":\"2015-05-27 16:53\",\"detail\":\"同步成功\"},{\"host\":\"www.dffgsgsdgdgdscf分V刹\",\"name\":\"dfgdsfdfdf\",\"id\":\"27ffc5e0-0357-11e5-a9be-ede03492383a\",\"createAt\":\"2015-05-26 11:27\",\"user\":\"555546ddf2f359202cfba0b\"},{\"host\":\"www.dffgsgsdgdgdsc地方d\",\"name\":\"dfgdsfdfdfcf就\",\"id\":\"52011eeb721c5f42dee83bf7ea9f6cc6\",\"user\":\"555546ddf2f359202cfba0b\",\"createAt\":\"2015-05-26 11:31\",\"synchtime\":\"2015-05-27 20:04\",\"detail\":\"同步成功\"},{\"host\":\"www.dffgsgsdgdgdsc地方defddf\",\"name\":\"dfgdsfdfdfcf就sx\",\"id\":\"5ab2f0b0-0358-11e5-8faa-4be29bf83934\",\"user\":\"555546ddf2f359202cfba0b\",\"createAt\":\"2015-05-26 11:36\"}] at /Users/x/privatecloud/node_modules/json-file-db/index.js:68:7 ","timestamp":"2015-05-28 10:02:17.414"}
{"level":"info","message":"[am-privatecloud] listening on port 30000 in  development mode at events.js:180:16 Server.g","timestamp":"2015-05-28 10:12:04.772"}
{"level":"info","message":"shijianpaixi [{\"createAt\":\"2015-05-23 16:50\"},{\"createAt\":\"2015-05-27 13:50\"},{\"createAt\":\"2015-05-27 16:33\"},{\"createAt\":\"2015-05-27 16:50\"},{\"createAt\":\"2015-05-21 16:50\",\"synchtime\":\"2015-05-27 16:53\"},{\"createAt\":\"2015-05-26 11:27\"},{\"createAt\":\"2015-05-26 11:31\",\"synchtime\":\"2015-05-27 20:04\"},{\"createAt\":\"2015-05-26 11:36\"}] at module.js:456:26 Module._compile","timestamp":"2015-05-28 10:13:21.031"}
{"level":"info","message":"[am-privatecloud] listening on port 30000 in  development mode at events.js:180:16 Server.g","timestamp":"2015-05-28 10:13:21.038"}
{"level":"info","message":"[am-privatecloud] listening on port 30000 in  development mode at events.js:180:16 Server.g","timestamp":"2015-05-28 10:50:08.285"}
{"level":"error","message":"记录日志同步信息失败null at fs.js:108:15 Object.oncomplete","timestamp":"2015-05-28 10:50:21.977"}
{"level":"error","message":"记录日志同步信息失败null at fs.js:108:15 Object.oncomplete","timestamp":"2015-05-28 10:51:32.601"}
{"level":"error","message":"download failed  at events.js:98:17 emit","timestamp":"2015-05-28 10:51:49.037"}
{"level":"error","message":"记录日志同步信息失败null at fs.js:108:15 Object.oncomplete","timestamp":"2015-05-28 10:51:49.040"}
{"level":"info","message":"[am-privatecloud] listening on port 30000 in  development mode at events.js:180:16 Server.g","timestamp":"2015-05-28 10:52:41.557"}
{"level":"info","message":"[{\"id\":\"3996eb4aa8ed80b0df71a97404e550f6\",\"name\":\"bh\",\"host\":\"www.buaa.edu.cn\",\"user\":\"555546ddf2f359202cfba0b\",\"createAt\":\"2015-05-23 16:50\"},{\"id\":\"3996eb4aa8ed80b0df71a97404e550f64\",\"name\":\"bh\",\"host\":\"www.buaa.edu.cn\",\"user\":\"555546ddf2f359202cfba0b\",\"createAt\":\"2015-05-24 13:50\"},{\"id\":\"58a8ca3d4a86de7faecc2a26d0c2f470\",\"name\":\"知乎2\",\"host\":\"http://www.zhihu.com/\",\"user\":\"555546ddf2f359202cfba0b\",\"createAt\":\"2015-05-25 16:33\",\"status\":\"\"},{\"id\":\"9d4e4f27c119b06692f20e89de497a79\",\"name\":\"知乎2\",\"host\":\"http://www.zhihu.com/\",\"user\":\"555546ddf2f359202cfba0b\",\"createAt\":\"2015-05-27 16:50\"},{\"id\":\"028c39385368499526f4672f9bc1e04c\",\"name\":\"知乎2\",\"host\":\"http://www.zhihu.com/\",\"user\":\"555546ddf2f359202cfba0b\",\"createAt\":\"2015-05-21 16:50\",\"synchtime\":\"2015-05-27 16:53\",\"detail\":\"同步成功\"},{\"host\":\"www.dffgsgsdgdgdscf分V刹\",\"name\":\"dfgdsfdfdf\",\"id\":\"27ffc5e0-0357-11e5-a9be-ede03492383a\",\"createAt\":\"2015-05-28 10:27\",\"user\":\"555546ddf2f359202cfba0b\",\"synchtime\":\"2015-05-28 10:50\",\"detail\":\"同步失败\"},{\"host\":\"www.dffgsgsdgdgdsc地方d\",\"name\":\"dfgdsfdfdfcf就\",\"id\":\"52011eeb721c5f42dee83bf7ea9f6cc6\",\"user\":\"555546ddf2f359202cfba0b\",\"createAt\":\"2015-05-28 10:31\",\"synchtime\":\"2015-05-28 10:51\",\"detail\":\"同步成功\"}] at /Users/x/privatecloud/node_modules/json-file-db/index.js:68:7 ","timestamp":"2015-05-28 10:52:42.918"}
{"level":"info","message":"[am-privatecloud] listening on port 30000 in  development mode at events.js:180:16 Server.g","timestamp":"2015-05-28 11:10:21.508"}
{"level":"info","message":"[{\"id\":\"3996eb4aa8ed80b0df71a97404e550f6\",\"name\":\"bh\",\"host\":\"www.buaa.edu.cn\",\"user\":\"555546ddf2f359202cfba0b\",\"createAt\":\"2015-05-23 16:50\"},{\"id\":\"3996eb4aa8ed80b0df71a97404e550f64\",\"name\":\"bh\",\"host\":\"www.buaa.edu.cn\",\"user\":\"555546ddf2f359202cfba0b\",\"createAt\":\"2015-05-24 13:50\"},{\"id\":\"58a8ca3d4a86de7faecc2a26d0c2f470\",\"name\":\"知乎2\",\"host\":\"http://www.zhihu.com/\",\"user\":\"555546ddf2f359202cfba0b\",\"createAt\":\"2015-05-25 16:33\",\"status\":\"\"},{\"id\":\"9d4e4f27c119b06692f20e89de497a79\",\"name\":\"知乎2\",\"host\":\"http://www.zhihu.com/\",\"user\":\"555546ddf2f359202cfba0b\",\"createAt\":\"2015-05-27 16:50\"},{\"id\":\"028c39385368499526f4672f9bc1e04c\",\"name\":\"知乎2\",\"host\":\"http://www.zhihu.com/\",\"user\":\"555546ddf2f359202cfba0b\",\"createAt\":\"2015-05-21 16:50\",\"synchtime\":\"2015-05-27 16:53\",\"detail\":\"同步成功\"},{\"host\":\"www.dffgsgsdgdgdscf分V刹\",\"name\":\"dfgdsfdfdf\",\"id\":\"27ffc5e0-0357-11e5-a9be-ede03492383a\",\"createAt\":\"2015-05-28 10:27\",\"user\":\"555546ddf2f359202cfba0b\",\"synchtime\":\"2015-05-28 10:50\",\"detail\":\"同步失败\"},{\"host\":\"www.dffgsgsdgdgdsc地方d\",\"name\":\"dfgdsfdfdfcf就\",\"id\":\"52011eeb721c5f42dee83bf7ea9f6cc6\",\"user\":\"555546ddf2f359202cfba0b\",\"createAt\":\"2015-05-28 10:31\",\"synchtime\":\"2015-05-28 10:51\",\"detail\":\"同步成功\"}] at /Users/x/privatecloud/node_modules/json-file-db/index.js:68:7 ","timestamp":"2015-05-28 11:10:24.009"}
{"level":"info","message":"[{\"id\":\"3996eb4aa8ed80b0df71a97404e550f6\",\"name\":\"bh\",\"host\":\"www.buaa.edu.cn\",\"user\":\"555546ddf2f359202cfba0b\",\"createAt\":\"2015-05-23 16:50\"},{\"id\":\"3996eb4aa8ed80b0df71a97404e550f64\",\"name\":\"bh\",\"host\":\"www.buaa.edu.cn\",\"user\":\"555546ddf2f359202cfba0b\",\"createAt\":\"2015-05-24 13:50\"},{\"id\":\"58a8ca3d4a86de7faecc2a26d0c2f470\",\"name\":\"知乎2\",\"host\":\"http://www.zhihu.com/\",\"user\":\"555546ddf2f359202cfba0b\",\"createAt\":\"2015-05-25 16:33\",\"status\":\"\"},{\"id\":\"9d4e4f27c119b06692f20e89de497a79\",\"name\":\"知乎2\",\"host\":\"http://www.zhihu.com/\",\"user\":\"555546ddf2f359202cfba0b\",\"createAt\":\"2015-05-27 16:50\"},{\"id\":\"028c39385368499526f4672f9bc1e04c\",\"name\":\"知乎2\",\"host\":\"http://www.zhihu.com/\",\"user\":\"555546ddf2f359202cfba0b\",\"createAt\":\"2015-05-21 16:50\",\"synchtime\":\"2015-05-27 16:53\",\"detail\":\"同步成功\"},{\"id\":\"028c39385368499526f4672f9bc1e\",\"createAt\":\"2015-05-21 13:50\",\"info\":\"创建失败\",\"user\":\"555546ddf2f359202cfba0b\"},{\"host\":\"www.dffgsgsdgdgdscf分V刹\",\"name\":\"dfgdsfdfdf\",\"id\":\"27ffc5e0-0357-11e5-a9be-ede03492383a\",\"createAt\":\"2015-05-28 10:27\",\"user\":\"555546ddf2f359202cfba0b\",\"synchtime\":\"2015-05-28 10:50\",\"detail\":\"同步失败\"},{\"host\":\"www.dffgsgsdgdgdsc地方d\",\"name\":\"dfgdsfdfdfcf就\",\"id\":\"52011eeb721c5f42dee83bf7ea9f6cc6\",\"user\":\"555546ddf2f359202cfba0b\",\"createAt\":\"2015-05-28 10:31\",\"synchtime\":\"2015-05-28 10:51\",\"detail\":\"同步成功\"}] at /Users/x/privatecloud/node_modules/json-file-db/index.js:68:7 ","timestamp":"2015-05-28 11:17:08.584"}
{"level":"info","message":"[am-privatecloud] listening on port 30000 in  development mode at events.js:180:16 Server.g","timestamp":"2015-05-28 11:17:14.660"}
{"level":"info","message":"[{\"id\":\"3996eb4aa8ed80b0df71a97404e550f6\",\"name\":\"bh\",\"host\":\"www.buaa.edu.cn\",\"user\":\"555546ddf2f359202cfba0b\",\"createAt\":\"2015-05-23 16:50\"},{\"id\":\"3996eb4aa8ed80b0df71a97404e550f64\",\"name\":\"bh\",\"host\":\"www.buaa.edu.cn\",\"user\":\"555546ddf2f359202cfba0b\",\"createAt\":\"2015-05-24 13:50\"},{\"id\":\"58a8ca3d4a86de7faecc2a26d0c2f470\",\"name\":\"知乎2\",\"host\":\"http://www.zhihu.com/\",\"user\":\"555546ddf2f359202cfba0b\",\"createAt\":\"2015-05-25 16:33\",\"status\":\"\"},{\"id\":\"9d4e4f27c119b06692f20e89de497a79\",\"name\":\"知乎2\",\"host\":\"http://www.zhihu.com/\",\"user\":\"555546ddf2f359202cfba0b\",\"createAt\":\"2015-05-27 16:50\"},{\"id\":\"028c39385368499526f4672f9bc1e04c\",\"name\":\"知乎2\",\"host\":\"http://www.zhihu.com/\",\"user\":\"555546ddf2f359202cfba0b\",\"createAt\":\"2015-05-21 16:50\",\"synchtime\":\"2015-05-27 16:53\",\"detail\":\"同步成功\"},{\"id\":\"028c39385368499526f4672f9bc1e\",\"createAt\":\"2015-05-21 13:50\",\"info\":\"创建失败\",\"user\":\"555546ddf2f359202cfba0b\"},{\"host\":\"www.dffgsgsdgdgdscf分V刹\",\"name\":\"dfgdsfdfdf\",\"id\":\"27ffc5e0-0357-11e5-a9be-ede03492383a\",\"createAt\":\"2015-05-28 10:27\",\"user\":\"555546ddf2f359202cfba0b\",\"synchtime\":\"2015-05-28 10:50\",\"detail\":\"同步失败\"},{\"host\":\"www.dffgsgsdgdgdsc地方d\",\"name\":\"dfgdsfdfdfcf就\",\"id\":\"52011eeb721c5f42dee83bf7ea9f6cc6\",\"user\":\"555546ddf2f359202cfba0b\",\"createAt\":\"2015-05-28 10:31\",\"synchtime\":\"2015-05-28 10:51\",\"detail\":\"同步成功\"}] at /Users/x/privatecloud/node_modules/json-file-db/index.js:68:7 ","timestamp":"2015-05-28 11:17:16.352"}
{"level":"info","message":"[am-privatecloud] listening on port 30000 in  development mode at events.js:180:16 Server.g","timestamp":"2015-05-28 11:18:14.346"}
{"level":"info","message":"[am-privatecloud] listening on port 30000 in  development mode at events.js:180:16 Server.g","timestamp":"2015-05-28 11:18:20.429"}
{"level":"info","message":"[{\"id\":\"3996eb4aa8ed80b0df71a97404e550f6\",\"name\":\"bh\",\"host\":\"www.buaa.edu.cn\",\"user\":\"555546ddf2f359202cfba0b\",\"createAt\":\"2015-05-23 16:50\"},{\"id\":\"3996eb4aa8ed80b0df71a97404e550f64\",\"name\":\"bh\",\"host\":\"www.buaa.edu.cn\",\"user\":\"555546ddf2f359202cfba0b\",\"createAt\":\"2015-05-24 13:50\"},{\"id\":\"58a8ca3d4a86de7faecc2a26d0c2f470\",\"name\":\"知乎2\",\"host\":\"http://www.zhihu.com/\",\"user\":\"555546ddf2f359202cfba0b\",\"createAt\":\"2015-05-25 16:33\",\"status\":\"\"},{\"id\":\"9d4e4f27c119b06692f20e89de497a79\",\"name\":\"知乎2\",\"host\":\"http://www.zhihu.com/\",\"user\":\"555546ddf2f359202cfba0b\",\"createAt\":\"2015-05-27 16:50\"},{\"id\":\"028c39385368499526f4672f9bc1e04c\",\"name\":\"知乎2\",\"host\":\"http://www.zhihu.com/\",\"user\":\"555546ddf2f359202cfba0b\",\"createAt\":\"2015-05-21 16:50\",\"synchtime\":\"2015-05-27 16:53\",\"detail\":\"同步成功\"},{\"id\":\"028c39385368499526f4672f9bc1e23r\",\"createAt\":\"2015-05-21 13:50\",\"info\":\"创建失败\",\"user\":\"555546ddf2f359202cfba0b\"},{\"host\":\"www.dffgsgsdgdgdscf分V刹\",\"name\":\"dfgdsfdfdf\",\"id\":\"27ffc5e0-0357-11e5-a9be-ede03492383a\",\"createAt\":\"2015-05-28 10:27\",\"user\":\"555546ddf2f359202cfba0b\",\"synchtime\":\"2015-05-28 10:50\",\"detail\":\"同步失败\"},{\"host\":\"www.dffgsgsdgdgdsc地方d\",\"name\":\"dfgdsfdfdfcf就\",\"id\":\"52011eeb721c5f42dee83bf7ea9f6cc6\",\"user\":\"555546ddf2f359202cfba0b\",\"createAt\":\"2015-05-28 10:31\",\"synchtime\":\"2015-05-28 10:51\",\"detail\":\"同步成功\"}] at /Users/x/privatecloud/node_modules/json-file-db/index.js:68:7 ","timestamp":"2015-05-28 11:18:21.546"}
{"level":"info","message":"[am-privatecloud] listening on port 30000 in  development mode at events.js:180:16 Server.g","timestamp":"2015-05-28 11:19:51.309"}
{"level":"info","message":"[{\"id\":\"3996eb4aa8ed80b0df71a97404e550f6\",\"name\":\"bh\",\"host\":\"www.buaa.edu.cn\",\"user\":\"555546ddf2f359202cfba0b\",\"createAt\":\"2015-05-23 16:50\"},{\"id\":\"3996eb4aa8ed80b0df71a97404e550f64\",\"name\":\"bh\",\"host\":\"www.buaa.edu.cn\",\"user\":\"555546ddf2f359202cfba0b\",\"createAt\":\"2015-05-24 13:50\"},{\"id\":\"58a8ca3d4a86de7faecc2a26d0c2f470\",\"name\":\"知乎2\",\"host\":\"http://www.zhihu.com/\",\"user\":\"555546ddf2f359202cfba0b\",\"createAt\":\"2015-05-25 16:33\",\"status\":\"\"},{\"id\":\"9d4e4f27c119b06692f20e89de497a79\",\"name\":\"知乎2\",\"host\":\"http://www.zhihu.com/\",\"user\":\"555546ddf2f359202cfba0b\",\"createAt\":\"2015-05-27 16:50\"},{\"id\":\"028c39385368499526f4672f9bc1e04c\",\"name\":\"知乎2\",\"host\":\"http://www.zhihu.com/\",\"user\":\"555546ddf2f359202cfba0b\",\"createAt\":\"2015-05-21 16:50\",\"synchtime\":\"2015-05-27 16:53\",\"detail\":\"同步成功\"},{\"id\":\"028c39385368499526f4672f9bc1e23r\",\"failAt\":\"2015-05-21 13:50\",\"user\":\"555546ddf2f359202cfba0b\"},{\"host\":\"www.dffgsgsdgdgdscf分V刹\",\"name\":\"dfgdsfdfdf\",\"id\":\"27ffc5e0-0357-11e5-a9be-ede03492383a\",\"createAt\":\"2015-05-28 10:27\",\"user\":\"555546ddf2f359202cfba0b\",\"synchtime\":\"2015-05-28 10:50\",\"detail\":\"同步失败\"},{\"host\":\"www.dffgsgsdgdgdsc地方d\",\"name\":\"dfgdsfdfdfcf就\",\"id\":\"52011eeb721c5f42dee83bf7ea9f6cc6\",\"user\":\"555546ddf2f359202cfba0b\",\"createAt\":\"2015-05-28 10:31\",\"synchtime\":\"2015-05-28 10:51\",\"detail\":\"同步成功\"}] at /Users/x/privatecloud/node_modules/json-file-db/index.js:68:7 ","timestamp":"2015-05-28 11:19:52.730"}
{"level":"info","message":"[am-privatecloud] listening on port 30000 in  development mode at events.js:180:16 Server.g","timestamp":"2015-05-28 11:26:56.885"}
{"level":"info","message":"[{\"id\":\"3996eb4aa8ed80b0df71a97404e550f6\",\"name\":\"bh\",\"host\":\"www.buaa.edu.cn\",\"user\":\"555546ddf2f359202cfba0b\",\"createAt\":\"2015-05-23 16:50\"},{\"id\":\"3996eb4aa8ed80b0df71a97404e550f64\",\"name\":\"bh\",\"host\":\"www.buaa.edu.cn\",\"user\":\"555546ddf2f359202cfba0b\",\"createAt\":\"2015-05-24 13:50\"},{\"id\":\"58a8ca3d4a86de7faecc2a26d0c2f470\",\"name\":\"知乎2\",\"host\":\"http://www.zhihu.com/\",\"user\":\"555546ddf2f359202cfba0b\",\"createAt\":\"2015-05-25 16:33\",\"status\":\"\"},{\"id\":\"9d4e4f27c119b06692f20e89de497a79\",\"name\":\"知乎2\",\"host\":\"http://www.zhihu.com/\",\"user\":\"555546ddf2f359202cfba0b\",\"createAt\":\"2015-05-27 16:50\"},{\"id\":\"028c39385368499526f4672f9bc1e04c\",\"name\":\"知乎2\",\"host\":\"http://www.zhihu.com/\",\"user\":\"555546ddf2f359202cfba0b\",\"createAt\":\"2015-05-21 16:50\",\"synchtime\":\"2015-05-27 16:53\",\"detail\":\"同步成功\"},{\"id\":\"028c39385368499526f4672f9bc1e23r\",\"failAt\":\"2015-05-21 13:50\",\"user\":\"555546ddf2f359202cfba0b\"},{\"host\":\"www.dffgsgsdgdgdscf分V刹\",\"name\":\"dfgdsfdfdf\",\"id\":\"27ffc5e0-0357-11e5-a9be-ede03492383a\",\"createAt\":\"2015-05-28 10:27\",\"user\":\"555546ddf2f359202cfba0b\",\"synchtime\":\"2015-05-28 10:50\",\"detail\":\"同步失败\"},{\"host\":\"www.dffgsgsdgdgdsc地方d\",\"name\":\"dfgdsfdfdfcf就\",\"id\":\"52011eeb721c5f42dee83bf7ea9f6cc6\",\"user\":\"555546ddf2f359202cfba0b\",\"createAt\":\"2015-05-28 10:31\",\"synchtime\":\"2015-05-28 10:51\",\"detail\":\"同步成功\"}] at /Users/x/privatecloud/node_modules/json-file-db/index.js:68:7 ","timestamp":"2015-05-28 11:26:59.659"}
{"level":"info","message":"[am-privatecloud] listening on port 30000 in  development mode at events.js:180:16 Server.g","timestamp":"2015-05-28 11:32:53.260"}
{"level":"info","message":"[am-privatecloud] listening on port 30000 in  development mode at events.js:180:16 Server.g","timestamp":"2015-05-28 11:40:35.483"}
{"level":"info","message":"[am-privatecloud] listening on port 30000 in  development mode at events.js:180:16 Server.g","timestamp":"2015-05-28 11:41:02.062"}
{"level":"info","message":"处理后[{\"创建项目成功\":\"2015-05-23 16:50\"},{},{},{\"创建项目成功\":\"2015-05-24 13:50\"},{},{},{\"创建项目成功\":\"2015-05-25 16:33\"},{},{},{\"创建项目成功\":\"2015-05-27 16:50\"},{},{},{\"创建项目成功\":\"2015-05-21 16:50\"},{\"同步成功\":\"同步成功\"},{},{},{},{\"创建项目失败\":\"2015-05-21 13:50\"},{\"创建项目成功\":\"2015-05-28 10:27\"},{\"同步失败\":\"同步失败\"},{},{\"创建项目成功\":\"2015-05-28 10:31\"},{\"同步成功\":\"同步成功\"},{}] at /Users/x/privatecloud/app/controllers/sites.js:147:9 ","timestamp":"2015-05-28 11:41:05.676"}
{"level":"info","message":"[am-privatecloud] listening on port 30000 in  development mode at events.js:180:16 Server.g","timestamp":"2015-05-28 11:42:27.390"}
{"level":"info","message":"处理后[{\"创建项目成功\":\"2015-05-23 16:50\"},{},{\"创建项目成功\":\"2015-05-24 13:50\"},{},{\"创建项目成功\":\"2015-05-25 16:33\"},{},{\"创建项目成功\":\"2015-05-27 16:50\"},{},{\"创建项目成功\":\"2015-05-21 16:50\"},{\"同步成功\":\"同步成功\"},{},{},{\"创建项目成功\":\"2015-05-28 10:27\"},{\"同步失败\":\"同步失败\"},{\"创建项目成功\":\"2015-05-28 10:31\"},{\"同步成功\":\"同步成功\"}] at /Users/x/privatecloud/app/controllers/sites.js:147:9 ","timestamp":"2015-05-28 11:42:33.731"}
{"level":"info","message":"[am-privatecloud] listening on port 30000 in  development mode at events.js:180:16 Server.g","timestamp":"2015-05-28 13:30:23.723"}
{"level":"info","message":"处理后[{\"创建项目成功\":\"2015-05-23 16:50\"},{},{\"创建项目成功\":\"2015-05-24 13:50\"},{},{\"创建项目成功\":\"2015-05-25 16:33\"},{},{\"创建项目成功\":\"2015-05-27 16:50\"},{},{\"创建项目成功\":\"2015-05-21 16:50\"},{\"同步成功\":\"2015-05-27 16:53\"},{},{},{\"创建项目成功\":\"2015-05-28 10:27\"},{\"同步失败\":\"2015-05-28 10:50\"},{\"创建项目成功\":\"2015-05-28 10:31\"},{\"同步成功\":\"2015-05-28 10:51\"}] at /Users/x/privatecloud/app/controllers/sites.js:147:9 ","timestamp":"2015-05-28 13:30:35.482"}
{"level":"info","message":"[am-privatecloud] listening on port 30000 in  development mode at events.js:180:16 Server.g","timestamp":"2015-05-28 13:36:18.212"}
{"level":"info","message":"所有属性createAt at /Users/x/privatecloud/app/controllers/sites.js:147:9 ","timestamp":"2015-05-28 13:36:20.988"}
{"level":"info","message":"所有属性synchtime at /Users/x/privatecloud/app/controllers/sites.js:147:9 ","timestamp":"2015-05-28 13:36:20.989"}
{"level":"info","message":"所有属性detail at /Users/x/privatecloud/app/controllers/sites.js:147:9 ","timestamp":"2015-05-28 13:36:20.990"}
{"level":"info","message":"所有属性createAt at /Users/x/privatecloud/app/controllers/sites.js:147:9 ","timestamp":"2015-05-28 13:36:20.991"}
{"level":"info","message":"所有属性synchtime at /Users/x/privatecloud/app/controllers/sites.js:147:9 ","timestamp":"2015-05-28 13:36:20.992"}
{"level":"info","message":"所有属性detail at /Users/x/privatecloud/app/controllers/sites.js:147:9 ","timestamp":"2015-05-28 13:36:20.993"}
{"level":"info","message":"所有属性createAt at /Users/x/privatecloud/app/controllers/sites.js:147:9 ","timestamp":"2015-05-28 13:36:20.994"}
{"level":"info","message":"所有属性synchtime at /Users/x/privatecloud/app/controllers/sites.js:147:9 ","timestamp":"2015-05-28 13:36:20.995"}
{"level":"info","message":"所有属性detail at /Users/x/privatecloud/app/controllers/sites.js:147:9 ","timestamp":"2015-05-28 13:36:20.997"}
{"level":"info","message":"所有属性createAt at /Users/x/privatecloud/app/controllers/sites.js:147:9 ","timestamp":"2015-05-28 13:36:20.999"}
{"level":"info","message":"所有属性synchtime at /Users/x/privatecloud/app/controllers/sites.js:147:9 ","timestamp":"2015-05-28 13:36:21.000"}
{"level":"info","message":"所有属性detail at /Users/x/privatecloud/app/controllers/sites.js:147:9 ","timestamp":"2015-05-28 13:36:21.002"}
{"level":"info","message":"所有属性createAt at /Users/x/privatecloud/app/controllers/sites.js:147:9 ","timestamp":"2015-05-28 13:36:21.003"}
{"level":"info","message":"所有属性synchtime at /Users/x/privatecloud/app/controllers/sites.js:147:9 ","timestamp":"2015-05-28 13:36:21.004"}
{"level":"info","message":"所有属性detail at /Users/x/privatecloud/app/controllers/sites.js:147:9 ","timestamp":"2015-05-28 13:36:21.005"}
{"level":"info","message":"所有属性createAt at /Users/x/privatecloud/app/controllers/sites.js:147:9 ","timestamp":"2015-05-28 13:36:21.007"}
{"level":"info","message":"所有属性synchtime at /Users/x/privatecloud/app/controllers/sites.js:147:9 ","timestamp":"2015-05-28 13:36:21.008"}
{"level":"info","message":"所有属性detail at /Users/x/privatecloud/app/controllers/sites.js:147:9 ","timestamp":"2015-05-28 13:36:21.009"}
{"level":"info","message":"所有属性createAt at /Users/x/privatecloud/app/controllers/sites.js:147:9 ","timestamp":"2015-05-28 13:36:21.010"}
{"level":"info","message":"所有属性synchtime at /Users/x/privatecloud/app/controllers/sites.js:147:9 ","timestamp":"2015-05-28 13:36:21.011"}
{"level":"info","message":"所有属性detail at /Users/x/privatecloud/app/controllers/sites.js:147:9 ","timestamp":"2015-05-28 13:36:21.012"}
{"level":"info","message":"所有属性createAt at /Users/x/privatecloud/app/controllers/sites.js:147:9 ","timestamp":"2015-05-28 13:36:21.013"}
{"level":"info","message":"所有属性synchtime at /Users/x/privatecloud/app/controllers/sites.js:147:9 ","timestamp":"2015-05-28 13:36:21.013"}
{"level":"info","message":"所有属性detail at /Users/x/privatecloud/app/controllers/sites.js:147:9 ","timestamp":"2015-05-28 13:36:21.014"}
{"level":"info","message":"处理后[{\"创建项目成功\":\"2015-05-23 16:50\"},{},{\"创建项目成功\":\"2015-05-24 13:50\"},{},{\"创建项目成功\":\"2015-05-25 16:33\"},{},{\"创建项目成功\":\"2015-05-27 16:50\"},{},{\"创建项目成功\":\"2015-05-21 16:50\"},{\"同步成功\":\"2015-05-27 16:53\"},{},{},{\"创建项目成功\":\"2015-05-28 10:27\"},{\"同步失败\":\"2015-05-28 10:50\"},{\"创建项目成功\":\"2015-05-28 10:31\"},{\"同步成功\":\"2015-05-28 10:51\"}] at /Users/x/privatecloud/app/controllers/sites.js:147:9 ","timestamp":"2015-05-28 13:36:21.017"}
{"level":"info","message":"所有属性createAt at /Users/x/privatecloud/app/controllers/sites.js:147:9 ","timestamp":"2015-05-28 13:38:09.661"}
{"level":"info","message":"所有属性synchtime at /Users/x/privatecloud/app/controllers/sites.js:147:9 ","timestamp":"2015-05-28 13:38:09.662"}
{"level":"info","message":"所有属性detail at /Users/x/privatecloud/app/controllers/sites.js:147:9 ","timestamp":"2015-05-28 13:38:09.663"}
{"level":"info","message":"所有属性createAt at /Users/x/privatecloud/app/controllers/sites.js:147:9 ","timestamp":"2015-05-28 13:38:09.664"}
{"level":"info","message":"所有属性synchtime at /Users/x/privatecloud/app/controllers/sites.js:147:9 ","timestamp":"2015-05-28 13:38:09.665"}
{"level":"info","message":"所有属性detail at /Users/x/privatecloud/app/controllers/sites.js:147:9 ","timestamp":"2015-05-28 13:38:09.668"}
{"level":"info","message":"所有属性createAt at /Users/x/privatecloud/app/controllers/sites.js:147:9 ","timestamp":"2015-05-28 13:38:09.670"}
{"level":"info","message":"所有属性synchtime at /Users/x/privatecloud/app/controllers/sites.js:147:9 ","timestamp":"2015-05-28 13:38:09.672"}
{"level":"info","message":"所有属性detail at /Users/x/privatecloud/app/controllers/sites.js:147:9 ","timestamp":"2015-05-28 13:38:09.673"}
{"level":"info","message":"所有属性createAt at /Users/x/privatecloud/app/controllers/sites.js:147:9 ","timestamp":"2015-05-28 13:38:09.674"}
{"level":"info","message":"所有属性synchtime at /Users/x/privatecloud/app/controllers/sites.js:147:9 ","timestamp":"2015-05-28 13:38:09.675"}
{"level":"info","message":"所有属性detail at /Users/x/privatecloud/app/controllers/sites.js:147:9 ","timestamp":"2015-05-28 13:38:09.675"}
{"level":"info","message":"所有属性createAt at /Users/x/privatecloud/app/controllers/sites.js:147:9 ","timestamp":"2015-05-28 13:38:09.676"}
{"level":"info","message":"所有属性synchtime at /Users/x/privatecloud/app/controllers/sites.js:147:9 ","timestamp":"2015-05-28 13:38:09.677"}
{"level":"info","message":"所有属性detail at /Users/x/privatecloud/app/controllers/sites.js:147:9 ","timestamp":"2015-05-28 13:38:09.677"}
{"level":"info","message":"所有属性createAt at /Users/x/privatecloud/app/controllers/sites.js:147:9 ","timestamp":"2015-05-28 13:38:09.678"}
{"level":"info","message":"所有属性synchtime at /Users/x/privatecloud/app/controllers/sites.js:147:9 ","timestamp":"2015-05-28 13:38:09.679"}
{"level":"info","message":"所有属性detail at /Users/x/privatecloud/app/controllers/sites.js:147:9 ","timestamp":"2015-05-28 13:38:09.680"}
{"level":"info","message":"所有属性createAt at /Users/x/privatecloud/app/controllers/sites.js:147:9 ","timestamp":"2015-05-28 13:38:09.681"}
{"level":"info","message":"所有属性synchtime at /Users/x/privatecloud/app/controllers/sites.js:147:9 ","timestamp":"2015-05-28 13:38:09.682"}
{"level":"info","message":"所有属性detail at /Users/x/privatecloud/app/controllers/sites.js:147:9 ","timestamp":"2015-05-28 13:38:09.683"}
{"level":"info","message":"所有属性createAt at /Users/x/privatecloud/app/controllers/sites.js:147:9 ","timestamp":"2015-05-28 13:38:09.684"}
{"level":"info","message":"所有属性synchtime at /Users/x/privatecloud/app/controllers/sites.js:147:9 ","timestamp":"2015-05-28 13:38:09.685"}
{"level":"info","message":"所有属性detail at /Users/x/privatecloud/app/controllers/sites.js:147:9 ","timestamp":"2015-05-28 13:38:09.686"}
{"level":"info","message":"处理后[{\"创建项目成功\":\"2015-05-23 16:50\"},{},{\"创建项目成功\":\"2015-05-24 13:50\"},{},{\"创建项目成功\":\"2015-05-25 16:33\"},{},{\"创建项目成功\":\"2015-05-27 16:50\"},{},{\"创建项目成功\":\"2015-05-21 16:50\"},{\"同步成功\":\"2015-05-27 16:53\"},{},{},{\"创建项目成功\":\"2015-05-28 10:27\"},{\"同步失败\":\"2015-05-28 10:50\"},{\"创建项目成功\":\"2015-05-28 10:31\"},{\"同步成功\":\"2015-05-28 10:51\"}] at /Users/x/privatecloud/app/controllers/sites.js:147:9 ","timestamp":"2015-05-28 13:38:09.688"}
{"level":"info","message":"[am-privatecloud] listening on port 30000 in  development mode at events.js:180:16 Server.g","timestamp":"2015-05-28 13:38:13.174"}
{"level":"info","message":"所有属性{\"createAt\":\"2015-05-23 16:50\"}createAt at /Users/x/privatecloud/app/controllers/sites.js:147:9 ","timestamp":"2015-05-28 13:38:15.168"}
{"level":"info","message":"所有属性{\"createAt\":\"2015-05-23 16:50\"}synchtime at /Users/x/privatecloud/app/controllers/sites.js:147:9 ","timestamp":"2015-05-28 13:38:15.169"}
{"level":"info","message":"所有属性{\"createAt\":\"2015-05-23 16:50\"}detail at /Users/x/privatecloud/app/controllers/sites.js:147:9 ","timestamp":"2015-05-28 13:38:15.171"}
{"level":"info","message":"所有属性{\"createAt\":\"2015-05-24 13:50\"}createAt at /Users/x/privatecloud/app/controllers/sites.js:147:9 ","timestamp":"2015-05-28 13:38:15.172"}
{"level":"info","message":"所有属性{\"createAt\":\"2015-05-24 13:50\"}synchtime at /Users/x/privatecloud/app/controllers/sites.js:147:9 ","timestamp":"2015-05-28 13:38:15.173"}
{"level":"info","message":"所有属性{\"createAt\":\"2015-05-24 13:50\"}detail at /Users/x/privatecloud/app/controllers/sites.js:147:9 ","timestamp":"2015-05-28 13:38:15.173"}
{"level":"info","message":"所有属性{\"createAt\":\"2015-05-25 16:33\"}createAt at /Users/x/privatecloud/app/controllers/sites.js:147:9 ","timestamp":"2015-05-28 13:38:15.174"}
{"level":"info","message":"所有属性{\"createAt\":\"2015-05-25 16:33\"}synchtime at /Users/x/privatecloud/app/controllers/sites.js:147:9 ","timestamp":"2015-05-28 13:38:15.175"}
{"level":"info","message":"所有属性{\"createAt\":\"2015-05-25 16:33\"}detail at /Users/x/privatecloud/app/controllers/sites.js:147:9 ","timestamp":"2015-05-28 13:38:15.178"}
{"level":"info","message":"所有属性{\"createAt\":\"2015-05-27 16:50\"}createAt at /Users/x/privatecloud/app/controllers/sites.js:147:9 ","timestamp":"2015-05-28 13:38:15.180"}
{"level":"info","message":"所有属性{\"createAt\":\"2015-05-27 16:50\"}synchtime at /Users/x/privatecloud/app/controllers/sites.js:147:9 ","timestamp":"2015-05-28 13:38:15.182"}
{"level":"info","message":"所有属性{\"createAt\":\"2015-05-27 16:50\"}detail at /Users/x/privatecloud/app/controllers/sites.js:147:9 ","timestamp":"2015-05-28 13:38:15.184"}
{"level":"info","message":"所有属性{\"createAt\":\"2015-05-21 16:50\",\"synchtime\":\"2015-05-27 16:53\",\"detail\":\"同步成功\"}createAt at /Users/x/privatecloud/app/controllers/sites.js:147:9 ","timestamp":"2015-05-28 13:38:15.185"}
{"level":"info","message":"所有属性{\"createAt\":\"2015-05-21 16:50\",\"synchtime\":\"2015-05-27 16:53\",\"detail\":\"同步成功\"}synchtime at /Users/x/privatecloud/app/controllers/sites.js:147:9 ","timestamp":"2015-05-28 13:38:15.186"}
{"level":"info","message":"所有属性{\"createAt\":\"2015-05-21 16:50\",\"synchtime\":\"2015-05-27 16:53\",\"detail\":\"同步成功\"}detail at /Users/x/privatecloud/app/controllers/sites.js:147:9 ","timestamp":"2015-05-28 13:38:15.188"}
{"level":"info","message":"所有属性{\"failAt\":\"2015-05-21 13:50\"}createAt at /Users/x/privatecloud/app/controllers/sites.js:147:9 ","timestamp":"2015-05-28 13:38:15.190"}
{"level":"info","message":"所有属性{\"failAt\":\"2015-05-21 13:50\"}synchtime at /Users/x/privatecloud/app/controllers/sites.js:147:9 ","timestamp":"2015-05-28 13:38:15.191"}
{"level":"info","message":"所有属性{\"failAt\":\"2015-05-21 13:50\"}detail at /Users/x/privatecloud/app/controllers/sites.js:147:9 ","timestamp":"2015-05-28 13:38:15.192"}
{"level":"info","message":"所有属性{\"createAt\":\"2015-05-28 10:27\",\"synchtime\":\"2015-05-28 10:50\",\"detail\":\"同步失败\"}createAt at /Users/x/privatecloud/app/controllers/sites.js:147:9 ","timestamp":"2015-05-28 13:38:15.193"}
{"level":"info","message":"所有属性{\"createAt\":\"2015-05-28 10:27\",\"synchtime\":\"2015-05-28 10:50\",\"detail\":\"同步失败\"}synchtime at /Users/x/privatecloud/app/controllers/sites.js:147:9 ","timestamp":"2015-05-28 13:38:15.194"}
{"level":"info","message":"所有属性{\"createAt\":\"2015-05-28 10:27\",\"synchtime\":\"2015-05-28 10:50\",\"detail\":\"同步失败\"}detail at /Users/x/privatecloud/app/controllers/sites.js:147:9 ","timestamp":"2015-05-28 13:38:15.194"}
{"level":"info","message":"所有属性{\"createAt\":\"2015-05-28 10:31\",\"synchtime\":\"2015-05-28 10:51\",\"detail\":\"同步成功\"}createAt at /Users/x/privatecloud/app/controllers/sites.js:147:9 ","timestamp":"2015-05-28 13:38:15.196"}
{"level":"info","message":"所有属性{\"createAt\":\"2015-05-28 10:31\",\"synchtime\":\"2015-05-28 10:51\",\"detail\":\"同步成功\"}synchtime at /Users/x/privatecloud/app/controllers/sites.js:147:9 ","timestamp":"2015-05-28 13:38:15.196"}
{"level":"info","message":"所有属性{\"createAt\":\"2015-05-28 10:31\",\"synchtime\":\"2015-05-28 10:51\",\"detail\":\"同步成功\"}detail at /Users/x/privatecloud/app/controllers/sites.js:147:9 ","timestamp":"2015-05-28 13:38:15.197"}
{"level":"info","message":"处理后[{\"创建项目成功\":\"2015-05-23 16:50\"},{},{\"创建项目成功\":\"2015-05-24 13:50\"},{},{\"创建项目成功\":\"2015-05-25 16:33\"},{},{\"创建项目成功\":\"2015-05-27 16:50\"},{},{\"创建项目成功\":\"2015-05-21 16:50\"},{\"同步成功\":\"2015-05-27 16:53\"},{},{},{\"创建项目成功\":\"2015-05-28 10:27\"},{\"同步失败\":\"2015-05-28 10:50\"},{\"创建项目成功\":\"2015-05-28 10:31\"},{\"同步成功\":\"2015-05-28 10:51\"}] at /Users/x/privatecloud/app/controllers/sites.js:147:9 ","timestamp":"2015-05-28 13:38:15.199"}
{"level":"info","message":"[am-privatecloud] listening on port 30000 in  development mode at events.js:180:16 Server.g","timestamp":"2015-05-28 13:45:38.866"}
{"level":"info","message":"[am-privatecloud] listening on port 30000 in  development mode at events.js:180:16 Server.g","timestamp":"2015-05-28 13:45:44.853"}
{"level":"info","message":"[am-privatecloud] listening on port 30000 in  development mode at events.js:180:16 Server.g","timestamp":"2015-05-28 13:45:50.987"}
{"level":"info","message":"所有属性{\"createAt\":\"2015-05-23 16:50\"}2015-05-23 16:50 at /Users/x/privatecloud/app/controllers/sites.js:147:9 ","timestamp":"2015-05-28 13:45:52.422"}
{"level":"info","message":"所有属性{\"createAt\":\"2015-05-23 16:50\"}undefined at /Users/x/privatecloud/app/controllers/sites.js:147:9 ","timestamp":"2015-05-28 13:45:52.423"}
{"level":"info","message":"所有属性{\"createAt\":\"2015-05-23 16:50\"}undefined at /Users/x/privatecloud/app/controllers/sites.js:147:9 ","timestamp":"2015-05-28 13:45:52.424"}
{"level":"info","message":"所有属性{\"createAt\":\"2015-05-24 13:50\"}2015-05-24 13:50 at /Users/x/privatecloud/app/controllers/sites.js:147:9 ","timestamp":"2015-05-28 13:45:52.425"}
{"level":"info","message":"所有属性{\"createAt\":\"2015-05-24 13:50\"}undefined at /Users/x/privatecloud/app/controllers/sites.js:147:9 ","timestamp":"2015-05-28 13:45:52.426"}
{"level":"info","message":"所有属性{\"createAt\":\"2015-05-24 13:50\"}undefined at /Users/x/privatecloud/app/controllers/sites.js:147:9 ","timestamp":"2015-05-28 13:45:52.427"}
{"level":"info","message":"所有属性{\"createAt\":\"2015-05-25 16:33\"}2015-05-25 16:33 at /Users/x/privatecloud/app/controllers/sites.js:147:9 ","timestamp":"2015-05-28 13:45:52.428"}
{"level":"info","message":"所有属性{\"createAt\":\"2015-05-25 16:33\"}undefined at /Users/x/privatecloud/app/controllers/sites.js:147:9 ","timestamp":"2015-05-28 13:45:52.429"}
{"level":"info","message":"所有属性{\"createAt\":\"2015-05-25 16:33\"}undefined at /Users/x/privatecloud/app/controllers/sites.js:147:9 ","timestamp":"2015-05-28 13:45:52.430"}
{"level":"info","message":"所有属性{\"createAt\":\"2015-05-27 16:50\"}2015-05-27 16:50 at /Users/x/privatecloud/app/controllers/sites.js:147:9 ","timestamp":"2015-05-28 13:45:52.438"}
{"level":"info","message":"所有属性{\"createAt\":\"2015-05-27 16:50\"}undefined at /Users/x/privatecloud/app/controllers/sites.js:147:9 ","timestamp":"2015-05-28 13:45:52.440"}
{"level":"info","message":"所有属性{\"createAt\":\"2015-05-27 16:50\"}undefined at /Users/x/privatecloud/app/controllers/sites.js:147:9 ","timestamp":"2015-05-28 13:45:52.442"}
{"level":"info","message":"所有属性{\"createAt\":\"2015-05-21 16:50\",\"synchtime\":\"2015-05-27 16:53\",\"detail\":\"同步成功\"}2015-05-21 16:50 at /Users/x/privatecloud/app/controllers/sites.js:147:9 ","timestamp":"2015-05-28 13:45:52.444"}
{"level":"info","message":"所有属性{\"createAt\":\"2015-05-21 16:50\",\"synchtime\":\"2015-05-27 16:53\",\"detail\":\"同步成功\"}2015-05-27 16:53 at /Users/x/privatecloud/app/controllers/sites.js:147:9 ","timestamp":"2015-05-28 13:45:52.445"}
{"level":"info","message":"所有属性{\"createAt\":\"2015-05-21 16:50\",\"synchtime\":\"2015-05-27 16:53\",\"detail\":\"同步成功\"}同步成功 at /Users/x/privatecloud/app/controllers/sites.js:147:9 ","timestamp":"2015-05-28 13:45:52.448"}
{"level":"info","message":"所有属性{\"failAt\":\"2015-05-21 13:50\"}undefined at /Users/x/privatecloud/app/controllers/sites.js:147:9 ","timestamp":"2015-05-28 13:45:52.450"}
{"level":"info","message":"所有属性{\"failAt\":\"2015-05-21 13:50\"}undefined at /Users/x/privatecloud/app/controllers/sites.js:147:9 ","timestamp":"2015-05-28 13:45:52.451"}
{"level":"info","message":"所有属性{\"failAt\":\"2015-05-21 13:50\"}undefined at /Users/x/privatecloud/app/controllers/sites.js:147:9 ","timestamp":"2015-05-28 13:45:52.452"}
{"level":"info","message":"所有属性{\"createAt\":\"2015-05-28 10:27\",\"synchtime\":\"2015-05-28 10:50\",\"detail\":\"同步失败\"}2015-05-28 10:27 at /Users/x/privatecloud/app/controllers/sites.js:147:9 ","timestamp":"2015-05-28 13:45:52.452"}
{"level":"info","message":"所有属性{\"createAt\":\"2015-05-28 10:27\",\"synchtime\":\"2015-05-28 10:50\",\"detail\":\"同步失败\"}2015-05-28 10:50 at /Users/x/privatecloud/app/controllers/sites.js:147:9 ","timestamp":"2015-05-28 13:45:52.453"}
{"level":"info","message":"所有属性{\"createAt\":\"2015-05-28 10:27\",\"synchtime\":\"2015-05-28 10:50\",\"detail\":\"同步失败\"}同步失败 at /Users/x/privatecloud/app/controllers/sites.js:147:9 ","timestamp":"2015-05-28 13:45:52.454"}
{"level":"info","message":"所有属性{\"createAt\":\"2015-05-28 10:31\",\"synchtime\":\"2015-05-28 10:51\",\"detail\":\"同步成功\"}2015-05-28 10:31 at /Users/x/privatecloud/app/controllers/sites.js:147:9 ","timestamp":"2015-05-28 13:45:52.455"}
{"level":"info","message":"所有属性{\"createAt\":\"2015-05-28 10:31\",\"synchtime\":\"2015-05-28 10:51\",\"detail\":\"同步成功\"}2015-05-28 10:51 at /Users/x/privatecloud/app/controllers/sites.js:147:9 ","timestamp":"2015-05-28 13:45:52.456"}
{"level":"info","message":"所有属性{\"createAt\":\"2015-05-28 10:31\",\"synchtime\":\"2015-05-28 10:51\",\"detail\":\"同步成功\"}同步成功 at /Users/x/privatecloud/app/controllers/sites.js:147:9 ","timestamp":"2015-05-28 13:45:52.456"}
{"level":"info","message":"处理后[{\"创建项目成功\":\"2015-05-23 16:50\"},{},{\"创建项目成功\":\"2015-05-24 13:50\"},{},{\"创建项目成功\":\"2015-05-25 16:33\"},{},{\"创建项目成功\":\"2015-05-27 16:50\"},{},{\"创建项目成功\":\"2015-05-21 16:50\"},{\"同步成功\":\"2015-05-27 16:53\"},{},{},{\"创建项目成功\":\"2015-05-28 10:27\"},{\"同步失败\":\"2015-05-28 10:50\"},{\"创建项目成功\":\"2015-05-28 10:31\"},{\"同步成功\":\"2015-05-28 10:51\"}] at /Users/x/privatecloud/app/controllers/sites.js:147:9 ","timestamp":"2015-05-28 13:45:52.458"}
{"level":"info","message":"[am-privatecloud] listening on port 30000 in  development mode at events.js:180:16 Server.g","timestamp":"2015-05-28 13:46:45.322"}
{"level":"info","message":"所有属性{\"createAt\":\"2015-05-23 16:50\"}2015-05-23 16:50 at /Users/x/privatecloud/app/controllers/sites.js:147:9 ","timestamp":"2015-05-28 13:46:49.246"}
{"level":"info","message":"所有属性{\"createAt\":\"2015-05-23 16:50\"}undefined at /Users/x/privatecloud/app/controllers/sites.js:147:9 ","timestamp":"2015-05-28 13:46:49.248"}
{"level":"info","message":"所有属性{\"createAt\":\"2015-05-23 16:50\"}undefined at /Users/x/privatecloud/app/controllers/sites.js:147:9 ","timestamp":"2015-05-28 13:46:49.249"}
{"level":"info","message":"所有属性{\"createAt\":\"2015-05-23 16:50\"}undefined at /Users/x/privatecloud/app/controllers/sites.js:147:9 ","timestamp":"2015-05-28 13:46:49.250"}
{"level":"info","message":"所有属性{\"createAt\":\"2015-05-24 13:50\"}2015-05-24 13:50 at /Users/x/privatecloud/app/controllers/sites.js:147:9 ","timestamp":"2015-05-28 13:46:49.252"}
{"level":"info","message":"所有属性{\"createAt\":\"2015-05-24 13:50\"}undefined at /Users/x/privatecloud/app/controllers/sites.js:147:9 ","timestamp":"2015-05-28 13:46:49.253"}
{"level":"info","message":"所有属性{\"createAt\":\"2015-05-24 13:50\"}undefined at /Users/x/privatecloud/app/controllers/sites.js:147:9 ","timestamp":"2015-05-28 13:46:49.254"}
{"level":"info","message":"所有属性{\"createAt\":\"2015-05-24 13:50\"}undefined at /Users/x/privatecloud/app/controllers/sites.js:147:9 ","timestamp":"2015-05-28 13:46:49.256"}
{"level":"info","message":"所有属性{\"createAt\":\"2015-05-25 16:33\"}2015-05-25 16:33 at /Users/x/privatecloud/app/controllers/sites.js:147:9 ","timestamp":"2015-05-28 13:46:49.259"}
{"level":"info","message":"所有属性{\"createAt\":\"2015-05-25 16:33\"}undefined at /Users/x/privatecloud/app/controllers/sites.js:147:9 ","timestamp":"2015-05-28 13:46:49.261"}
{"level":"info","message":"所有属性{\"createAt\":\"2015-05-25 16:33\"}undefined at /Users/x/privatecloud/app/controllers/sites.js:147:9 ","timestamp":"2015-05-28 13:46:49.262"}
{"level":"info","message":"所有属性{\"createAt\":\"2015-05-25 16:33\"}undefined at /Users/x/privatecloud/app/controllers/sites.js:147:9 ","timestamp":"2015-05-28 13:46:49.263"}
{"level":"info","message":"所有属性{\"createAt\":\"2015-05-27 16:50\"}2015-05-27 16:50 at /Users/x/privatecloud/app/controllers/sites.js:147:9 ","timestamp":"2015-05-28 13:46:49.264"}
{"level":"info","message":"所有属性{\"createAt\":\"2015-05-27 16:50\"}undefined at /Users/x/privatecloud/app/controllers/sites.js:147:9 ","timestamp":"2015-05-28 13:46:49.265"}
{"level":"info","message":"所有属性{\"createAt\":\"2015-05-27 16:50\"}undefined at /Users/x/privatecloud/app/controllers/sites.js:147:9 ","timestamp":"2015-05-28 13:46:49.267"}
{"level":"info","message":"所有属性{\"createAt\":\"2015-05-27 16:50\"}undefined at /Users/x/privatecloud/app/controllers/sites.js:147:9 ","timestamp":"2015-05-28 13:46:49.269"}
{"level":"info","message":"所有属性{\"createAt\":\"2015-05-21 16:50\",\"synchtime\":\"2015-05-27 16:53\",\"detail\":\"同步成功\"}2015-05-21 16:50 at /Users/x/privatecloud/app/controllers/sites.js:147:9 ","timestamp":"2015-05-28 13:46:49.270"}
{"level":"info","message":"所有属性{\"createAt\":\"2015-05-21 16:50\",\"synchtime\":\"2015-05-27 16:53\",\"detail\":\"同步成功\"}2015-05-27 16:53 at /Users/x/privatecloud/app/controllers/sites.js:147:9 ","timestamp":"2015-05-28 13:46:49.270"}
{"level":"info","message":"所有属性{\"createAt\":\"2015-05-21 16:50\",\"synchtime\":\"2015-05-27 16:53\",\"detail\":\"同步成功\"}同步成功 at /Users/x/privatecloud/app/controllers/sites.js:147:9 ","timestamp":"2015-05-28 13:46:49.271"}
{"level":"info","message":"所有属性{\"createAt\":\"2015-05-21 16:50\",\"synchtime\":\"2015-05-27 16:53\",\"detail\":\"同步成功\"}undefined at /Users/x/privatecloud/app/controllers/sites.js:147:9 ","timestamp":"2015-05-28 13:46:49.272"}
{"level":"info","message":"所有属性{\"failAt\":\"2015-05-21 13:50\"}undefined at /Users/x/privatecloud/app/controllers/sites.js:147:9 ","timestamp":"2015-05-28 13:46:49.273"}
{"level":"info","message":"所有属性{\"failAt\":\"2015-05-21 13:50\"}undefined at /Users/x/privatecloud/app/controllers/sites.js:147:9 ","timestamp":"2015-05-28 13:46:49.273"}
{"level":"info","message":"所有属性{\"failAt\":\"2015-05-21 13:50\"}undefined at /Users/x/privatecloud/app/controllers/sites.js:147:9 ","timestamp":"2015-05-28 13:46:49.274"}
{"level":"info","message":"所有属性{\"failAt\":\"2015-05-21 13:50\"}2015-05-21 13:50 at /Users/x/privatecloud/app/controllers/sites.js:147:9 ","timestamp":"2015-05-28 13:46:49.275"}
{"level":"info","message":"所有属性{\"createAt\":\"2015-05-28 10:27\",\"synchtime\":\"2015-05-28 10:50\",\"detail\":\"同步失败\"}2015-05-28 10:27 at /Users/x/privatecloud/app/controllers/sites.js:147:9 ","timestamp":"2015-05-28 13:46:49.276"}
{"level":"info","message":"所有属性{\"createAt\":\"2015-05-28 10:27\",\"synchtime\":\"2015-05-28 10:50\",\"detail\":\"同步失败\"}2015-05-28 10:50 at /Users/x/privatecloud/app/controllers/sites.js:147:9 ","timestamp":"2015-05-28 13:46:49.278"}
{"level":"info","message":"所有属性{\"createAt\":\"2015-05-28 10:27\",\"synchtime\":\"2015-05-28 10:50\",\"detail\":\"同步失败\"}同步失败 at /Users/x/privatecloud/app/controllers/sites.js:147:9 ","timestamp":"2015-05-28 13:46:49.280"}
{"level":"info","message":"所有属性{\"createAt\":\"2015-05-28 10:27\",\"synchtime\":\"2015-05-28 10:50\",\"detail\":\"同步失败\"}undefined at /Users/x/privatecloud/app/controllers/sites.js:147:9 ","timestamp":"2015-05-28 13:46:49.281"}
{"level":"info","message":"所有属性{\"createAt\":\"2015-05-28 10:31\",\"synchtime\":\"2015-05-28 10:51\",\"detail\":\"同步成功\"}2015-05-28 10:31 at /Users/x/privatecloud/app/controllers/sites.js:147:9 ","timestamp":"2015-05-28 13:46:49.281"}
{"level":"info","message":"所有属性{\"createAt\":\"2015-05-28 10:31\",\"synchtime\":\"2015-05-28 10:51\",\"detail\":\"同步成功\"}2015-05-28 10:51 at /Users/x/privatecloud/app/controllers/sites.js:147:9 ","timestamp":"2015-05-28 13:46:49.282"}
{"level":"info","message":"所有属性{\"createAt\":\"2015-05-28 10:31\",\"synchtime\":\"2015-05-28 10:51\",\"detail\":\"同步成功\"}同步成功 at /Users/x/privatecloud/app/controllers/sites.js:147:9 ","timestamp":"2015-05-28 13:46:49.283"}
{"level":"info","message":"所有属性{\"createAt\":\"2015-05-28 10:31\",\"synchtime\":\"2015-05-28 10:51\",\"detail\":\"同步成功\"}undefined at /Users/x/privatecloud/app/controllers/sites.js:147:9 ","timestamp":"2015-05-28 13:46:49.283"}
{"level":"info","message":"处理后[{\"创建项目成功\":\"2015-05-23 16:50\"},{},{},{\"创建项目成功\":\"2015-05-24 13:50\"},{},{},{\"创建项目成功\":\"2015-05-25 16:33\"},{},{},{\"创建项目成功\":\"2015-05-27 16:50\"},{},{},{\"创建项目成功\":\"2015-05-21 16:50\"},{\"同步成功\":\"2015-05-27 16:53\"},{},{},{},{\"创建项目失败\":\"2015-05-21 13:50\"},{\"创建项目成功\":\"2015-05-28 10:27\"},{\"同步失败\":\"2015-05-28 10:50\"},{},{\"创建项目成功\":\"2015-05-28 10:31\"},{\"同步成功\":\"2015-05-28 10:51\"},{}] at /Users/x/privatecloud/app/controllers/sites.js:147:9 ","timestamp":"2015-05-28 13:46:49.285"}
{"level":"info","message":"[am-privatecloud] listening on port 30000 in  development mode at events.js:180:16 Server.g","timestamp":"2015-05-28 13:48:30.255"}
{"level":"info","message":"所有属性{\"createAt\":\"2015-05-23 16:50\"}2015-05-23 16:50 at /Users/x/privatecloud/app/controllers/sites.js:147:9 ","timestamp":"2015-05-28 13:48:32.969"}
{"level":"info","message":"所有属性{\"createAt\":\"2015-05-23 16:50\"}undefined at /Users/x/privatecloud/app/controllers/sites.js:147:9 ","timestamp":"2015-05-28 13:48:32.970"}
{"level":"info","message":"所有属性{\"createAt\":\"2015-05-23 16:50\"}undefined at /Users/x/privatecloud/app/controllers/sites.js:147:9 ","timestamp":"2015-05-28 13:48:32.971"}
{"level":"info","message":"所有属性{\"createAt\":\"2015-05-23 16:50\"}undefined at /Users/x/privatecloud/app/controllers/sites.js:147:9 ","timestamp":"2015-05-28 13:48:32.972"}
{"level":"info","message":"所有属性{\"createAt\":\"2015-05-24 13:50\"}2015-05-24 13:50 at /Users/x/privatecloud/app/controllers/sites.js:147:9 ","timestamp":"2015-05-28 13:48:32.973"}
{"level":"info","message":"所有属性{\"createAt\":\"2015-05-24 13:50\"}undefined at /Users/x/privatecloud/app/controllers/sites.js:147:9 ","timestamp":"2015-05-28 13:48:32.974"}
{"level":"info","message":"所有属性{\"createAt\":\"2015-05-24 13:50\"}undefined at /Users/x/privatecloud/app/controllers/sites.js:147:9 ","timestamp":"2015-05-28 13:48:32.975"}
{"level":"info","message":"所有属性{\"createAt\":\"2015-05-24 13:50\"}undefined at /Users/x/privatecloud/app/controllers/sites.js:147:9 ","timestamp":"2015-05-28 13:48:32.976"}
{"level":"info","message":"所有属性{\"createAt\":\"2015-05-25 16:33\"}2015-05-25 16:33 at /Users/x/privatecloud/app/controllers/sites.js:147:9 ","timestamp":"2015-05-28 13:48:32.983"}
{"level":"info","message":"所有属性{\"createAt\":\"2015-05-25 16:33\"}undefined at /Users/x/privatecloud/app/controllers/sites.js:147:9 ","timestamp":"2015-05-28 13:48:32.984"}
{"level":"info","message":"所有属性{\"createAt\":\"2015-05-25 16:33\"}undefined at /Users/x/privatecloud/app/controllers/sites.js:147:9 ","timestamp":"2015-05-28 13:48:32.985"}
{"level":"info","message":"所有属性{\"createAt\":\"2015-05-25 16:33\"}undefined at /Users/x/privatecloud/app/controllers/sites.js:147:9 ","timestamp":"2015-05-28 13:48:32.987"}
{"level":"info","message":"所有属性{\"createAt\":\"2015-05-27 16:50\"}2015-05-27 16:50 at /Users/x/privatecloud/app/controllers/sites.js:147:9 ","timestamp":"2015-05-28 13:48:32.988"}
{"level":"info","message":"所有属性{\"createAt\":\"2015-05-27 16:50\"}undefined at /Users/x/privatecloud/app/controllers/sites.js:147:9 ","timestamp":"2015-05-28 13:48:32.988"}
{"level":"info","message":"所有属性{\"createAt\":\"2015-05-27 16:50\"}undefined at /Users/x/privatecloud/app/controllers/sites.js:147:9 ","timestamp":"2015-05-28 13:48:32.990"}
{"level":"info","message":"所有属性{\"createAt\":\"2015-05-27 16:50\"}undefined at /Users/x/privatecloud/app/controllers/sites.js:147:9 ","timestamp":"2015-05-28 13:48:32.992"}
{"level":"info","message":"所有属性{\"createAt\":\"2015-05-21 16:50\",\"synchtime\":\"2015-05-27 16:53\",\"detail\":\"同步成功\"}2015-05-21 16:50 at /Users/x/privatecloud/app/controllers/sites.js:147:9 ","timestamp":"2015-05-28 13:48:32.993"}
{"level":"info","message":"所有属性{\"createAt\":\"2015-05-21 16:50\",\"synchtime\":\"2015-05-27 16:53\",\"detail\":\"同步成功\"}2015-05-27 16:53 at /Users/x/privatecloud/app/controllers/sites.js:147:9 ","timestamp":"2015-05-28 13:48:32.994"}
{"level":"info","message":"所有属性{\"createAt\":\"2015-05-21 16:50\",\"synchtime\":\"2015-05-27 16:53\",\"detail\":\"同步成功\"}同步成功 at /Users/x/privatecloud/app/controllers/sites.js:147:9 ","timestamp":"2015-05-28 13:48:32.995"}
{"level":"info","message":"所有属性{\"createAt\":\"2015-05-21 16:50\",\"synchtime\":\"2015-05-27 16:53\",\"detail\":\"同步成功\"}undefined at /Users/x/privatecloud/app/controllers/sites.js:147:9 ","timestamp":"2015-05-28 13:48:32.996"}
{"level":"info","message":"所有属性{\"failAt\":\"2015-05-21 13:50\"}undefined at /Users/x/privatecloud/app/controllers/sites.js:147:9 ","timestamp":"2015-05-28 13:48:32.997"}
{"level":"info","message":"所有属性{\"failAt\":\"2015-05-21 13:50\"}undefined at /Users/x/privatecloud/app/controllers/sites.js:147:9 ","timestamp":"2015-05-28 13:48:32.998"}
{"level":"info","message":"所有属性{\"failAt\":\"2015-05-21 13:50\"}undefined at /Users/x/privatecloud/app/controllers/sites.js:147:9 ","timestamp":"2015-05-28 13:48:32.999"}
{"level":"info","message":"所有属性{\"failAt\":\"2015-05-21 13:50\"}2015-05-21 13:50 at /Users/x/privatecloud/app/controllers/sites.js:147:9 ","timestamp":"2015-05-28 13:48:33.000"}
{"level":"info","message":"所有属性{\"createAt\":\"2015-05-28 10:27\",\"synchtime\":\"2015-05-28 10:50\",\"detail\":\"同步失败\"}2015-05-28 10:27 at /Users/x/privatecloud/app/controllers/sites.js:147:9 ","timestamp":"2015-05-28 13:48:33.002"}
{"level":"info","message":"所有属性{\"createAt\":\"2015-05-28 10:27\",\"synchtime\":\"2015-05-28 10:50\",\"detail\":\"同步失败\"}2015-05-28 10:50 at /Users/x/privatecloud/app/controllers/sites.js:147:9 ","timestamp":"2015-05-28 13:48:33.003"}
{"level":"info","message":"所有属性{\"createAt\":\"2015-05-28 10:27\",\"synchtime\":\"2015-05-28 10:50\",\"detail\":\"同步失败\"}同步失败 at /Users/x/privatecloud/app/controllers/sites.js:147:9 ","timestamp":"2015-05-28 13:48:33.005"}
{"level":"info","message":"所有属性{\"createAt\":\"2015-05-28 10:27\",\"synchtime\":\"2015-05-28 10:50\",\"detail\":\"同步失败\"}undefined at /Users/x/privatecloud/app/controllers/sites.js:147:9 ","timestamp":"2015-05-28 13:48:33.006"}
{"level":"info","message":"所有属性{\"createAt\":\"2015-05-28 10:31\",\"synchtime\":\"2015-05-28 10:51\",\"detail\":\"同步成功\"}2015-05-28 10:31 at /Users/x/privatecloud/app/controllers/sites.js:147:9 ","timestamp":"2015-05-28 13:48:33.006"}
{"level":"info","message":"所有属性{\"createAt\":\"2015-05-28 10:31\",\"synchtime\":\"2015-05-28 10:51\",\"detail\":\"同步成功\"}2015-05-28 10:51 at /Users/x/privatecloud/app/controllers/sites.js:147:9 ","timestamp":"2015-05-28 13:48:33.007"}
{"level":"info","message":"所有属性{\"createAt\":\"2015-05-28 10:31\",\"synchtime\":\"2015-05-28 10:51\",\"detail\":\"同步成功\"}同步成功 at /Users/x/privatecloud/app/controllers/sites.js:147:9 ","timestamp":"2015-05-28 13:48:33.008"}
{"level":"info","message":"所有属性{\"createAt\":\"2015-05-28 10:31\",\"synchtime\":\"2015-05-28 10:51\",\"detail\":\"同步成功\"}undefined at /Users/x/privatecloud/app/controllers/sites.js:147:9 ","timestamp":"2015-05-28 13:48:33.009"}
{"level":"info","message":"处理后[{\"创建项目成功\":\"2015-05-23 16:50\"},{},{},{\"创建项目成功\":\"2015-05-24 13:50\"},{},{},{\"创建项目成功\":\"2015-05-25 16:33\"},{},{},{\"创建项目成功\":\"2015-05-27 16:50\"},{},{},{\"创建项目成功\":\"2015-05-21 16:50\"},{\"同步成功\":\"2015-05-27 16:53\"},{},{},{},{\"创建项目失败\":\"2015-05-21 13:50\"},{\"创建项目成功\":\"2015-05-28 10:27\"},{\"同步失败\":\"2015-05-28 10:50\"},{},{\"创建项目成功\":\"2015-05-28 10:31\"},{\"同步成功\":\"2015-05-28 10:51\"},{}] at /Users/x/privatecloud/app/controllers/sites.js:147:9 ","timestamp":"2015-05-28 13:48:33.010"}
{"level":"info","message":"[am-privatecloud] listening on port 30000 in  development mode at events.js:180:16 Server.g","timestamp":"2015-05-28 13:48:58.992"}
{"level":"info","message":"所有属性{\"createAt\":\"2015-05-23 16:50\"}2015-05-23 16:50 at /Users/x/privatecloud/app/controllers/sites.js:147:9 ","timestamp":"2015-05-28 13:49:01.320"}
{"level":"info","message":"所有属性{\"createAt\":\"2015-05-23 16:50\"}undefined at /Users/x/privatecloud/app/controllers/sites.js:147:9 ","timestamp":"2015-05-28 13:49:01.321"}
{"level":"info","message":"所有属性{\"createAt\":\"2015-05-23 16:50\"}undefined at /Users/x/privatecloud/app/controllers/sites.js:147:9 ","timestamp":"2015-05-28 13:49:01.322"}
{"level":"info","message":"所有属性{\"createAt\":\"2015-05-23 16:50\"}undefined at /Users/x/privatecloud/app/controllers/sites.js:147:9 ","timestamp":"2015-05-28 13:49:01.323"}
{"level":"info","message":"所有属性{\"createAt\":\"2015-05-24 13:50\"}2015-05-24 13:50 at /Users/x/privatecloud/app/controllers/sites.js:147:9 ","timestamp":"2015-05-28 13:49:01.323"}
{"level":"info","message":"所有属性{\"createAt\":\"2015-05-24 13:50\"}undefined at /Users/x/privatecloud/app/controllers/sites.js:147:9 ","timestamp":"2015-05-28 13:49:01.324"}
{"level":"info","message":"所有属性{\"createAt\":\"2015-05-24 13:50\"}undefined at /Users/x/privatecloud/app/controllers/sites.js:147:9 ","timestamp":"2015-05-28 13:49:01.325"}
{"level":"info","message":"所有属性{\"createAt\":\"2015-05-24 13:50\"}undefined at /Users/x/privatecloud/app/controllers/sites.js:147:9 ","timestamp":"2015-05-28 13:49:01.326"}
{"level":"info","message":"所有属性{\"createAt\":\"2015-05-25 16:33\"}2015-05-25 16:33 at /Users/x/privatecloud/app/controllers/sites.js:147:9 ","timestamp":"2015-05-28 13:49:01.327"}
{"level":"info","message":"所有属性{\"createAt\":\"2015-05-25 16:33\"}undefined at /Users/x/privatecloud/app/controllers/sites.js:147:9 ","timestamp":"2015-05-28 13:49:01.328"}
{"level":"info","message":"所有属性{\"createAt\":\"2015-05-25 16:33\"}undefined at /Users/x/privatecloud/app/controllers/sites.js:147:9 ","timestamp":"2015-05-28 13:49:01.329"}
{"level":"info","message":"所有属性{\"createAt\":\"2015-05-25 16:33\"}undefined at /Users/x/privatecloud/app/controllers/sites.js:147:9 ","timestamp":"2015-05-28 13:49:01.331"}
{"level":"info","message":"所有属性{\"createAt\":\"2015-05-27 16:50\"}2015-05-27 16:50 at /Users/x/privatecloud/app/controllers/sites.js:147:9 ","timestamp":"2015-05-28 13:49:01.334"}
{"level":"info","message":"所有属性{\"createAt\":\"2015-05-27 16:50\"}undefined at /Users/x/privatecloud/app/controllers/sites.js:147:9 ","timestamp":"2015-05-28 13:49:01.336"}
{"level":"info","message":"所有属性{\"createAt\":\"2015-05-27 16:50\"}undefined at /Users/x/privatecloud/app/controllers/sites.js:147:9 ","timestamp":"2015-05-28 13:49:01.338"}
{"level":"info","message":"所有属性{\"createAt\":\"2015-05-27 16:50\"}undefined at /Users/x/privatecloud/app/controllers/sites.js:147:9 ","timestamp":"2015-05-28 13:49:01.341"}
{"level":"info","message":"所有属性{\"createAt\":\"2015-05-21 16:50\",\"synchtime\":\"2015-05-27 16:53\",\"detail\":\"同步成功\"}2015-05-21 16:50 at /Users/x/privatecloud/app/controllers/sites.js:147:9 ","timestamp":"2015-05-28 13:49:01.343"}
{"level":"info","message":"所有属性{\"createAt\":\"2015-05-21 16:50\",\"synchtime\":\"2015-05-27 16:53\",\"detail\":\"同步成功\"}2015-05-27 16:53 at /Users/x/privatecloud/app/controllers/sites.js:147:9 ","timestamp":"2015-05-28 13:49:01.344"}
{"level":"info","message":"所有属性{\"createAt\":\"2015-05-21 16:50\",\"synchtime\":\"2015-05-27 16:53\",\"detail\":\"同步成功\"}同步成功 at /Users/x/privatecloud/app/controllers/sites.js:147:9 ","timestamp":"2015-05-28 13:49:01.345"}
{"level":"info","message":"所有属性{\"createAt\":\"2015-05-21 16:50\",\"synchtime\":\"2015-05-27 16:53\",\"detail\":\"同步成功\"}undefined at /Users/x/privatecloud/app/controllers/sites.js:147:9 ","timestamp":"2015-05-28 13:49:01.345"}
{"level":"info","message":"所有属性{\"failAt\":\"2015-05-21 13:50\"}undefined at /Users/x/privatecloud/app/controllers/sites.js:147:9 ","timestamp":"2015-05-28 13:49:01.346"}
{"level":"info","message":"所有属性{\"failAt\":\"2015-05-21 13:50\"}undefined at /Users/x/privatecloud/app/controllers/sites.js:147:9 ","timestamp":"2015-05-28 13:49:01.347"}
{"level":"info","message":"所有属性{\"failAt\":\"2015-05-21 13:50\"}undefined at /Users/x/privatecloud/app/controllers/sites.js:147:9 ","timestamp":"2015-05-28 13:49:01.348"}
{"level":"info","message":"所有属性{\"failAt\":\"2015-05-21 13:50\"}2015-05-21 13:50 at /Users/x/privatecloud/app/controllers/sites.js:147:9 ","timestamp":"2015-05-28 13:49:01.348"}
{"level":"info","message":"所有属性{\"createAt\":\"2015-05-28 10:27\",\"synchtime\":\"2015-05-28 10:50\",\"detail\":\"同步失败\"}2015-05-28 10:27 at /Users/x/privatecloud/app/controllers/sites.js:147:9 ","timestamp":"2015-05-28 13:49:01.349"}
{"level":"info","message":"所有属性{\"createAt\":\"2015-05-28 10:27\",\"synchtime\":\"2015-05-28 10:50\",\"detail\":\"同步失败\"}2015-05-28 10:50 at /Users/x/privatecloud/app/controllers/sites.js:147:9 ","timestamp":"2015-05-28 13:49:01.350"}
{"level":"info","message":"所有属性{\"createAt\":\"2015-05-28 10:27\",\"synchtime\":\"2015-05-28 10:50\",\"detail\":\"同步失败\"}同步失败 at /Users/x/privatecloud/app/controllers/sites.js:147:9 ","timestamp":"2015-05-28 13:49:01.352"}
{"level":"info","message":"所有属性{\"createAt\":\"2015-05-28 10:27\",\"synchtime\":\"2015-05-28 10:50\",\"detail\":\"同步失败\"}undefined at /Users/x/privatecloud/app/controllers/sites.js:147:9 ","timestamp":"2015-05-28 13:49:01.353"}
{"level":"info","message":"所有属性{\"createAt\":\"2015-05-28 10:31\",\"synchtime\":\"2015-05-28 10:51\",\"detail\":\"同步成功\"}2015-05-28 10:31 at /Users/x/privatecloud/app/controllers/sites.js:147:9 ","timestamp":"2015-05-28 13:49:01.353"}
{"level":"info","message":"所有属性{\"createAt\":\"2015-05-28 10:31\",\"synchtime\":\"2015-05-28 10:51\",\"detail\":\"同步成功\"}2015-05-28 10:51 at /Users/x/privatecloud/app/controllers/sites.js:147:9 ","timestamp":"2015-05-28 13:49:01.354"}
{"level":"info","message":"所有属性{\"createAt\":\"2015-05-28 10:31\",\"synchtime\":\"2015-05-28 10:51\",\"detail\":\"同步成功\"}同步成功 at /Users/x/privatecloud/app/controllers/sites.js:147:9 ","timestamp":"2015-05-28 13:49:01.355"}
{"level":"info","message":"所有属性{\"createAt\":\"2015-05-28 10:31\",\"synchtime\":\"2015-05-28 10:51\",\"detail\":\"同步成功\"}undefined at /Users/x/privatecloud/app/controllers/sites.js:147:9 ","timestamp":"2015-05-28 13:49:01.356"}
{"level":"info","message":"处理后[{\"创建项目成功\":\"2015-05-23 16:50\"},{},{},{\"创建项目成功\":\"2015-05-24 13:50\"},{},{},{\"创建项目成功\":\"2015-05-25 16:33\"},{},{},{\"创建项目成功\":\"2015-05-27 16:50\"},{},{},{\"创建项目成功\":\"2015-05-21 16:50\"},{\"同步成功\":\"2015-05-27 16:53\"},{},{},{},{\"创建项目失败\":\"2015-05-21 13:50\"},{\"创建项目成功\":\"2015-05-28 10:27\"},{\"同步失败\":\"2015-05-28 10:50\"},{},{\"创建项目成功\":\"2015-05-28 10:31\"},{\"同步成功\":\"2015-05-28 10:51\"},{}] at /Users/x/privatecloud/app/controllers/sites.js:147:9 ","timestamp":"2015-05-28 13:49:01.358"}
{"level":"info","message":"[am-privatecloud] listening on port 30000 in  development mode at events.js:180:16 Server.g","timestamp":"2015-05-28 13:50:57.687"}
{"level":"info","message":"所有属性{\"createAt\":\"2015-05-23 16:50\"}2015-05-23 16:50 at /Users/x/privatecloud/app/controllers/sites.js:147:9 ","timestamp":"2015-05-28 13:50:59.583"}
{"level":"info","message":"所有属性{\"createAt\":\"2015-05-23 16:50\"}undefined at /Users/x/privatecloud/app/controllers/sites.js:147:9 ","timestamp":"2015-05-28 13:50:59.584"}
{"level":"info","message":"所有属性{\"createAt\":\"2015-05-23 16:50\"}undefined at /Users/x/privatecloud/app/controllers/sites.js:147:9 ","timestamp":"2015-05-28 13:50:59.586"}
{"level":"info","message":"所有属性{\"createAt\":\"2015-05-24 13:50\"}2015-05-24 13:50 at /Users/x/privatecloud/app/controllers/sites.js:147:9 ","timestamp":"2015-05-28 13:50:59.586"}
{"level":"info","message":"所有属性{\"createAt\":\"2015-05-24 13:50\"}undefined at /Users/x/privatecloud/app/controllers/sites.js:147:9 ","timestamp":"2015-05-28 13:50:59.587"}
{"level":"info","message":"所有属性{\"createAt\":\"2015-05-24 13:50\"}undefined at /Users/x/privatecloud/app/controllers/sites.js:147:9 ","timestamp":"2015-05-28 13:50:59.589"}
{"level":"info","message":"所有属性{\"createAt\":\"2015-05-25 16:33\"}2015-05-25 16:33 at /Users/x/privatecloud/app/controllers/sites.js:147:9 ","timestamp":"2015-05-28 13:50:59.590"}
{"level":"info","message":"所有属性{\"createAt\":\"2015-05-25 16:33\"}undefined at /Users/x/privatecloud/app/controllers/sites.js:147:9 ","timestamp":"2015-05-28 13:50:59.590"}
{"level":"info","message":"所有属性{\"createAt\":\"2015-05-25 16:33\"}undefined at /Users/x/privatecloud/app/controllers/sites.js:147:9 ","timestamp":"2015-05-28 13:50:59.596"}
{"level":"info","message":"所有属性{\"createAt\":\"2015-05-27 16:50\"}2015-05-27 16:50 at /Users/x/privatecloud/app/controllers/sites.js:147:9 ","timestamp":"2015-05-28 13:50:59.598"}
{"level":"info","message":"所有属性{\"createAt\":\"2015-05-27 16:50\"}undefined at /Users/x/privatecloud/app/controllers/sites.js:147:9 ","timestamp":"2015-05-28 13:50:59.600"}
{"level":"info","message":"所有属性{\"createAt\":\"2015-05-27 16:50\"}undefined at /Users/x/privatecloud/app/controllers/sites.js:147:9 ","timestamp":"2015-05-28 13:50:59.602"}
{"level":"info","message":"所有属性{\"createAt\":\"2015-05-21 16:50\",\"synchtime\":\"2015-05-27 16:53\",\"detail\":\"同步成功\"}2015-05-21 16:50 at /Users/x/privatecloud/app/controllers/sites.js:147:9 ","timestamp":"2015-05-28 13:50:59.602"}
{"level":"info","message":"所有属性{\"createAt\":\"2015-05-21 16:50\",\"synchtime\":\"2015-05-27 16:53\",\"detail\":\"同步成功\"}2015-05-27 16:53 at /Users/x/privatecloud/app/controllers/sites.js:147:9 ","timestamp":"2015-05-28 13:50:59.603"}
{"level":"info","message":"所有属性{\"createAt\":\"2015-05-21 16:50\",\"synchtime\":\"2015-05-27 16:53\",\"detail\":\"同步成功\"}同步成功 at /Users/x/privatecloud/app/controllers/sites.js:147:9 ","timestamp":"2015-05-28 13:50:59.605"}
{"level":"info","message":"所有属性{\"createAt\":\"2015-05-21 16:50\",\"synchtime\":\"2015-05-27 16:53\",\"detail\":\"同步成功\"}undefined at /Users/x/privatecloud/app/controllers/sites.js:147:9 ","timestamp":"2015-05-28 13:50:59.607"}
{"level":"info","message":"所有属性{\"failAt\":\"2015-05-21 13:50\"}undefined at /Users/x/privatecloud/app/controllers/sites.js:147:9 ","timestamp":"2015-05-28 13:50:59.609"}
{"level":"info","message":"所有属性{\"failAt\":\"2015-05-21 13:50\"}undefined at /Users/x/privatecloud/app/controllers/sites.js:147:9 ","timestamp":"2015-05-28 13:50:59.609"}
{"level":"info","message":"所有属性{\"failAt\":\"2015-05-21 13:50\"}undefined at /Users/x/privatecloud/app/controllers/sites.js:147:9 ","timestamp":"2015-05-28 13:50:59.610"}
{"level":"info","message":"所有属性{\"createAt\":\"2015-05-28 10:27\",\"synchtime\":\"2015-05-28 10:50\",\"detail\":\"同步失败\"}2015-05-28 10:27 at /Users/x/privatecloud/app/controllers/sites.js:147:9 ","timestamp":"2015-05-28 13:50:59.611"}
{"level":"info","message":"所有属性{\"createAt\":\"2015-05-28 10:27\",\"synchtime\":\"2015-05-28 10:50\",\"detail\":\"同步失败\"}2015-05-28 10:50 at /Users/x/privatecloud/app/controllers/sites.js:147:9 ","timestamp":"2015-05-28 13:50:59.612"}
{"level":"info","message":"所有属性{\"createAt\":\"2015-05-28 10:27\",\"synchtime\":\"2015-05-28 10:50\",\"detail\":\"同步失败\"}同步失败 at /Users/x/privatecloud/app/controllers/sites.js:147:9 ","timestamp":"2015-05-28 13:50:59.612"}
{"level":"info","message":"所有属性{\"createAt\":\"2015-05-28 10:27\",\"synchtime\":\"2015-05-28 10:50\",\"detail\":\"同步失败\"}undefined at /Users/x/privatecloud/app/controllers/sites.js:147:9 ","timestamp":"2015-05-28 13:50:59.613"}
{"level":"info","message":"所有属性{\"createAt\":\"2015-05-28 10:31\",\"synchtime\":\"2015-05-28 10:51\",\"detail\":\"同步成功\"}2015-05-28 10:31 at /Users/x/privatecloud/app/controllers/sites.js:147:9 ","timestamp":"2015-05-28 13:50:59.614"}
{"level":"info","message":"所有属性{\"createAt\":\"2015-05-28 10:31\",\"synchtime\":\"2015-05-28 10:51\",\"detail\":\"同步成功\"}2015-05-28 10:51 at /Users/x/privatecloud/app/controllers/sites.js:147:9 ","timestamp":"2015-05-28 13:50:59.614"}
{"level":"info","message":"所有属性{\"createAt\":\"2015-05-28 10:31\",\"synchtime\":\"2015-05-28 10:51\",\"detail\":\"同步成功\"}同步成功 at /Users/x/privatecloud/app/controllers/sites.js:147:9 ","timestamp":"2015-05-28 13:50:59.615"}
{"level":"info","message":"所有属性{\"createAt\":\"2015-05-28 10:31\",\"synchtime\":\"2015-05-28 10:51\",\"detail\":\"同步成功\"}undefined at /Users/x/privatecloud/app/controllers/sites.js:147:9 ","timestamp":"2015-05-28 13:50:59.617"}
{"level":"info","message":"处理后[{\"创建项目成功\":\"2015-05-23 16:50\"},{},{\"创建项目成功\":\"2015-05-24 13:50\"},{},{\"创建项目成功\":\"2015-05-25 16:33\"},{},{\"创建项目成功\":\"2015-05-27 16:50\"},{},{\"创建项目成功\":\"2015-05-21 16:50\"},{\"同步成功\":\"2015-05-27 16:53\"},{},{},{},{\"创建项目成功\":\"2015-05-28 10:27\"},{\"同步失败\":\"2015-05-28 10:50\"},{},{\"创建项目成功\":\"2015-05-28 10:31\"},{\"同步成功\":\"2015-05-28 10:51\"},{}] at /Users/x/privatecloud/app/controllers/sites.js:147:9 ","timestamp":"2015-05-28 13:50:59.618"}
{"level":"info","message":"[am-privatecloud] listening on port 30000 in  development mode at events.js:180:16 Server.g","timestamp":"2015-05-28 13:52:03.471"}
{"level":"info","message":"所有属性{\"createAt\":\"2015-05-23 16:50\"}2015-05-23 16:50 at /Users/x/privatecloud/app/controllers/sites.js:147:9 ","timestamp":"2015-05-28 13:52:05.485"}
{"level":"info","message":"所有属性{\"createAt\":\"2015-05-23 16:50\"}undefined at /Users/x/privatecloud/app/controllers/sites.js:147:9 ","timestamp":"2015-05-28 13:52:05.486"}
{"level":"info","message":"所有属性{\"createAt\":\"2015-05-23 16:50\"}undefined at /Users/x/privatecloud/app/controllers/sites.js:147:9 ","timestamp":"2015-05-28 13:52:05.488"}
{"level":"info","message":"所有属性{\"createAt\":\"2015-05-24 13:50\"}2015-05-24 13:50 at /Users/x/privatecloud/app/controllers/sites.js:147:9 ","timestamp":"2015-05-28 13:52:05.489"}
{"level":"info","message":"所有属性{\"createAt\":\"2015-05-24 13:50\"}undefined at /Users/x/privatecloud/app/controllers/sites.js:147:9 ","timestamp":"2015-05-28 13:52:05.490"}
{"level":"info","message":"所有属性{\"createAt\":\"2015-05-24 13:50\"}undefined at /Users/x/privatecloud/app/controllers/sites.js:147:9 ","timestamp":"2015-05-28 13:52:05.491"}
{"level":"info","message":"所有属性{\"createAt\":\"2015-05-25 16:33\"}2015-05-25 16:33 at /Users/x/privatecloud/app/controllers/sites.js:147:9 ","timestamp":"2015-05-28 13:52:05.492"}
{"level":"info","message":"所有属性{\"createAt\":\"2015-05-25 16:33\"}undefined at /Users/x/privatecloud/app/controllers/sites.js:147:9 ","timestamp":"2015-05-28 13:52:05.492"}
{"level":"info","message":"所有属性{\"createAt\":\"2015-05-25 16:33\"}undefined at /Users/x/privatecloud/app/controllers/sites.js:147:9 ","timestamp":"2015-05-28 13:52:05.494"}
{"level":"info","message":"所有属性{\"createAt\":\"2015-05-27 16:50\"}2015-05-27 16:50 at /Users/x/privatecloud/app/controllers/sites.js:147:9 ","timestamp":"2015-05-28 13:52:05.496"}
{"level":"info","message":"所有属性{\"createAt\":\"2015-05-27 16:50\"}undefined at /Users/x/privatecloud/app/controllers/sites.js:147:9 ","timestamp":"2015-05-28 13:52:05.497"}
{"level":"info","message":"所有属性{\"createAt\":\"2015-05-27 16:50\"}undefined at /Users/x/privatecloud/app/controllers/sites.js:147:9 ","timestamp":"2015-05-28 13:52:05.498"}
{"level":"info","message":"所有属性{\"createAt\":\"2015-05-21 16:50\",\"synchtime\":\"2015-05-27 16:53\",\"detail\":\"同步成功\"}2015-05-21 16:50 at /Users/x/privatecloud/app/controllers/sites.js:147:9 ","timestamp":"2015-05-28 13:52:05.499"}
{"level":"info","message":"所有属性{\"createAt\":\"2015-05-21 16:50\",\"synchtime\":\"2015-05-27 16:53\",\"detail\":\"同步成功\"}2015-05-27 16:53 at /Users/x/privatecloud/app/controllers/sites.js:147:9 ","timestamp":"2015-05-28 13:52:05.500"}
{"level":"info","message":"所有属性{\"createAt\":\"2015-05-21 16:50\",\"synchtime\":\"2015-05-27 16:53\",\"detail\":\"同步成功\"}同步成功 at /Users/x/privatecloud/app/controllers/sites.js:147:9 ","timestamp":"2015-05-28 13:52:05.502"}
{"level":"info","message":"所有属性{\"createAt\":\"2015-05-21 16:50\",\"synchtime\":\"2015-05-27 16:53\",\"detail\":\"同步成功\"}undefined at /Users/x/privatecloud/app/controllers/sites.js:147:9 ","timestamp":"2015-05-28 13:52:05.506"}
{"level":"info","message":"所有属性{\"failAt\":\"2015-05-21 13:50\"}undefined at /Users/x/privatecloud/app/controllers/sites.js:147:9 ","timestamp":"2015-05-28 13:52:05.508"}
{"level":"info","message":"所有属性{\"failAt\":\"2015-05-21 13:50\"}undefined at /Users/x/privatecloud/app/controllers/sites.js:147:9 ","timestamp":"2015-05-28 13:52:05.509"}
{"level":"info","message":"所有属性{\"failAt\":\"2015-05-21 13:50\"}undefined at /Users/x/privatecloud/app/controllers/sites.js:147:9 ","timestamp":"2015-05-28 13:52:05.510"}
{"level":"info","message":"所有属性{\"createAt\":\"2015-05-28 10:27\",\"synchtime\":\"2015-05-28 10:50\",\"detail\":\"同步失败\"}2015-05-28 10:27 at /Users/x/privatecloud/app/controllers/sites.js:147:9 ","timestamp":"2015-05-28 13:52:05.512"}
{"level":"info","message":"所有属性{\"createAt\":\"2015-05-28 10:27\",\"synchtime\":\"2015-05-28 10:50\",\"detail\":\"同步失败\"}2015-05-28 10:50 at /Users/x/privatecloud/app/controllers/sites.js:147:9 ","timestamp":"2015-05-28 13:52:05.513"}
{"level":"info","message":"所有属性{\"createAt\":\"2015-05-28 10:27\",\"synchtime\":\"2015-05-28 10:50\",\"detail\":\"同步失败\"}同步失败 at /Users/x/privatecloud/app/controllers/sites.js:147:9 ","timestamp":"2015-05-28 13:52:05.514"}
{"level":"info","message":"所有属性{\"createAt\":\"2015-05-28 10:27\",\"synchtime\":\"2015-05-28 10:50\",\"detail\":\"同步失败\"}undefined at /Users/x/privatecloud/app/controllers/sites.js:147:9 ","timestamp":"2015-05-28 13:52:05.514"}
{"level":"info","message":"所有属性{\"createAt\":\"2015-05-28 10:31\",\"synchtime\":\"2015-05-28 10:51\",\"detail\":\"同步成功\"}2015-05-28 10:31 at /Users/x/privatecloud/app/controllers/sites.js:147:9 ","timestamp":"2015-05-28 13:52:05.515"}
{"level":"info","message":"所有属性{\"createAt\":\"2015-05-28 10:31\",\"synchtime\":\"2015-05-28 10:51\",\"detail\":\"同步成功\"}2015-05-28 10:51 at /Users/x/privatecloud/app/controllers/sites.js:147:9 ","timestamp":"2015-05-28 13:52:05.516"}
{"level":"info","message":"所有属性{\"createAt\":\"2015-05-28 10:31\",\"synchtime\":\"2015-05-28 10:51\",\"detail\":\"同步成功\"}同步成功 at /Users/x/privatecloud/app/controllers/sites.js:147:9 ","timestamp":"2015-05-28 13:52:05.517"}
{"level":"info","message":"所有属性{\"createAt\":\"2015-05-28 10:31\",\"synchtime\":\"2015-05-28 10:51\",\"detail\":\"同步成功\"}undefined at /Users/x/privatecloud/app/controllers/sites.js:147:9 ","timestamp":"2015-05-28 13:52:05.519"}
{"level":"info","message":"处理后[{\"创建项目成功\":\"2015-05-23 16:50\"},{},{\"创建项目成功\":\"2015-05-24 13:50\"},{},{\"创建项目成功\":\"2015-05-25 16:33\"},{},{\"创建项目成功\":\"2015-05-27 16:50\"},{},{\"创建项目成功\":\"2015-05-21 16:50\"},{\"同步成功\":\"2015-05-27 16:53\"},{},{},{},{\"创建项目成功\":\"2015-05-28 10:27\"},{\"同步失败\":\"2015-05-28 10:50\"},{},{\"创建项目成功\":\"2015-05-28 10:31\"},{\"同步成功\":\"2015-05-28 10:51\"},{}] at /Users/x/privatecloud/app/controllers/sites.js:147:9 ","timestamp":"2015-05-28 13:52:05.520"}
{"level":"info","message":"[am-privatecloud] listening on port 30000 in  development mode at events.js:180:16 Server.g","timestamp":"2015-05-28 13:57:42.937"}
{"level":"info","message":"所有属性{\"createAt\":\"2015-05-23 16:50\"}2015-05-23 16:50 at /Users/x/privatecloud/app/controllers/sites.js:147:9 ","timestamp":"2015-05-28 13:57:46.179"}
{"level":"info","message":"所有属性{\"createAt\":\"2015-05-23 16:50\"}undefined at /Users/x/privatecloud/app/controllers/sites.js:147:9 ","timestamp":"2015-05-28 13:57:46.181"}
{"level":"info","message":"所有属性{\"createAt\":\"2015-05-23 16:50\"}undefined at /Users/x/privatecloud/app/controllers/sites.js:147:9 ","timestamp":"2015-05-28 13:57:46.182"}
{"level":"info","message":"所有属性{\"createAt\":\"2015-05-24 13:50\"}2015-05-24 13:50 at /Users/x/privatecloud/app/controllers/sites.js:147:9 ","timestamp":"2015-05-28 13:57:46.183"}
{"level":"info","message":"所有属性{\"createAt\":\"2015-05-24 13:50\"}undefined at /Users/x/privatecloud/app/controllers/sites.js:147:9 ","timestamp":"2015-05-28 13:57:46.184"}
{"level":"info","message":"所有属性{\"createAt\":\"2015-05-24 13:50\"}undefined at /Users/x/privatecloud/app/controllers/sites.js:147:9 ","timestamp":"2015-05-28 13:57:46.185"}
{"level":"info","message":"所有属性{\"createAt\":\"2015-05-25 16:33\"}2015-05-25 16:33 at /Users/x/privatecloud/app/controllers/sites.js:147:9 ","timestamp":"2015-05-28 13:57:46.186"}
{"level":"info","message":"所有属性{\"createAt\":\"2015-05-25 16:33\"}undefined at /Users/x/privatecloud/app/controllers/sites.js:147:9 ","timestamp":"2015-05-28 13:57:46.192"}
{"level":"info","message":"所有属性{\"createAt\":\"2015-05-25 16:33\"}undefined at /Users/x/privatecloud/app/controllers/sites.js:147:9 ","timestamp":"2015-05-28 13:57:46.195"}
{"level":"info","message":"所有属性{\"createAt\":\"2015-05-27 16:50\"}2015-05-27 16:50 at /Users/x/privatecloud/app/controllers/sites.js:147:9 ","timestamp":"2015-05-28 13:57:46.197"}
{"level":"info","message":"所有属性{\"createAt\":\"2015-05-27 16:50\"}undefined at /Users/x/privatecloud/app/controllers/sites.js:147:9 ","timestamp":"2015-05-28 13:57:46.198"}
{"level":"info","message":"所有属性{\"createAt\":\"2015-05-27 16:50\"}undefined at /Users/x/privatecloud/app/controllers/sites.js:147:9 ","timestamp":"2015-05-28 13:57:46.199"}
{"level":"info","message":"所有属性{\"createAt\":\"2015-05-21 16:50\",\"synchtime\":\"2015-05-27 16:53\",\"detail\":\"同步成功\"}2015-05-21 16:50 at /Users/x/privatecloud/app/controllers/sites.js:147:9 ","timestamp":"2015-05-28 13:57:46.200"}
{"level":"info","message":"所有属性{\"createAt\":\"2015-05-21 16:50\",\"synchtime\":\"2015-05-27 16:53\",\"detail\":\"同步成功\"}2015-05-27 16:53 at /Users/x/privatecloud/app/controllers/sites.js:147:9 ","timestamp":"2015-05-28 13:57:46.201"}
{"level":"info","message":"所有属性{\"createAt\":\"2015-05-21 16:50\",\"synchtime\":\"2015-05-27 16:53\",\"detail\":\"同步成功\"}同步成功 at /Users/x/privatecloud/app/controllers/sites.js:147:9 ","timestamp":"2015-05-28 13:57:46.203"}
{"level":"info","message":"所有属性{\"failAt\":\"2015-05-21 13:50\"}undefined at /Users/x/privatecloud/app/controllers/sites.js:147:9 ","timestamp":"2015-05-28 13:57:46.205"}
{"level":"info","message":"所有属性{\"failAt\":\"2015-05-21 13:50\"}undefined at /Users/x/privatecloud/app/controllers/sites.js:147:9 ","timestamp":"2015-05-28 13:57:46.206"}
{"level":"info","message":"所有属性{\"failAt\":\"2015-05-21 13:50\"}undefined at /Users/x/privatecloud/app/controllers/sites.js:147:9 ","timestamp":"2015-05-28 13:57:46.207"}
{"level":"info","message":"所有属性{\"createAt\":\"2015-05-28 10:27\",\"synchtime\":\"2015-05-28 10:50\",\"detail\":\"同步失败\"}2015-05-28 10:27 at /Users/x/privatecloud/app/controllers/sites.js:147:9 ","timestamp":"2015-05-28 13:57:46.208"}
{"level":"info","message":"所有属性{\"createAt\":\"2015-05-28 10:27\",\"synchtime\":\"2015-05-28 10:50\",\"detail\":\"同步失败\"}2015-05-28 10:50 at /Users/x/privatecloud/app/controllers/sites.js:147:9 ","timestamp":"2015-05-28 13:57:46.209"}
{"level":"info","message":"所有属性{\"createAt\":\"2015-05-28 10:27\",\"synchtime\":\"2015-05-28 10:50\",\"detail\":\"同步失败\"}同步失败 at /Users/x/privatecloud/app/controllers/sites.js:147:9 ","timestamp":"2015-05-28 13:57:46.210"}
{"level":"info","message":"所有属性{\"createAt\":\"2015-05-28 10:31\",\"synchtime\":\"2015-05-28 10:51\",\"detail\":\"同步成功\"}2015-05-28 10:31 at /Users/x/privatecloud/app/controllers/sites.js:147:9 ","timestamp":"2015-05-28 13:57:46.210"}
{"level":"info","message":"所有属性{\"createAt\":\"2015-05-28 10:31\",\"synchtime\":\"2015-05-28 10:51\",\"detail\":\"同步成功\"}2015-05-28 10:51 at /Users/x/privatecloud/app/controllers/sites.js:147:9 ","timestamp":"2015-05-28 13:57:46.211"}
{"level":"info","message":"所有属性{\"createAt\":\"2015-05-28 10:31\",\"synchtime\":\"2015-05-28 10:51\",\"detail\":\"同步成功\"}同步成功 at /Users/x/privatecloud/app/controllers/sites.js:147:9 ","timestamp":"2015-05-28 13:57:46.214"}
{"level":"info","message":"[am-privatecloud] listening on port 30000 in  development mode at events.js:180:16 Server.g","timestamp":"2015-05-28 13:58:00.142"}
{"level":"info","message":"[am-privatecloud] listening on port 30000 in  development mode at events.js:180:16 Server.g","timestamp":"2015-05-28 13:59:48.371"}
{"level":"info","message":"[am-privatecloud] listening on port 30000 in  development mode at events.js:180:16 Server.g","timestamp":"2015-05-28 14:02:30.782"}
{"level":"info","message":"[am-privatecloud] listening on port 30000 in  development mode at events.js:180:16 Server.g","timestamp":"2015-05-28 14:03:07.031"}
{"level":"info","message":"[am-privatecloud] listening on port 30000 in  development mode at events.js:180:16 Server.g","timestamp":"2015-05-28 14:03:25.798"}
{"level":"info","message":"处理后[{\"创建项目成功\":\"2015-05-23 16:50\"},{},{},{\"创建项目成功\":\"2015-05-24 13:50\"},{},{},{\"创建项目成功\":\"2015-05-25 16:33\"},{},{},{\"创建项目成功\":\"2015-05-27 16:50\"},{},{},{\"创建项目成功\":\"2015-05-21 16:50\"},{\"同步成功\":\"2015-05-27 16:53\"},{},{},{},{\"创建项目失败\":\"2015-05-21 13:50\"},{\"创建项目成功\":\"2015-05-28 10:27\"},{\"同步失败\":\"2015-05-28 10:50\"},{},{\"创建项目成功\":\"2015-05-28 10:31\"},{\"同步成功\":\"2015-05-28 10:51\"},{}] at /Users/x/privatecloud/app/controllers/sites.js:147:9 ","timestamp":"2015-05-28 14:03:27.542"}
{"level":"info","message":"处理后[{\"创建项目成功\":\"2015-05-23 16:50\"},{},{},{\"创建项目成功\":\"2015-05-24 13:50\"},{},{},{\"创建项目成功\":\"2015-05-25 16:33\"},{},{},{\"创建项目成功\":\"2015-05-27 16:50\"},{},{},{\"创建项目成功\":\"2015-05-21 16:50\"},{\"同步成功\":\"2015-05-27 16:53\"},{},{},{},{\"创建项目失败\":\"2015-05-21 13:50\"},{\"创建项目成功\":\"2015-05-28 10:27\"},{\"同步失败\":\"2015-05-28 10:50\"},{},{\"创建项目成功\":\"2015-05-28 10:31\"},{\"同步成功\":\"2015-05-28 10:51\"},{}] at /Users/x/privatecloud/app/controllers/sites.js:147:9 ","timestamp":"2015-05-28 14:08:57.469"}
{"level":"info","message":"[am-privatecloud] listening on port 30000 in  development mode at events.js:180:16 Server.g","timestamp":"2015-05-28 14:09:08.465"}
{"level":"info","message":"处理后[{\"创建项目成功\":\"2015-05-23 16:50\"},{\"创建项目成功\":\"2015-05-24 13:50\"},{\"创建项目成功\":\"2015-05-25 16:33\"},{\"创建项目成功\":\"2015-05-27 16:50\"},{\"创建项目成功\":\"2015-05-21 16:50\"},{\"同步成功\":\"2015-05-27 16:53\"},{\"创建项目失败\":\"2015-05-21 13:50\"},{\"创建项目成功\":\"2015-05-28 10:27\"},{\"同步失败\":\"2015-05-28 10:50\"},{\"创建项目成功\":\"2015-05-28 10:31\"},{\"同步成功\":\"2015-05-28 10:51\"}] at /Users/x/privatecloud/app/controllers/sites.js:147:9 ","timestamp":"2015-05-28 14:09:18.083"}
{"level":"info","message":"[am-privatecloud] listening on port 30000 in  development mode at events.js:180:16 Server.g","timestamp":"2015-05-28 14:22:19.247"}
{"level":"info","message":"[am-privatecloud] listening on port 30000 in  development mode at events.js:180:16 Server.g","timestamp":"2015-05-28 14:26:56.723"}
{"level":"info","message":"[am-privatecloud] listening on port 30000 in  development mode at events.js:180:16 Server.g","timestamp":"2015-05-28 14:27:33.201"}
{"level":"info","message":"[am-privatecloud] listening on port 30000 in  development mode at events.js:180:16 Server.g","timestamp":"2015-05-28 14:28:39.282"}
{"level":"info","message":"[am-privatecloud] listening on port 30000 in  development mode at events.js:180:16 Server.g","timestamp":"2015-05-28 14:30:57.749"}
{"level":"info","message":"[am-privatecloud] listening on port 30000 in  development mode at events.js:180:16 Server.g","timestamp":"2015-05-28 14:33:25.090"}
{"level":"info","message":"[am-privatecloud] listening on port 30000 in  development mode at events.js:180:16 Server.g","timestamp":"2015-05-28 14:38:53.415"}
{"level":"info","message":"[am-privatecloud] listening on port 30000 in  development mode at events.js:180:16 Server.g","timestamp":"2015-05-28 14:41:39.900"}
{"level":"info","message":"[am-privatecloud] listening on port 30000 in  development mode at events.js:180:16 Server.g","timestamp":"2015-05-28 14:48:14.679"}
{"level":"info","message":"[am-privatecloud] listening on port 30000 in  development mode at events.js:180:16 Server.g","timestamp":"2015-05-28 14:50:50.969"}
{"level":"error","message":"download failed  at events.js:98:17 emit","timestamp":"2015-05-28 14:51:58.414"}
{"level":"error","message":"记录日志同步信息失败null at fs.js:108:15 Object.oncomplete","timestamp":"2015-05-28 14:51:58.421"}
{"level":"info","message":"[am-privatecloud] listening on port 30000 in  development mode at events.js:180:16 Server.g","timestamp":"2015-05-28 14:58:22.466"}
{"level":"info","message":"[am-privatecloud] listening on port 30000 in  development mode at events.js:180:16 Server.g","timestamp":"2015-05-28 14:59:29.636"}
{"level":"info","message":"最新结果[{\"createAt\":\"2015-05-23 16:50\"},{\"createAt\":\"2015-05-24 13:50\"},{\"createAt\":\"2015-05-25 16:33\"},{\"failAt\":\"2015-05-26 13:50\"},{\"createAt\":\"2015-05-27 16:50\"},{\"createAt\":\"2015-05-27 16:58\",\"synchtime\":\"2015-05-27 16:59\",\"detail\":\"同步成功\"},{\"createAt\":\"2015-05-28 10:27\",\"synchtime\":\"2015-05-28 10:50\",\"detail\":\"同步失败\"},{\"createAt\":\"2015-05-28 10:31\",\"synchtime\":\"2015-05-28 10:51\",\"detail\":\"同步成功\"}] at /Users/x/privatecloud/node_modules/q/q.js:834:54 _fulfilled","timestamp":"2015-05-28 14:59:33.247"}
{"level":"info","message":"[am-privatecloud] listening on port 30000 in  development mode at events.js:180:16 Server.g","timestamp":"2015-05-28 15:00:51.568"}
{"level":"info","message":"最新结果[{\"createAt\":\"2015-05-23 16:50\"},{\"createAt\":\"2015-05-24 13:50\"},{\"createAt\":\"2015-05-25 16:33\"},{\"failAt\":\"2015-05-26 13:50\"},{\"createAt\":\"2015-05-26 16:54\",\"synchtime\":\"2015-05-28 14:51\",\"detail\":\"同步失败\"},{\"createAt\":\"2015-05-27 16:50\"},{\"createAt\":\"2015-05-27 16:58\",\"synchtime\":\"2015-05-27 16:59\",\"detail\":\"同步成功\"},{\"createAt\":\"2015-05-28 10:27\",\"synchtime\":\"2015-05-28 10:50\",\"detail\":\"同步失败\"},{\"createAt\":\"2015-05-28 10:31\",\"synchtime\":\"2015-05-28 10:51\",\"detail\":\"同步成功\"}] at /Users/x/privatecloud/node_modules/q/q.js:834:54 _fulfilled","timestamp":"2015-05-28 15:00:57.552"}
{"level":"info","message":"[am-privatecloud] listening on port 30000 in  development mode at events.js:180:16 Server.g","timestamp":"2015-05-28 15:15:51.187"}
{"level":"info","message":"[am-privatecloud] listening on port 30000 in  development mode at events.js:180:16 Server.g","timestamp":"2015-05-28 15:16:21.178"}
{"level":"info","message":"[am-privatecloud] listening on port 30000 in  development mode at events.js:180:16 Server.g","timestamp":"2015-05-28 15:16:48.247"}
{"level":"info","message":"[am-privatecloud] listening on port 30000 in  development mode at events.js:180:16 Server.g","timestamp":"2015-05-28 15:18:05.548"}
{"level":"info","message":"[am-privatecloud] listening on port 30000 in  development mode at events.js:180:16 Server.g","timestamp":"2015-05-28 15:23:33.591"}
{"level":"info","message":"[am-privatecloud] listening on port 30000 in  development mode at events.js:180:16 Server.g","timestamp":"2015-05-28 15:46:50.497"}
{"level":"info","message":"[am-privatecloud] listening on port 30000 in  development mode at events.js:180:16 Server.g","timestamp":"2015-05-28 15:49:20.346"}
{"level":"info","message":"[am-privatecloud] listening on port 30000 in  development mode at events.js:180:16 Server.g","timestamp":"2015-05-28 15:49:44.799"}
{"level":"info","message":"[am-privatecloud] listening on port 30000 in  development mode at events.js:180:16 Server.g","timestamp":"2015-05-28 15:58:06.133"}
{"level":"info","message":"[am-privatecloud] listening on port 30000 in  development mode at events.js:180:16 Server.g","timestamp":"2015-05-28 16:00:03.338"}
{"level":"info","message":"[am-privatecloud] listening on port 30000 in  development mode at events.js:180:16 Server.g","timestamp":"2015-05-28 16:01:41.969"}
{"level":"info","message":"[am-privatecloud] listening on port 30000 in  development mode at events.js:180:16 Server.g","timestamp":"2015-05-28 16:02:18.535"}
{"level":"info","message":"[am-privatecloud] listening on port 30000 in  development mode at events.js:180:16 Server.g","timestamp":"2015-05-28 16:09:19.988"}
{"level":"info","message":"[am-privatecloud] listening on port 30000 in  development mode at events.js:180:16 Server.g","timestamp":"2015-05-28 16:10:27.707"}
{"level":"info","message":"[am-privatecloud] listening on port 30000 in  development mode at events.js:180:16 Server.g","timestamp":"2015-05-28 16:14:14.038"}
{"level":"info","message":"[am-privatecloud] listening on port 30000 in  development mode at events.js:180:16 Server.g","timestamp":"2015-05-28 16:16:15.295"}
{"level":"info","message":"[am-privatecloud] listening on port 30000 in  development mode at events.js:180:16 Server.g","timestamp":"2015-05-28 16:17:24.452"}
{"level":"info","message":"[am-privatecloud] listening on port 30000 in  development mode at events.js:180:16 Server.g","timestamp":"2015-05-28 16:17:49.710"}
{"level":"info","message":"[am-privatecloud] listening on port 30000 in  development mode at events.js:180:16 Server.g","timestamp":"2015-05-28 16:19:20.017"}
{"level":"info","message":"[am-privatecloud] listening on port 30000 in  development mode at events.js:180:16 Server.g","timestamp":"2015-05-28 16:20:20.067"}
{"level":"info","message":"[am-privatecloud] listening on port 30000 in  development mode at events.js:180:16 Server.g","timestamp":"2015-05-28 16:24:46.237"}
{"level":"info","message":"[am-privatecloud] listening on port 30000 in  development mode at events.js:180:16 Server.g","timestamp":"2015-05-28 16:25:25.342"}
{"level":"info","message":"[am-privatecloud] listening on port 30000 in  development mode at events.js:180:16 Server.g","timestamp":"2015-05-28 16:48:40.737"}
{"level":"info","message":"[am-privatecloud] listening on port 30000 in  development mode at events.js:180:16 Server.g","timestamp":"2015-05-28 17:13:36.513"}
{"level":"info","message":"[am-privatecloud] listening on port 30000 in  development mode at events.js:180:16 Server.g","timestamp":"2015-05-28 17:13:38.316"}
{"level":"info","message":"[am-privatecloud] listening on port 30000 in  development mode at events.js:180:16 Server.g","timestamp":"2015-05-28 17:14:42.584"}
{"level":"info","message":"[am-privatecloud] listening on port 30000 in  development mode at events.js:180:16 Server.g","timestamp":"2015-05-28 17:17:03.130"}
{"level":"error","message":"记录日志失败null at fs.js:108:15 Object.oncomplete","timestamp":"2015-05-28 17:17:05.022"}
{"level":"error","message":"记录日志失败null at fs.js:108:15 Object.oncomplete","timestamp":"2015-05-28 17:17:21.435"}
{"level":"info","message":"[am-privatecloud] listening on port 30000 in  development mode at events.js:180:16 Server.g","timestamp":"2015-05-28 17:22:35.664"}
{"level":"error","message":"记录日志失败null at fs.js:108:15 Object.oncomplete","timestamp":"2015-05-28 17:22:37.523"}
{"level":"error","message":"download failed  at events.js:98:17 emit","timestamp":"2015-05-28 17:22:56.925"}
{"level":"error","message":"记录日志同步信息失败null at fs.js:108:15 Object.oncomplete","timestamp":"2015-05-28 17:22:56.930"}
{"level":"error","message":"记录日志失败null at fs.js:108:15 Object.oncomplete","timestamp":"2015-05-28 17:22:56.931"}
{"level":"error","message":"download failed  at events.js:98:17 emit","timestamp":"2015-05-28 17:23:39.373"}
{"level":"error","message":"记录日志同步信息失败null at fs.js:108:15 Object.oncomplete","timestamp":"2015-05-28 17:23:39.382"}
{"level":"error","message":"记录日志失败null at fs.js:108:15 Object.oncomplete","timestamp":"2015-05-28 17:23:39.383"}
{"level":"error","message":"记录日志失败null at fs.js:108:15 Object.oncomplete","timestamp":"2015-05-28 17:24:15.243"}
{"level":"error","message":"记录日志同步信息失败null at fs.js:108:15 Object.oncomplete","timestamp":"2015-05-28 17:24:15.245"}
{"level":"error","message":"记录日志同步信息失败null at fs.js:108:15 Object.oncomplete","timestamp":"2015-05-28 17:24:52.111"}
{"level":"error","message":"记录日志失败null at fs.js:108:15 Object.oncomplete","timestamp":"2015-05-28 17:24:52.112"}
{"level":"info","message":"[am-privatecloud] listening on port 30000 in  development mode at events.js:180:16 Server.g","timestamp":"2015-05-28 17:26:19.504"}
{"level":"info","message":"[am-privatecloud] listening on port 30000 in  development mode at events.js:180:16 Server.g","timestamp":"2015-05-28 17:27:08.452"}
{"level":"info","message":"[am-privatecloud] listening on port 30000 in  development mode at events.js:180:16 Server.g","timestamp":"2015-05-28 17:28:19.886"}
{"level":"info","message":"[am-privatecloud] listening on port 30000 in  development mode at events.js:180:16 Server.g","timestamp":"2015-05-28 17:31:54.262"}
{"level":"info","message":"logs[{\"id\":\"585a2720-051a-11e5-b041-c5a790b5a802\",\"user\":\"555546ddf2f359202cfba0b\",\"time\":\"2015-05-28 17:17\",\"detail\":\"创建项目成功\"},{\"id\":\"14c10c80-051b-11e5-bc45-2dddd10379ab\",\"user\":\"555546ddf2f359202cfba0b\",\"time\":\"2015-05-28 17:22\",\"detail\":\"创建项目失败\"},{\"id\":\"205363e0-051b-11e5-bc45-2dddd10379ab\",\"user\":\"555546ddf2f359202cfba0b\",\"time\":\"2015-05-28 17:22\",\"detail\":\"同步失败\"},{\"id\":\"39a070e0-051b-11e5-bc45-2dddd10379ab\",\"user\":\"555546ddf2f359202cfba0b\",\"time\":\"2015-05-28 17:23\",\"detail\":\"同步失败\"},{\"id\":\"4f012880-051b-11e5-bc45-2dddd10379ab\",\"user\":\"555546ddf2f359202cfba0b\",\"time\":\"2015-05-28 17:24\",\"detail\":\"同步成功\"},{\"id\":\"64fac4c0-051b-11e5-bc45-2dddd10379ab\",\"user\":\"555546ddf2f359202cfba0b\",\"time\":\"2015-05-28 17:24\",\"detail\":\"同步成功\"}] at /Users/x/privatecloud/node_modules/json-file-db/index.js:68:7 ","timestamp":"2015-05-28 17:31:57.287"}
{"level":"info","message":"[am-privatecloud] listening on port 30000 in  development mode at events.js:180:16 Server.g","timestamp":"2015-05-28 17:32:52.628"}
{"level":"info","message":"logs[{\"id\":\"585a2720-051a-11e5-b041-c5a790b5a802\",\"user\":\"555546ddf2f359202cfba0b\",\"time\":\"2015-05-28 17:17\",\"detail\":\"创建项目成功\"},{\"id\":\"14c10c80-051b-11e5-bc45-2dddd10379ab\",\"user\":\"555546ddf2f359202cfba0b\",\"time\":\"2015-05-28 17:22\",\"detail\":\"创建项目失败\"},{\"id\":\"205363e0-051b-11e5-bc45-2dddd10379ab\",\"user\":\"555546ddf2f359202cfba0b\",\"time\":\"2015-05-28 17:22\",\"detail\":\"同步失败\"},{\"id\":\"39a070e0-051b-11e5-bc45-2dddd10379ab\",\"user\":\"555546ddf2f359202cfba0b\",\"time\":\"2015-05-28 17:23\",\"detail\":\"同步失败\"},{\"id\":\"4f012880-051b-11e5-bc45-2dddd10379ab\",\"user\":\"555546ddf2f359202cfba0b\",\"time\":\"2015-05-28 17:24\",\"detail\":\"同步成功\"},{\"id\":\"64fac4c0-051b-11e5-bc45-2dddd10379ab\",\"user\":\"555546ddf2f359202cfba0b\",\"time\":\"2015-05-28 17:24\",\"detail\":\"同步成功\"}] at /Users/x/privatecloud/node_modules/json-file-db/index.js:68:7 ","timestamp":"2015-05-28 17:32:53.864"}
{"level":"info","message":"[am-privatecloud] listening on port 30000 in  development mode at events.js:180:16 Server.g","timestamp":"2015-05-28 17:56:34.936"}
{"level":"info","message":"[am-privatecloud] listening on port 30000 in  development mode at events.js:180:16 Server.g","timestamp":"2015-05-28 17:57:01.499"}
{"level":"info","message":"[am-privatecloud] listening on port 30000 in  development mode at events.js:180:16 Server.g","timestamp":"2015-05-28 17:57:26.671"}
