{"level":"info","message":"[am-privatecloud] listening on port 30000 in  development mode at events.js:180:16 Server.g","timestamp":"2015-05-26 09:40:52.191"}
{"level":"info","message":"[am-privatecloud] listening on port 30000 in  development mode at events.js:180:16 Server.g","timestamp":"2015-05-26 09:56:33.271"}
{"level":"info","message":"[am-privatecloud] listening on port 30000 in  development mode at events.js:180:16 Server.g","timestamp":"2015-05-26 09:59:35.359"}
{"level":"info","message":"[am-privatecloud] listening on port 30000 in  development mode at events.js:180:16 Server.g","timestamp":"2015-05-26 10:00:12.917"}
{"level":"info","message":"[am-privatecloud] listening on port 30000 in  development mode at events.js:180:16 Server.g","timestamp":"2015-05-26 10:00:37.020"}
{"level":"info","message":"[am-privatecloud] listening on port 30000 in  development mode at events.js:180:16 Server.g","timestamp":"2015-05-26 10:05:41.708"}
{"level":"info","message":"[am-privatecloud] listening on port 30000 in  development mode at events.js:180:16 Server.g","timestamp":"2015-05-26 10:06:40.710"}
{"level":"info","message":"[am-privatecloud] listening on port 30000 in  development mode at events.js:180:16 Server.g","timestamp":"2015-05-26 10:11:12.372"}
{"level":"info","message":"[am-privatecloud] listening on port 30000 in  development mode at events.js:180:16 Server.g","timestamp":"2015-05-26 10:48:30.691"}
{"level":"info","message":"[am-privatecloud] listening on port 30000 in  development mode at events.js:180:16 Server.g","timestamp":"2015-05-26 10:54:47.352"}
{"level":"info","message":"[am-privatecloud] listening on port 30000 in  development mode at events.js:180:16 Server.g","timestamp":"2015-05-26 10:58:38.888"}
{"level":"info","message":"[am-privatecloud] listening on port 30000 in  development mode at events.js:180:16 Server.g","timestamp":"2015-05-26 11:04:49.166"}
{"level":"info","message":"[am-privatecloud] listening on port 30000 in  development mode at events.js:180:16 Server.g","timestamp":"2015-05-26 11:06:11.852"}
{"level":"info","message":"注入session555546ddf2f359202cfba0b2 at /Users/x/privatecloud/node_modules/passport/lib/authenticator.js:290:9 pass","timestamp":"2015-05-26 11:06:15.073"}
{"level":"info","message":"[am-privatecloud] listening on port 30000 in  development mode at events.js:180:16 Server.g","timestamp":"2015-05-26 11:07:17.689"}
{"level":"info","message":"de-session[{\"id\":\"555546ddf2f359202cfba0b\",\"email\":\"liqin.jiang@yunshipei.com\",\"password\":\"886e0579be9bb7a57a18a916feb27c8a\"},{\"id\":\"555546ddf2f359202cfba0b2\",\"email\":\"liqin.jiang2@yunshipei.com\",\"password\":\"886e0579be9bb7a57a18a916feb27c8a\"}] at /Users/x/privatecloud/node_modules/q/q.js:834:54 _fulfilled","timestamp":"2015-05-26 11:07:20.662"}
{"level":"info","message":"注入session555546ddf2f359202cfba0b2 at /Users/x/privatecloud/node_modules/passport/lib/authenticator.js:290:9 pass","timestamp":"2015-05-26 11:07:23.374"}
{"level":"info","message":"de-session[{\"id\":\"555546ddf2f359202cfba0b\",\"email\":\"liqin.jiang@yunshipei.com\",\"password\":\"886e0579be9bb7a57a18a916feb27c8a\"},{\"id\":\"555546ddf2f359202cfba0b2\",\"email\":\"liqin.jiang2@yunshipei.com\",\"password\":\"886e0579be9bb7a57a18a916feb27c8a\"}] at /Users/x/privatecloud/node_modules/q/q.js:834:54 _fulfilled","timestamp":"2015-05-26 11:12:08.903"}
{"level":"info","message":"注入session555546ddf2f359202cfba0b2 at /Users/x/privatecloud/node_modules/passport/lib/authenticator.js:290:9 pass","timestamp":"2015-05-26 11:12:12.703"}
{"level":"info","message":"de-session[{\"id\":\"555546ddf2f359202cfba0b\",\"email\":\"liqin.jiang@yunshipei.com\",\"password\":\"886e0579be9bb7a57a18a916feb27c8a\"},{\"id\":\"555546ddf2f359202cfba0b2\",\"email\":\"liqin.jiang2@yunshipei.com\",\"password\":\"886e0579be9bb7a57a18a916feb27c8a\"}] at /Users/x/privatecloud/node_modules/q/q.js:834:54 _fulfilled","timestamp":"2015-05-26 11:12:33.461"}
{"level":"info","message":"注入session555546ddf2f359202cfba0b2 at /Users/x/privatecloud/node_modules/passport/lib/authenticator.js:290:9 pass","timestamp":"2015-05-26 11:12:53.678"}
{"level":"info","message":"de-session[{\"id\":\"555546ddf2f359202cfba0b\",\"email\":\"liqin.jiang@yunshipei.com\",\"password\":\"886e0579be9bb7a57a18a916feb27c8a\"},{\"id\":\"555546ddf2f359202cfba0b2\",\"email\":\"liqin.jiang2@yunshipei.com\",\"password\":\"886e0579be9bb7a57a18a916feb27c8a\"}] at /Users/x/privatecloud/node_modules/q/q.js:834:54 _fulfilled","timestamp":"2015-05-26 11:13:06.677"}
{"level":"info","message":"de-session[{\"id\":\"555546ddf2f359202cfba0b\",\"email\":\"liqin.jiang@yunshipei.com\",\"password\":\"886e0579be9bb7a57a18a916feb27c8a\"},{\"id\":\"555546ddf2f359202cfba0b2\",\"email\":\"liqin.jiang2@yunshipei.com\",\"password\":\"886e0579be9bb7a57a18a916feb27c8a\"}] at /Users/x/privatecloud/node_modules/q/q.js:834:54 _fulfilled","timestamp":"2015-05-26 11:13:36.118"}
{"level":"info","message":"[am-privatecloud] listening on port 30000 in  development mode at events.js:180:16 Server.g","timestamp":"2015-05-26 11:15:40.948"}
{"level":"info","message":"de--id值555546ddf2f359202cfba0b2 at /Users/x/privatecloud/node_modules/passport/lib/authenticator.js:353:9 pass","timestamp":"2015-05-26 11:15:43.570"}
{"level":"info","message":"de-session[{\"id\":\"555546ddf2f359202cfba0b\",\"email\":\"liqin.jiang@yunshipei.com\",\"password\":\"886e0579be9bb7a57a18a916feb27c8a\"},{\"id\":\"555546ddf2f359202cfba0b2\",\"email\":\"liqin.jiang2@yunshipei.com\",\"password\":\"886e0579be9bb7a57a18a916feb27c8a\"}] at /Users/x/privatecloud/node_modules/q/q.js:834:54 _fulfilled","timestamp":"2015-05-26 11:15:43.574"}
{"level":"info","message":"注入session555546ddf2f359202cfba0b2 at /Users/x/privatecloud/node_modules/passport/lib/authenticator.js:290:9 pass","timestamp":"2015-05-26 11:15:59.209"}
{"level":"info","message":"de--id值555546ddf2f359202cfba0b2 at /Users/x/privatecloud/node_modules/passport/lib/authenticator.js:353:9 pass","timestamp":"2015-05-26 11:16:07.403"}
{"level":"info","message":"de-session[{\"id\":\"555546ddf2f359202cfba0b\",\"email\":\"liqin.jiang@yunshipei.com\",\"password\":\"886e0579be9bb7a57a18a916feb27c8a\"},{\"id\":\"555546ddf2f359202cfba0b2\",\"email\":\"liqin.jiang2@yunshipei.com\",\"password\":\"886e0579be9bb7a57a18a916feb27c8a\"}] at /Users/x/privatecloud/node_modules/q/q.js:834:54 _fulfilled","timestamp":"2015-05-26 11:16:07.405"}
{"level":"info","message":"de--id值555546ddf2f359202cfba0b2 at /Users/x/privatecloud/node_modules/passport/lib/authenticator.js:353:9 pass","timestamp":"2015-05-26 11:17:42.386"}
{"level":"info","message":"[am-privatecloud] listening on port 30000 in  development mode at events.js:180:16 Server.g","timestamp":"2015-05-26 11:17:49.419"}
{"level":"info","message":"注入session555546ddf2f359202cfba0b2 at /Users/x/privatecloud/node_modules/passport/lib/authenticator.js:290:9 pass","timestamp":"2015-05-26 11:17:51.825"}
{"level":"info","message":"de--id值555546ddf2f359202cfba0b2 at /Users/x/privatecloud/node_modules/passport/lib/authenticator.js:353:9 pass","timestamp":"2015-05-26 11:17:57.780"}
{"level":"info","message":"[am-privatecloud] listening on port 30000 in  development mode at events.js:180:16 Server.g","timestamp":"2015-05-26 11:18:47.177"}
{"level":"info","message":"de--id值555546ddf2f359202cfba0b2 at /Users/x/privatecloud/node_modules/passport/lib/authenticator.js:353:9 pass","timestamp":"2015-05-26 11:18:50.471"}
{"level":"info","message":"flag值[object Object] at /Users/x/privatecloud/node_modules/json-file-db/index.js:68:7 ","timestamp":"2015-05-26 11:18:50.474"}
{"level":"info","message":"de-session[{\"id\":\"555546ddf2f359202cfba0b\",\"email\":\"liqin.jiang@yunshipei.com\",\"password\":\"886e0579be9bb7a57a18a916feb27c8a\"},{\"id\":\"555546ddf2f359202cfba0b2\",\"email\":\"liqin.jiang2@yunshipei.com\",\"password\":\"886e0579be9bb7a57a18a916feb27c8a\"}] at /Users/x/privatecloud/node_modules/q/q.js:834:54 _fulfilled","timestamp":"2015-05-26 11:18:50.477"}
{"level":"info","message":"注入session555546ddf2f359202cfba0b2 at /Users/x/privatecloud/node_modules/passport/lib/authenticator.js:290:9 pass","timestamp":"2015-05-26 11:18:53.806"}
{"level":"info","message":"de--id值555546ddf2f359202cfba0b2 at /Users/x/privatecloud/node_modules/passport/lib/authenticator.js:353:9 pass","timestamp":"2015-05-26 11:19:06.482"}
{"level":"info","message":"[am-privatecloud] listening on port 30000 in  development mode at events.js:180:16 Server.g","timestamp":"2015-05-26 11:19:36.138"}
{"level":"info","message":"de--id值555546ddf2f359202cfba0b2 at /Users/x/privatecloud/node_modules/passport/lib/authenticator.js:353:9 pass","timestamp":"2015-05-26 11:19:39.792"}
{"level":"info","message":"flag值undefined at /Users/x/privatecloud/node_modules/json-file-db/index.js:68:7 ","timestamp":"2015-05-26 11:19:39.796"}
{"level":"info","message":"de-session[{\"id\":\"555546ddf2f359202cfba0b\",\"email\":\"liqin.jiang@yunshipei.com\",\"password\":\"886e0579be9bb7a57a18a916feb27c8a\"},{\"id\":\"555546ddf2f359202cfba0b2\",\"email\":\"liqin.jiang2@yunshipei.com\",\"password\":\"886e0579be9bb7a57a18a916feb27c8a\"}] at /Users/x/privatecloud/node_modules/q/q.js:834:54 _fulfilled","timestamp":"2015-05-26 11:19:39.798"}
{"level":"info","message":"注入session555546ddf2f359202cfba0b2 at /Users/x/privatecloud/node_modules/passport/lib/authenticator.js:290:9 pass","timestamp":"2015-05-26 11:19:43.255"}
{"level":"info","message":"de--id值555546ddf2f359202cfba0b2 at /Users/x/privatecloud/node_modules/passport/lib/authenticator.js:353:9 pass","timestamp":"2015-05-26 11:19:50.490"}
{"level":"info","message":"flag值undefined at /Users/x/privatecloud/node_modules/json-file-db/index.js:68:7 ","timestamp":"2015-05-26 11:19:50.491"}
{"level":"info","message":"de-session[{\"id\":\"555546ddf2f359202cfba0b\",\"email\":\"liqin.jiang@yunshipei.com\",\"password\":\"886e0579be9bb7a57a18a916feb27c8a\"},{\"id\":\"555546ddf2f359202cfba0b2\",\"email\":\"liqin.jiang2@yunshipei.com\",\"password\":\"886e0579be9bb7a57a18a916feb27c8a\"}] at /Users/x/privatecloud/node_modules/q/q.js:834:54 _fulfilled","timestamp":"2015-05-26 11:19:50.493"}
{"level":"info","message":"[am-privatecloud] listening on port 30000 in  development mode at events.js:180:16 Server.g","timestamp":"2015-05-26 11:21:01.644"}
{"level":"info","message":"de--id值555546ddf2f359202cfba0b2 at /Users/x/privatecloud/node_modules/passport/lib/authenticator.js:353:9 pass","timestamp":"2015-05-26 11:21:04.694"}
{"level":"info","message":"flag值[object Object] at /Users/x/privatecloud/node_modules/json-file-db/index.js:68:7 ","timestamp":"2015-05-26 11:21:04.698"}
{"level":"info","message":"de-session[{\"id\":\"555546ddf2f359202cfba0b\",\"email\":\"liqin.jiang@yunshipei.com\",\"password\":\"886e0579be9bb7a57a18a916feb27c8a\"},{\"id\":\"555546ddf2f359202cfba0b2\",\"email\":\"liqin.jiang2@yunshipei.com\",\"password\":\"886e0579be9bb7a57a18a916feb27c8a\"}] at /Users/x/privatecloud/node_modules/q/q.js:834:54 _fulfilled","timestamp":"2015-05-26 11:21:04.700"}
{"level":"info","message":"注入session555546ddf2f359202cfba0b2 at /Users/x/privatecloud/node_modules/passport/lib/authenticator.js:290:9 pass","timestamp":"2015-05-26 11:21:10.888"}
{"level":"info","message":"de--id值555546ddf2f359202cfba0b2 at /Users/x/privatecloud/node_modules/passport/lib/authenticator.js:353:9 pass","timestamp":"2015-05-26 11:21:10.983"}
{"level":"info","message":"flag值[object Object] at /Users/x/privatecloud/node_modules/json-file-db/index.js:68:7 ","timestamp":"2015-05-26 11:21:10.985"}
{"level":"info","message":"de-session[{\"id\":\"555546ddf2f359202cfba0b\",\"email\":\"liqin.jiang@yunshipei.com\",\"password\":\"886e0579be9bb7a57a18a916feb27c8a\"},{\"id\":\"555546ddf2f359202cfba0b2\",\"email\":\"liqin.jiang2@yunshipei.com\",\"password\":\"886e0579be9bb7a57a18a916feb27c8a\"}] at /Users/x/privatecloud/node_modules/q/q.js:834:54 _fulfilled","timestamp":"2015-05-26 11:21:10.986"}
{"level":"info","message":"注入session555546ddf2f359202cfba0b2 at /Users/x/privatecloud/node_modules/passport/lib/authenticator.js:290:9 pass","timestamp":"2015-05-26 11:21:10.991"}
{"level":"info","message":"de--id值555546ddf2f359202cfba0b2 at /Users/x/privatecloud/node_modules/passport/lib/authenticator.js:353:9 pass","timestamp":"2015-05-26 11:21:24.240"}
{"level":"info","message":"flag值[object Object] at /Users/x/privatecloud/node_modules/json-file-db/index.js:68:7 ","timestamp":"2015-05-26 11:21:24.242"}
{"level":"info","message":"de-session[{\"id\":\"555546ddf2f359202cfba0b\",\"email\":\"liqin.jiang@yunshipei.com\",\"password\":\"886e0579be9bb7a57a18a916feb27c8a\"},{\"id\":\"555546ddf2f359202cfba0b2\",\"email\":\"liqin.jiang2@yunshipei.com\",\"password\":\"886e0579be9bb7a57a18a916feb27c8a\"}] at /Users/x/privatecloud/node_modules/q/q.js:834:54 _fulfilled","timestamp":"2015-05-26 11:21:24.243"}
{"level":"info","message":"注入session555546ddf2f359202cfba0b2 at /Users/x/privatecloud/node_modules/passport/lib/authenticator.js:290:9 pass","timestamp":"2015-05-26 11:21:30.186"}
{"level":"info","message":"de--id值555546ddf2f359202cfba0b2 at /Users/x/privatecloud/node_modules/passport/lib/authenticator.js:353:9 pass","timestamp":"2015-05-26 11:21:34.040"}
{"level":"info","message":"flag值[object Object] at /Users/x/privatecloud/node_modules/json-file-db/index.js:68:7 ","timestamp":"2015-05-26 11:21:34.042"}
{"level":"info","message":"de-session[{\"id\":\"555546ddf2f359202cfba0b\",\"email\":\"liqin.jiang@yunshipei.com\",\"password\":\"886e0579be9bb7a57a18a916feb27c8a\"},{\"id\":\"555546ddf2f359202cfba0b2\",\"email\":\"liqin.jiang2@yunshipei.com\",\"password\":\"886e0579be9bb7a57a18a916feb27c8a\"}] at /Users/x/privatecloud/node_modules/q/q.js:834:54 _fulfilled","timestamp":"2015-05-26 11:21:34.044"}
{"level":"info","message":"[am-privatecloud] listening on port 30000 in  development mode at events.js:180:16 Server.g","timestamp":"2015-05-26 11:21:53.346"}
{"level":"info","message":"de--id值555546ddf2f359202cfba0b2 at /Users/x/privatecloud/node_modules/passport/lib/authenticator.js:353:9 pass","timestamp":"2015-05-26 11:21:55.367"}
{"level":"info","message":"flag值[{\"id\":\"555546ddf2f359202cfba0b2\",\"email\":\"liqin.jiang2@yunshipei.com\",\"password\":\"886e0579be9bb7a57a18a916feb27c8a\"}] at /Users/x/privatecloud/node_modules/json-file-db/index.js:68:7 ","timestamp":"2015-05-26 11:21:55.371"}
{"level":"info","message":"de-session[{\"id\":\"555546ddf2f359202cfba0b\",\"email\":\"liqin.jiang@yunshipei.com\",\"password\":\"886e0579be9bb7a57a18a916feb27c8a\"},{\"id\":\"555546ddf2f359202cfba0b2\",\"email\":\"liqin.jiang2@yunshipei.com\",\"password\":\"886e0579be9bb7a57a18a916feb27c8a\"}] at /Users/x/privatecloud/node_modules/q/q.js:834:54 _fulfilled","timestamp":"2015-05-26 11:21:55.373"}
{"level":"info","message":"注入session555546ddf2f359202cfba0b2 at /Users/x/privatecloud/node_modules/passport/lib/authenticator.js:290:9 pass","timestamp":"2015-05-26 11:22:04.279"}
{"level":"info","message":"de--id值555546ddf2f359202cfba0b2 at /Users/x/privatecloud/node_modules/passport/lib/authenticator.js:353:9 pass","timestamp":"2015-05-26 11:22:04.386"}
{"level":"info","message":"flag值[{\"id\":\"555546ddf2f359202cfba0b2\",\"email\":\"liqin.jiang2@yunshipei.com\",\"password\":\"886e0579be9bb7a57a18a916feb27c8a\"}] at /Users/x/privatecloud/node_modules/json-file-db/index.js:68:7 ","timestamp":"2015-05-26 11:22:04.387"}
{"level":"info","message":"de-session[{\"id\":\"555546ddf2f359202cfba0b\",\"email\":\"liqin.jiang@yunshipei.com\",\"password\":\"886e0579be9bb7a57a18a916feb27c8a\"},{\"id\":\"555546ddf2f359202cfba0b2\",\"email\":\"liqin.jiang2@yunshipei.com\",\"password\":\"886e0579be9bb7a57a18a916feb27c8a\"}] at /Users/x/privatecloud/node_modules/q/q.js:834:54 _fulfilled","timestamp":"2015-05-26 11:22:04.389"}
{"level":"info","message":"注入session555546ddf2f359202cfba0b2 at /Users/x/privatecloud/node_modules/passport/lib/authenticator.js:290:9 pass","timestamp":"2015-05-26 11:22:04.390"}
{"level":"info","message":"de--id值555546ddf2f359202cfba0b2 at /Users/x/privatecloud/node_modules/passport/lib/authenticator.js:353:9 pass","timestamp":"2015-05-26 11:22:09.096"}
{"level":"info","message":"flag值[{\"id\":\"555546ddf2f359202cfba0b2\",\"email\":\"liqin.jiang2@yunshipei.com\",\"password\":\"886e0579be9bb7a57a18a916feb27c8a\"}] at /Users/x/privatecloud/node_modules/json-file-db/index.js:68:7 ","timestamp":"2015-05-26 11:22:09.098"}
{"level":"info","message":"de-session[{\"id\":\"555546ddf2f359202cfba0b\",\"email\":\"liqin.jiang@yunshipei.com\",\"password\":\"886e0579be9bb7a57a18a916feb27c8a\"},{\"id\":\"555546ddf2f359202cfba0b2\",\"email\":\"liqin.jiang2@yunshipei.com\",\"password\":\"886e0579be9bb7a57a18a916feb27c8a\"}] at /Users/x/privatecloud/node_modules/q/q.js:834:54 _fulfilled","timestamp":"2015-05-26 11:22:09.100"}
{"level":"info","message":"注入session555546ddf2f359202cfba0b2 at /Users/x/privatecloud/node_modules/passport/lib/authenticator.js:290:9 pass","timestamp":"2015-05-26 11:22:14.305"}
{"level":"info","message":"de--id值555546ddf2f359202cfba0b2 at /Users/x/privatecloud/node_modules/passport/lib/authenticator.js:353:9 pass","timestamp":"2015-05-26 11:22:18.985"}
{"level":"info","message":"flag值[{\"id\":\"555546ddf2f359202cfba0b2\",\"email\":\"liqin.jiang2@yunshipei.com\",\"password\":\"886e0579be9bb7a57a18a916feb27c8a\"}] at /Users/x/privatecloud/node_modules/json-file-db/index.js:68:7 ","timestamp":"2015-05-26 11:22:18.986"}
{"level":"info","message":"de-session[{\"id\":\"555546ddf2f359202cfba0b\",\"email\":\"liqin.jiang@yunshipei.com\",\"password\":\"886e0579be9bb7a57a18a916feb27c8a\"},{\"id\":\"555546ddf2f359202cfba0b2\",\"email\":\"liqin.jiang2@yunshipei.com\",\"password\":\"886e0579be9bb7a57a18a916feb27c8a\"}] at /Users/x/privatecloud/node_modules/q/q.js:834:54 _fulfilled","timestamp":"2015-05-26 11:22:18.988"}
{"level":"info","message":"[am-privatecloud] listening on port 30000 in  development mode at events.js:180:16 Server.g","timestamp":"2015-05-26 11:22:49.375"}
{"level":"info","message":"de--id值555546ddf2f359202cfba0b2 at /Users/x/privatecloud/node_modules/passport/lib/authenticator.js:353:9 pass","timestamp":"2015-05-26 11:22:53.061"}
{"level":"info","message":"flag值[{\"id\":\"555546ddf2f359202cfba0b2\",\"email\":\"liqin.jiang2@yunshipei.com\",\"password\":\"886e0579be9bb7a57a18a916feb27c8a\"}] at /Users/x/privatecloud/node_modules/json-file-db/index.js:68:7 ","timestamp":"2015-05-26 11:22:53.065"}
{"level":"info","message":"de-session[{\"id\":\"555546ddf2f359202cfba0b2\",\"email\":\"liqin.jiang2@yunshipei.com\",\"password\":\"886e0579be9bb7a57a18a916feb27c8a\"}] at /Users/x/privatecloud/node_modules/q/q.js:834:54 _fulfilled","timestamp":"2015-05-26 11:22:53.067"}
{"level":"info","message":"注入session555546ddf2f359202cfba0b2 at /Users/x/privatecloud/node_modules/passport/lib/authenticator.js:290:9 pass","timestamp":"2015-05-26 11:23:00.422"}
{"level":"info","message":"de--id值555546ddf2f359202cfba0b2 at /Users/x/privatecloud/node_modules/passport/lib/authenticator.js:353:9 pass","timestamp":"2015-05-26 11:23:13.231"}
{"level":"info","message":"flag值[{\"id\":\"555546ddf2f359202cfba0b2\",\"email\":\"liqin.jiang2@yunshipei.com\",\"password\":\"886e0579be9bb7a57a18a916feb27c8a\"}] at /Users/x/privatecloud/node_modules/json-file-db/index.js:68:7 ","timestamp":"2015-05-26 11:23:13.233"}
{"level":"info","message":"de-session[{\"id\":\"555546ddf2f359202cfba0b2\",\"email\":\"liqin.jiang2@yunshipei.com\",\"password\":\"886e0579be9bb7a57a18a916feb27c8a\"}] at /Users/x/privatecloud/node_modules/q/q.js:834:54 _fulfilled","timestamp":"2015-05-26 11:23:13.236"}
{"level":"info","message":"de--id值555546ddf2f359202cfba0b2 at /Users/x/privatecloud/node_modules/passport/lib/authenticator.js:353:9 pass","timestamp":"2015-05-26 11:23:24.156"}
{"level":"info","message":"flag值[{\"id\":\"555546ddf2f359202cfba0b2\",\"email\":\"liqin.jiang2@yunshipei.com\",\"password\":\"886e0579be9bb7a57a18a916feb27c8a\"}] at /Users/x/privatecloud/node_modules/json-file-db/index.js:68:7 ","timestamp":"2015-05-26 11:23:24.159"}
{"level":"info","message":"de-session[{\"id\":\"555546ddf2f359202cfba0b2\",\"email\":\"liqin.jiang2@yunshipei.com\",\"password\":\"886e0579be9bb7a57a18a916feb27c8a\"}] at /Users/x/privatecloud/node_modules/q/q.js:834:54 _fulfilled","timestamp":"2015-05-26 11:23:24.161"}
{"level":"info","message":"de--id值555546ddf2f359202cfba0b2 at /Users/x/privatecloud/node_modules/passport/lib/authenticator.js:353:9 pass","timestamp":"2015-05-26 11:24:58.014"}
{"level":"info","message":"flag值[{\"id\":\"555546ddf2f359202cfba0b2\",\"email\":\"liqin.jiang2@yunshipei.com\",\"password\":\"886e0579be9bb7a57a18a916feb27c8a\"}] at /Users/x/privatecloud/node_modules/json-file-db/index.js:68:7 ","timestamp":"2015-05-26 11:24:58.017"}
{"level":"info","message":"de-session[{\"id\":\"555546ddf2f359202cfba0b2\",\"email\":\"liqin.jiang2@yunshipei.com\",\"password\":\"886e0579be9bb7a57a18a916feb27c8a\"}] at /Users/x/privatecloud/node_modules/q/q.js:834:54 _fulfilled","timestamp":"2015-05-26 11:24:58.018"}
{"level":"info","message":"de--id值555546ddf2f359202cfba0b2 at /Users/x/privatecloud/node_modules/passport/lib/authenticator.js:353:9 pass","timestamp":"2015-05-26 11:27:37.272"}
{"level":"info","message":"[am-privatecloud] listening on port 30000 in  development mode at events.js:180:16 Server.g","timestamp":"2015-05-26 11:30:51.674"}
{"level":"info","message":"de--id值555546ddf2f359202cfba0b2 at /Users/x/privatecloud/node_modules/passport/lib/authenticator.js:353:9 pass","timestamp":"2015-05-26 11:30:56.584"}
{"level":"info","message":"flag值[{\"id\":\"555546ddf2f359202cfba0b2\",\"email\":\"liqin.jiang2@yunshipei.com\",\"password\":\"886e0579be9bb7a57a18a916feb27c8a\"}] at /Users/x/privatecloud/node_modules/json-file-db/index.js:68:7 ","timestamp":"2015-05-26 11:30:56.587"}
{"level":"info","message":"de-session[{\"id\":\"555546ddf2f359202cfba0b2\",\"email\":\"liqin.jiang2@yunshipei.com\",\"password\":\"886e0579be9bb7a57a18a916feb27c8a\"}] at /Users/x/privatecloud/node_modules/q/q.js:834:54 _fulfilled","timestamp":"2015-05-26 11:30:56.589"}
{"level":"info","message":"注入session555546ddf2f359202cfba0b2 at /Users/x/privatecloud/node_modules/passport/lib/authenticator.js:290:9 pass","timestamp":"2015-05-26 11:30:58.754"}
{"level":"info","message":"de--id值555546ddf2f359202cfba0b2 at /Users/x/privatecloud/node_modules/passport/lib/authenticator.js:353:9 pass","timestamp":"2015-05-26 11:31:20.046"}
{"level":"info","message":"[am-privatecloud] listening on port 30000 in  development mode at events.js:180:16 Server.g","timestamp":"2015-05-26 11:35:41.183"}
{"level":"info","message":"de--id值555546ddf2f359202cfba0b2 at /Users/x/privatecloud/node_modules/passport/lib/authenticator.js:353:9 pass","timestamp":"2015-05-26 11:35:51.554"}
{"level":"info","message":"flag值[{\"id\":\"555546ddf2f359202cfba0b2\",\"email\":\"liqin.jiang2@yunshipei.com\",\"password\":\"886e0579be9bb7a57a18a916feb27c8a\"}] at /Users/x/privatecloud/node_modules/json-file-db/index.js:68:7 ","timestamp":"2015-05-26 11:35:51.558"}
{"level":"info","message":"de-session[{\"id\":\"555546ddf2f359202cfba0b2\",\"email\":\"liqin.jiang2@yunshipei.com\",\"password\":\"886e0579be9bb7a57a18a916feb27c8a\"}] at /Users/x/privatecloud/node_modules/q/q.js:834:54 _fulfilled","timestamp":"2015-05-26 11:35:51.559"}
{"level":"info","message":"注入session555546ddf2f359202cfba0b2 at /Users/x/privatecloud/node_modules/passport/lib/authenticator.js:290:9 pass","timestamp":"2015-05-26 11:35:54.567"}
{"level":"info","message":"de--id值555546ddf2f359202cfba0b2 at /Users/x/privatecloud/node_modules/passport/lib/authenticator.js:353:9 pass","timestamp":"2015-05-26 11:35:58.642"}
{"level":"info","message":"flag值[{\"id\":\"555546ddf2f359202cfba0b2\",\"email\":\"liqin.jiang2@yunshipei.com\",\"password\":\"886e0579be9bb7a57a18a916feb27c8a\"}] at /Users/x/privatecloud/node_modules/json-file-db/index.js:68:7 ","timestamp":"2015-05-26 11:35:58.643"}
{"level":"info","message":"de-session[{\"id\":\"555546ddf2f359202cfba0b2\",\"email\":\"liqin.jiang2@yunshipei.com\",\"password\":\"886e0579be9bb7a57a18a916feb27c8a\"}] at /Users/x/privatecloud/node_modules/q/q.js:834:54 _fulfilled","timestamp":"2015-05-26 11:35:58.645"}
{"level":"info","message":"de--id值555546ddf2f359202cfba0b2 at /Users/x/privatecloud/node_modules/passport/lib/authenticator.js:353:9 pass","timestamp":"2015-05-26 11:36:11.828"}
{"level":"info","message":"[am-privatecloud] listening on port 30000 in  development mode at events.js:180:16 Server.g","timestamp":"2015-05-26 11:37:49.185"}
{"level":"info","message":"de--id值555546ddf2f359202cfba0b2 at /Users/x/privatecloud/node_modules/passport/lib/authenticator.js:353:9 pass","timestamp":"2015-05-26 11:37:53.223"}
{"level":"info","message":"de-session[{\"id\":\"555546ddf2f359202cfba0b2\",\"email\":\"liqin.jiang2@yunshipei.com\",\"password\":\"886e0579be9bb7a57a18a916feb27c8a\"}] at /Users/x/privatecloud/node_modules/q/q.js:834:54 _fulfilled","timestamp":"2015-05-26 11:37:53.228"}
{"level":"info","message":"注入session555546ddf2f359202cfba0b2 at /Users/x/privatecloud/node_modules/passport/lib/authenticator.js:290:9 pass","timestamp":"2015-05-26 11:37:56.110"}
{"level":"info","message":"[am-privatecloud] listening on port 30000 in  development mode at events.js:180:16 Server.g","timestamp":"2015-05-26 11:38:28.402"}
{"level":"info","message":"[am-privatecloud] listening on port 30000 in  development mode at events.js:180:16 Server.g","timestamp":"2015-05-26 16:08:02.780"}
{"level":"info","message":"[am-privatecloud] listening on port 30000 in  development mode at events.js:180:16 Server.g","timestamp":"2015-05-26 16:28:22.140"}
{"level":"info","message":"[am-privatecloud] listening on port 30000 in  development mode at events.js:180:16 Server.g","timestamp":"2015-05-26 16:32:04.706"}
{"level":"info","message":"[am-privatecloud] listening on port 30000 in  development mode at events.js:180:16 Server.g","timestamp":"2015-05-26 16:32:36.475"}
{"level":"info","message":"[am-privatecloud] listening on port 30000 in  development mode at events.js:180:16 Server.g","timestamp":"2015-05-26 16:37:10.273"}
{"level":"info","message":"[am-privatecloud] listening on port 30000 in  development mode at events.js:180:16 Server.g","timestamp":"2015-05-26 16:38:16.843"}
{"level":"info","message":"[am-privatecloud] listening on port 30000 in  development mode at events.js:180:16 Server.g","timestamp":"2015-05-26 16:38:55.924"}
{"level":"info","message":"[am-privatecloud] listening on port 30000 in  development mode at events.js:180:16 Server.g","timestamp":"2015-05-26 16:53:29.762"}
{"level":"info","message":"[am-privatecloud] listening on port 30000 in  development mode at events.js:180:16 Server.g","timestamp":"2015-05-26 16:58:46.660"}
