{"level":"info","message":"[am-privatecloud] listening on port 30000 in  development mode at events.js:180:16 Server.g","timestamp":"2015-06-09 09:29:03.071"}
{"level":"error","message":"记录日志失败null at fs.js:108:15 Object.oncomplete","timestamp":"2015-06-09 09:32:17.313"}
{"level":"error","message":"记录日志失败null at fs.js:108:15 Object.oncomplete","timestamp":"2015-06-09 09:32:43.333"}
{"level":"error","message":"记录日志失败null at fs.js:108:15 Object.oncomplete","timestamp":"2015-06-09 09:32:44.046"}
{"level":"error","message":"记录日志失败null at fs.js:108:15 Object.oncomplete","timestamp":"2015-06-09 09:33:49.486"}
{"level":"info","message":"[am-privatecloud] listening on port 30000 in  development mode at events.js:180:16 Server.g","timestamp":"2015-06-09 09:36:05.532"}
{"level":"error","message":"记录日志失败null at fs.js:108:15 Object.oncomplete","timestamp":"2015-06-09 09:36:08.031"}
{"level":"error","message":"记录日志失败null at fs.js:108:15 Object.oncomplete","timestamp":"2015-06-09 09:36:20.642"}
{"level":"error","message":"记录日志失败null at fs.js:108:15 Object.oncomplete","timestamp":"2015-06-09 09:38:23.472"}
{"level":"info","message":"[am-privatecloud] listening on port 30000 in  development mode at events.js:180:16 Server.g","timestamp":"2015-06-09 09:42:33.163"}
{"level":"error","message":"记录日志失败null at fs.js:108:15 Object.oncomplete","timestamp":"2015-06-09 09:43:21.502"}
{"level":"error","message":"记录日志失败null at fs.js:108:15 Object.oncomplete","timestamp":"2015-06-09 09:44:09.911"}
{"level":"info","message":"[am-privatecloud] listening on port 30000 in  development mode at events.js:180:16 Server.g","timestamp":"2015-06-09 09:46:54.500"}
{"level":"info","message":"[am-privatecloud] listening on port 30000 in  development mode at events.js:180:16 Server.g","timestamp":"2015-06-09 09:47:17.207"}
{"level":"error","message":"记录日志失败null at fs.js:108:15 Object.oncomplete","timestamp":"2015-06-09 09:47:32.773"}
{"level":"info","message":"[am-privatecloud] listening on port 30000 in  development mode at events.js:180:16 Server.g","timestamp":"2015-06-09 09:51:14.422"}
{"level":"error","message":"访问出错 404 at /Users/x/privatecloud/node_modules/q/q.js:844:24 _rejected","timestamp":"2015-06-09 09:51:16.856"}
{"level":"error","message":"记录日志同步信息失败null at fs.js:108:15 Object.oncomplete","timestamp":"2015-06-09 09:51:16.872"}
{"level":"error","message":"记录日志失败null at fs.js:108:15 Object.oncomplete","timestamp":"2015-06-09 09:51:16.873"}
{"level":"error","message":"记录日志失败null at fs.js:108:15 Object.oncomplete","timestamp":"2015-06-09 09:55:36.241"}
{"level":"error","message":"记录日志同步信息失败null at fs.js:108:15 Object.oncomplete","timestamp":"2015-06-09 09:55:36.245"}
{"level":"error","message":"ENOENT, open '/Users/x/privatecloud/52011eeb721c5f42dee83bf7ea9f6cc6/script.tablet.dev.js' at /Users/x/privatecloud/node_modules/q/q.js:844:24 _rejected","timestamp":"2015-06-09 09:56:15.551"}
{"level":"error","message":"记录日志失败null at fs.js:108:15 Object.oncomplete","timestamp":"2015-06-09 09:56:15.587"}
{"level":"error","message":"记录日志同步信息失败null at fs.js:108:15 Object.oncomplete","timestamp":"2015-06-09 09:56:15.588"}
{"level":"error","message":"ENOENT, open '/Users/x/privatecloud/52011eeb721c5f42dee83bf7ea9f6cc6/script.tablet.dev.js' at /Users/x/privatecloud/node_modules/q/q.js:844:24 _rejected","timestamp":"2015-06-09 09:57:31.769"}
{"level":"error","message":"记录日志失败null at fs.js:108:15 Object.oncomplete","timestamp":"2015-06-09 09:57:31.788"}
{"level":"error","message":"记录日志同步信息失败null at fs.js:108:15 Object.oncomplete","timestamp":"2015-06-09 09:57:31.789"}
{"level":"error","message":"ENOENT, open '/Users/x/privatecloud/52011eeb721c5f42dee83bf7ea9f6cc6/script.tablet.dev.js' at /Users/x/privatecloud/node_modules/q/q.js:844:24 _rejected","timestamp":"2015-06-09 09:59:00.795"}
{"level":"error","message":"记录日志同步信息失败null at fs.js:108:15 Object.oncomplete","timestamp":"2015-06-09 09:59:00.808"}
{"level":"error","message":"记录日志失败null at fs.js:108:15 Object.oncomplete","timestamp":"2015-06-09 09:59:00.809"}
{"level":"error","message":"ENOENT, open '/Users/x/privatecloud/52011eeb721c5f42dee83bf7ea9f6cc6/script.tablet.dev.js' at /Users/x/privatecloud/node_modules/q/q.js:844:24 _rejected","timestamp":"2015-06-09 10:01:20.200"}
{"level":"error","message":"记录日志同步信息失败null at fs.js:108:15 Object.oncomplete","timestamp":"2015-06-09 10:01:20.221"}
{"level":"error","message":"记录日志失败null at fs.js:108:15 Object.oncomplete","timestamp":"2015-06-09 10:01:20.222"}
{"level":"error","message":"访问出错 404 at /Users/x/privatecloud/node_modules/q/q.js:844:24 _rejected","timestamp":"2015-06-09 10:03:26.607"}
{"level":"error","message":"记录日志同步信息失败null at fs.js:108:15 Object.oncomplete","timestamp":"2015-06-09 10:03:26.616"}
{"level":"error","message":"记录日志失败null at fs.js:108:15 Object.oncomplete","timestamp":"2015-06-09 10:03:26.617"}
{"level":"error","message":"访问出错 400 at /Users/x/privatecloud/node_modules/q/q.js:844:24 _rejected","timestamp":"2015-06-09 10:27:52.867"}
{"level":"error","message":"记录日志失败null at fs.js:108:15 Object.oncomplete","timestamp":"2015-06-09 10:27:52.873"}
{"level":"error","message":"记录日志同步信息失败null at fs.js:108:15 Object.oncomplete","timestamp":"2015-06-09 10:27:52.874"}
{"level":"info","message":"[am-privatecloud] listening on port 30000 in  development mode at events.js:180:16 Server.g","timestamp":"2015-06-09 10:29:03.489"}
{"level":"error","message":"访问出错 400 at /Users/x/privatecloud/node_modules/q/q.js:844:24 _rejected","timestamp":"2015-06-09 10:29:05.739"}
{"level":"error","message":"记录日志同步信息失败null at fs.js:108:15 Object.oncomplete","timestamp":"2015-06-09 10:29:05.760"}
{"level":"error","message":"记录日志失败null at fs.js:108:15 Object.oncomplete","timestamp":"2015-06-09 10:29:05.761"}
{"level":"error","message":"记录日志同步信息失败null at fs.js:108:15 Object.oncomplete","timestamp":"2015-06-09 10:29:45.163"}
{"level":"error","message":"记录日志失败null at fs.js:108:15 Object.oncomplete","timestamp":"2015-06-09 10:29:45.165"}
{"level":"error","message":"ENOENT, open '/Users/x/privatecloud/52011eeb721c5f42dee83bf7ea9f6cc6/script.tablet.dev.js' at /Users/x/privatecloud/node_modules/q/q.js:844:24 _rejected","timestamp":"2015-06-09 10:30:05.572"}
{"level":"error","message":"记录日志同步信息失败null at fs.js:108:15 Object.oncomplete","timestamp":"2015-06-09 10:30:05.668"}
{"level":"error","message":"记录日志失败null at fs.js:108:15 Object.oncomplete","timestamp":"2015-06-09 10:30:05.670"}
{"level":"error","message":"ENOENT, open '/Users/x/privatecloud/52011eeb721c5f42dee83bf7ea9f6cc6/script.tablet.dev.js' at /Users/x/privatecloud/node_modules/q/q.js:844:24 _rejected","timestamp":"2015-06-09 10:36:30.526"}
{"level":"error","message":"记录日志同步信息失败null at fs.js:108:15 Object.oncomplete","timestamp":"2015-06-09 10:36:30.543"}
{"level":"error","message":"记录日志失败null at fs.js:108:15 Object.oncomplete","timestamp":"2015-06-09 10:36:30.544"}
{"level":"info","message":"[am-privatecloud] listening on port 30000 in  development mode at events.js:180:16 Server.g","timestamp":"2015-06-09 10:36:35.146"}
{"level":"error","message":"记录日志同步信息失败null at fs.js:108:15 Object.oncomplete","timestamp":"2015-06-09 10:36:54.155"}
{"level":"error","message":"记录日志失败null at fs.js:108:15 Object.oncomplete","timestamp":"2015-06-09 10:36:54.159"}
{"level":"error","message":"ENOENT, open '/Users/x/privatecloud/52011eeb721c5f42dee83bf7ea9f6cc6/script.tablet.dev.js' at /Users/x/privatecloud/node_modules/q/q.js:844:24 _rejected","timestamp":"2015-06-09 10:37:00.343"}
{"level":"error","message":"记录日志失败null at fs.js:108:15 Object.oncomplete","timestamp":"2015-06-09 10:37:00.362"}
{"level":"error","message":"记录日志同步信息失败null at fs.js:108:15 Object.oncomplete","timestamp":"2015-06-09 10:37:00.363"}
{"level":"error","message":"ENOENT, open '/Users/x/privatecloud/52011eeb721c5f42dee83bf7ea9f6cc6/script.tablet.dev.js' at /Users/x/privatecloud/node_modules/q/q.js:844:24 _rejected","timestamp":"2015-06-09 10:37:20.928"}
{"level":"error","message":"记录日志同步信息失败null at fs.js:108:15 Object.oncomplete","timestamp":"2015-06-09 10:37:20.946"}
{"level":"error","message":"记录日志失败null at fs.js:108:15 Object.oncomplete","timestamp":"2015-06-09 10:37:20.947"}
{"level":"info","message":"[am-privatecloud] listening on port 30000 in  development mode at events.js:180:16 Server.g","timestamp":"2015-06-09 10:37:25.187"}
{"level":"info","message":"[am-privatecloud] listening on port 30000 in  development mode at events.js:180:16 Server.g","timestamp":"2015-06-09 10:37:35.659"}
{"level":"error","message":"记录日志失败null at fs.js:108:15 Object.oncomplete","timestamp":"2015-06-09 10:37:37.249"}
{"level":"error","message":"记录日志同步信息失败null at fs.js:108:15 Object.oncomplete","timestamp":"2015-06-09 10:37:37.255"}
{"level":"error","message":"ENOENT, open '/Users/x/privatecloud/52011eeb721c5f42dee83bf7ea9f6cc6/script.tablet.dev.js' at /Users/x/privatecloud/node_modules/q/q.js:844:24 _rejected","timestamp":"2015-06-09 10:38:15.518"}
{"level":"error","message":"记录日志失败null at fs.js:108:15 Object.oncomplete","timestamp":"2015-06-09 10:38:15.536"}
{"level":"error","message":"记录日志同步信息失败null at fs.js:108:15 Object.oncomplete","timestamp":"2015-06-09 10:38:15.537"}
{"level":"info","message":"[am-privatecloud] listening on port 30000 in  development mode at events.js:180:16 Server.g","timestamp":"2015-06-09 10:47:57.173"}
{"level":"error","message":"记录日志同步信息失败null at fs.js:108:15 Object.oncomplete","timestamp":"2015-06-09 10:47:59.006"}
{"level":"error","message":"记录日志失败null at fs.js:108:15 Object.oncomplete","timestamp":"2015-06-09 10:47:59.010"}
{"level":"error","message":"ENOENT, open '/Users/x/privatecloud/52011eeb721c5f42dee83bf7ea9f6cc6/script.tablet.dev.js' at /Users/x/privatecloud/node_modules/q/q.js:844:24 _rejected","timestamp":"2015-06-09 10:48:06.525"}
{"level":"error","message":"记录日志同步信息失败null at fs.js:108:15 Object.oncomplete","timestamp":"2015-06-09 10:48:06.630"}
{"level":"error","message":"记录日志失败null at fs.js:108:15 Object.oncomplete","timestamp":"2015-06-09 10:48:06.631"}
{"level":"info","message":"[am-privatecloud] listening on port 30000 in  development mode at events.js:180:16 Server.g","timestamp":"2015-06-09 10:48:29.216"}
{"level":"error","message":"记录日志失败null at fs.js:108:15 Object.oncomplete","timestamp":"2015-06-09 10:48:30.357"}
{"level":"error","message":"记录日志同步信息失败null at fs.js:108:15 Object.oncomplete","timestamp":"2015-06-09 10:48:30.360"}
{"level":"error","message":"ENOENT, open '/Users/x/privatecloud/52011eeb721c5f42dee83bf7ea9f6cc6/script.tablet.dev.js' at /Users/x/privatecloud/node_modules/q/q.js:844:24 _rejected","timestamp":"2015-06-09 10:48:41.599"}
{"level":"error","message":"记录日志同步信息失败null at fs.js:108:15 Object.oncomplete","timestamp":"2015-06-09 10:48:41.763"}
{"level":"error","message":"记录日志失败null at fs.js:108:15 Object.oncomplete","timestamp":"2015-06-09 10:48:41.765"}
{"level":"info","message":"[am-privatecloud] listening on port 30000 in  development mode at events.js:180:16 Server.g","timestamp":"2015-06-09 10:52:36.788"}
{"level":"info","message":"[am-privatecloud] listening on port 30000 in  development mode at events.js:180:16 Server.g","timestamp":"2015-06-09 10:53:36.200"}
{"level":"info","message":"[am-privatecloud] listening on port 30000 in  development mode at events.js:180:16 Server.g","timestamp":"2015-06-09 10:53:54.048"}
{"level":"info","message":"[am-privatecloud] listening on port 30000 in  development mode at events.js:180:16 Server.g","timestamp":"2015-06-09 10:54:19.203"}
{"level":"info","message":"[am-privatecloud] listening on port 30000 in  development mode at events.js:180:16 Server.g","timestamp":"2015-06-09 10:54:47.924"}
{"level":"info","message":"[am-privatecloud] listening on port 30000 in  development mode at events.js:180:16 Server.g","timestamp":"2015-06-09 10:58:24.524"}
{"level":"info","message":"[am-privatecloud] listening on port 30000 in  development mode at events.js:180:16 Server.g","timestamp":"2015-06-09 11:02:37.875"}
{"level":"error","message":"staticFilePath is not defined at /Users/x/privatecloud/node_modules/q/q.js:844:24 _rejected","timestamp":"2015-06-09 11:02:49.236"}
{"level":"error","message":"记录日志同步信息失败null at fs.js:108:15 Object.oncomplete","timestamp":"2015-06-09 11:02:49.251"}
{"level":"error","message":"记录日志失败null at fs.js:108:15 Object.oncomplete","timestamp":"2015-06-09 11:02:49.252"}
{"level":"info","message":"[am-privatecloud] listening on port 30000 in  development mode at events.js:180:16 Server.g","timestamp":"2015-06-09 11:04:24.519"}
{"level":"error","message":"记录日志同步信息失败null at fs.js:108:15 Object.oncomplete","timestamp":"2015-06-09 11:04:26.920"}
{"level":"error","message":"记录日志失败null at fs.js:108:15 Object.oncomplete","timestamp":"2015-06-09 11:04:26.923"}
{"level":"info","message":"[am-privatecloud] listening on port 30000 in  development mode at events.js:180:16 Server.g","timestamp":"2015-06-09 11:04:57.397"}
{"level":"error","message":"记录日志同步信息失败null at fs.js:108:15 Object.oncomplete","timestamp":"2015-06-09 11:04:59.561"}
{"level":"error","message":"记录日志失败null at fs.js:108:15 Object.oncomplete","timestamp":"2015-06-09 11:04:59.567"}
{"level":"error","message":"记录日志同步信息失败null at fs.js:108:15 Object.oncomplete","timestamp":"2015-06-09 11:05:32.647"}
{"level":"error","message":"记录日志失败null at fs.js:108:15 Object.oncomplete","timestamp":"2015-06-09 11:05:32.649"}
{"level":"info","message":"[am-privatecloud] listening on port 30000 in  development mode at events.js:180:16 Server.g","timestamp":"2015-06-09 11:06:39.577"}
{"level":"error","message":"记录日志同步信息失败null at fs.js:108:15 Object.oncomplete","timestamp":"2015-06-09 11:06:41.311"}
{"level":"error","message":"记录日志失败null at fs.js:108:15 Object.oncomplete","timestamp":"2015-06-09 11:06:41.314"}
{"level":"error","message":"ENOENT, open '/Users/x/privatecloud/52011eeb721c5f42dee83bf7ea9f6cc6/script.tablet.dev.js' at /Users/x/privatecloud/node_modules/q/q.js:844:24 _rejected","timestamp":"2015-06-09 11:07:00.877"}
{"level":"error","message":"记录日志同步信息失败null at fs.js:108:15 Object.oncomplete","timestamp":"2015-06-09 11:07:00.942"}
{"level":"error","message":"记录日志失败null at fs.js:108:15 Object.oncomplete","timestamp":"2015-06-09 11:07:00.943"}
{"level":"info","message":"[am-privatecloud] listening on port 30000 in  development mode at events.js:180:16 Server.g","timestamp":"2015-06-09 11:08:13.249"}
{"level":"info","message":"[am-privatecloud] listening on port 30000 in  development mode at events.js:180:16 Server.g","timestamp":"2015-06-09 11:09:27.955"}
{"level":"error","message":"记录日志同步信息失败null at fs.js:108:15 Object.oncomplete","timestamp":"2015-06-09 11:09:31.086"}
{"level":"error","message":"记录日志失败null at fs.js:108:15 Object.oncomplete","timestamp":"2015-06-09 11:09:31.089"}
{"level":"error","message":"记录日志失败null at fs.js:108:15 Object.oncomplete","timestamp":"2015-06-09 11:09:42.240"}
{"level":"error","message":"记录日志同步信息失败null at fs.js:108:15 Object.oncomplete","timestamp":"2015-06-09 11:09:42.242"}
{"level":"info","message":"[am-privatecloud] listening on port 30000 in  development mode at events.js:180:16 Server.g","timestamp":"2015-06-09 11:14:38.280"}
{"level":"error","message":"记录日志失败null at fs.js:108:15 Object.oncomplete","timestamp":"2015-06-09 11:14:43.632"}
{"level":"error","message":"记录日志同步信息失败null at fs.js:108:15 Object.oncomplete","timestamp":"2015-06-09 11:14:43.637"}
{"level":"info","message":"[am-privatecloud] listening on port 30000 in  development mode at events.js:180:16 Server.g","timestamp":"2015-06-09 11:17:54.566"}
{"level":"error","message":"访问出错 404 at /Users/x/privatecloud/node_modules/q/q.js:844:24 _rejected","timestamp":"2015-06-09 11:18:07.845"}
{"level":"error","message":"记录日志失败null at fs.js:108:15 Object.oncomplete","timestamp":"2015-06-09 11:18:07.862"}
{"level":"error","message":"记录日志同步信息失败null at fs.js:108:15 Object.oncomplete","timestamp":"2015-06-09 11:18:07.863"}
{"level":"info","message":"[am-privatecloud] listening on port 30000 in  development mode at events.js:180:16 Server.g","timestamp":"2015-06-09 11:18:44.465"}
{"level":"error","message":"访问出错 404 at /Users/x/privatecloud/node_modules/q/q.js:844:24 _rejected","timestamp":"2015-06-09 11:18:45.609"}
{"level":"error","message":"记录日志同步信息失败null at fs.js:108:15 Object.oncomplete","timestamp":"2015-06-09 11:18:45.627"}
{"level":"error","message":"记录日志失败null at fs.js:108:15 Object.oncomplete","timestamp":"2015-06-09 11:18:45.628"}
{"level":"info","message":"[am-privatecloud] listening on port 30000 in  development mode at events.js:180:16 Server.g","timestamp":"2015-06-09 11:22:06.629"}
{"level":"info","message":"[am-privatecloud] listening on port 30000 in  development mode at events.js:180:16 Server.g","timestamp":"2015-06-09 11:25:08.044"}
{"level":"error","message":"记录日志失败null at fs.js:108:15 Object.oncomplete","timestamp":"2015-06-09 11:29:07.632"}
{"level":"info","message":"[am-privatecloud] listening on port 30000 in  development mode at events.js:180:16 Server.g","timestamp":"2015-06-09 11:29:13.839"}
{"level":"error","message":"记录日志失败null at fs.js:108:15 Object.oncomplete","timestamp":"2015-06-09 11:29:26.378"}
{"level":"info","message":"[am-privatecloud] listening on port 30000 in  development mode at events.js:180:16 Server.g","timestamp":"2015-06-09 11:29:45.000"}
{"level":"info","message":"[am-privatecloud] listening on port 30000 in  development mode at events.js:180:16 Server.g","timestamp":"2015-06-09 11:33:58.155"}
{"level":"error","message":"记录日志失败null at fs.js:108:15 Object.oncomplete","timestamp":"2015-06-09 11:34:01.203"}
{"level":"error","message":"记录日志失败null at fs.js:108:15 Object.oncomplete","timestamp":"2015-06-09 11:34:12.805"}
{"level":"error","message":"记录日志失败null at fs.js:108:15 Object.oncomplete","timestamp":"2015-06-09 11:34:17.856"}
{"level":"error","message":"修改状态失败null at fs.js:108:15 Object.oncomplete","timestamp":"2015-06-09 11:34:01.205"}
{"level":"error","message":"访问出错 404 at /Users/x/privatecloud/node_modules/q/q.js:844:24 _rejected","timestamp":"2015-06-09 11:35:12.685"}
{"level":"error","message":"记录日志同步信息失败null at fs.js:108:15 Object.oncomplete","timestamp":"2015-06-09 11:35:12.694"}
{"level":"error","message":"记录日志失败null at fs.js:108:15 Object.oncomplete","timestamp":"2015-06-09 11:35:12.696"}
{"level":"info","message":"[am-privatecloud] listening on port 30000 in  development mode at events.js:180:16 Server.g","timestamp":"2015-06-09 11:41:57.245"}
{"level":"error","message":"访问出错 404 at /Users/x/privatecloud/node_modules/q/q.js:844:24 _rejected","timestamp":"2015-06-09 11:42:15.256"}
{"level":"error","message":"记录日志同步信息失败null at fs.js:108:15 Object.oncomplete","timestamp":"2015-06-09 11:42:15.277"}
{"level":"error","message":"记录日志失败null at fs.js:108:15 Object.oncomplete","timestamp":"2015-06-09 11:42:15.278"}
{"level":"info","message":"[am-privatecloud] listening on port 30000 in  development mode at events.js:180:16 Server.g","timestamp":"2015-06-09 13:10:37.904"}
{"level":"error","message":"访问出错 404 at /Users/x/privatecloud/node_modules/q/q.js:844:24 _rejected","timestamp":"2015-06-09 13:10:49.915"}
{"level":"error","message":"记录日志失败null at fs.js:108:15 Object.oncomplete","timestamp":"2015-06-09 13:10:49.926"}
{"level":"error","message":"记录日志同步信息失败null at fs.js:108:15 Object.oncomplete","timestamp":"2015-06-09 13:10:49.928"}
{"level":"error","message":"访问出错 404 at /Users/x/privatecloud/node_modules/q/q.js:844:24 _rejected","timestamp":"2015-06-09 13:12:00.457"}
{"level":"error","message":"记录日志同步信息失败null at fs.js:108:15 Object.oncomplete","timestamp":"2015-06-09 13:12:00.466"}
{"level":"error","message":"记录日志失败null at fs.js:108:15 Object.oncomplete","timestamp":"2015-06-09 13:12:00.468"}
{"level":"error","message":"记录日志同步信息失败null at fs.js:108:15 Object.oncomplete","timestamp":"2015-06-09 13:12:20.520"}
{"level":"error","message":"记录日志失败null at fs.js:108:15 Object.oncomplete","timestamp":"2015-06-09 13:12:20.522"}
{"level":"error","message":"访问出错 404 at /Users/x/privatecloud/node_modules/q/q.js:844:24 _rejected","timestamp":"2015-06-09 13:12:39.010"}
{"level":"error","message":"记录日志同步信息失败null at fs.js:108:15 Object.oncomplete","timestamp":"2015-06-09 13:12:39.022"}
{"level":"error","message":"记录日志失败null at fs.js:108:15 Object.oncomplete","timestamp":"2015-06-09 13:12:39.023"}
{"level":"error","message":"记录日志失败null at fs.js:108:15 Object.oncomplete","timestamp":"2015-06-09 13:13:41.817"}
{"level":"info","message":"[am-privatecloud] listening on port 30000 in  development mode at events.js:180:16 Server.g","timestamp":"2015-06-09 13:16:05.980"}
{"level":"info","message":"[am-privatecloud] listening on port 30000 in  development mode at events.js:180:16 Server.g","timestamp":"2015-06-09 13:18:27.410"}
{"level":"error","message":"记录日志失败null at fs.js:108:15 Object.oncomplete","timestamp":"2015-06-09 13:18:31.491"}
{"level":"info","message":"[am-privatecloud] listening on port 30000 in  development mode at events.js:180:16 Server.g","timestamp":"2015-06-09 13:19:27.149"}
{"level":"error","message":"记录日志失败null at fs.js:108:15 Object.oncomplete","timestamp":"2015-06-09 13:19:28.783"}
{"level":"error","message":"记录日志失败null at fs.js:108:15 Object.oncomplete","timestamp":"2015-06-09 13:20:20.729"}
{"level":"info","message":"[am-privatecloud] listening on port 30000 in  development mode at events.js:180:16 Server.g","timestamp":"2015-06-09 13:22:54.675"}
{"level":"info","message":"[am-privatecloud] listening on port 30000 in  development mode at events.js:180:16 Server.g","timestamp":"2015-06-09 13:31:16.370"}
{"level":"info","message":"[am-privatecloud] listening on port 30000 in  development mode at events.js:180:16 Server.g","timestamp":"2015-06-09 13:32:25.304"}
{"level":"error","message":"访问出错 404 at /Users/x/privatecloud/node_modules/q/q.js:844:24 _rejected","timestamp":"2015-06-09 13:32:28.978"}
{"level":"error","message":"访问出错 404 at /Users/x/privatecloud/node_modules/q/q.js:844:24 _rejected","timestamp":"2015-06-09 13:32:41.609"}
{"level":"info","message":"引用js路径为: http://192.168.2.37:30000/allmobilize.min.js  at module.js:456:26 Module._compile","timestamp":"2015-06-09 13:33:06.073"}
{"level":"info","message":"[am-privatecloud] listening on port 30000 in  development mode at events.js:180:16 Server.g","timestamp":"2015-06-09 13:33:06.083"}
{"level":"info","message":"[am-privatecloud] listening on port 30000 in  development mode at events.js:180:16 Server.g","timestamp":"2015-06-09 13:33:28.752"}
{"level":"error","message":"访问出错 404 at /Users/x/privatecloud/node_modules/q/q.js:844:24 _rejected","timestamp":"2015-06-09 13:34:53.644"}
{"level":"info","message":"[am-privatecloud] listening on port 30000 in  development mode at events.js:180:16 Server.g","timestamp":"2015-06-09 13:35:33.607"}
{"level":"error","message":"访问出错 404 at /Users/x/privatecloud/node_modules/q/q.js:844:24 _rejected","timestamp":"2015-06-09 13:35:48.682"}
{"level":"error","message":"访问出错 404 at /Users/x/privatecloud/node_modules/q/q.js:844:24 _rejected","timestamp":"2015-06-09 13:36:12.042"}
{"level":"info","message":"引用js路径为: http://192.168.2.37:30000/allmobilize.min.js  at module.js:456:26 Module._compile","timestamp":"2015-06-09 13:49:03.104"}
{"level":"info","message":"[am-privatecloud] listening on port 30000 in  development mode at events.js:180:16 Server.g","timestamp":"2015-06-09 13:49:03.116"}
{"level":"info","message":"引用js路径为: http://192.168.2.37:30000/allmobilize.min.js  at module.js:456:26 Module._compile","timestamp":"2015-06-09 13:49:08.705"}
{"level":"info","message":"[am-privatecloud] listening on port 30000 in  development mode at events.js:180:16 Server.g","timestamp":"2015-06-09 13:49:08.715"}
{"level":"error","message":"访问出错 404 at /Users/x/privatecloud/node_modules/q/q.js:844:24 _rejected","timestamp":"2015-06-09 13:49:14.443"}
{"level":"info","message":"引用js路径为: http://192.168.2.37:30000/allmobilize.min.js  at module.js:456:26 Module._compile","timestamp":"2015-06-09 13:50:34.347"}
{"level":"info","message":"[am-privatecloud] listening on port 30000 in  development mode at events.js:180:16 Server.g","timestamp":"2015-06-09 13:50:34.364"}
{"level":"info","message":"引用js路径为: http://192.168.2.37:30000/allmobilize.min.js  at module.js:456:26 Module._compile","timestamp":"2015-06-09 14:21:38.745"}
{"level":"info","message":"[am-privatecloud] listening on port 30000 in  development mode at events.js:180:16 Server.g","timestamp":"2015-06-09 14:21:38.756"}
{"level":"info","message":"引用js路径为: http://192.168.2.37:30000/allmobilize.min.js  at module.js:456:26 Module._compile","timestamp":"2015-06-09 14:21:44.865"}
{"level":"info","message":"[am-privatecloud] listening on port 30000 in  development mode at events.js:180:16 Server.g","timestamp":"2015-06-09 14:21:44.876"}
{"level":"info","message":"引用js路径为: http://192.168.2.37:30000/allmobilize.min.js  at module.js:456:26 Module._compile","timestamp":"2015-06-09 14:27:44.097"}
{"level":"info","message":"[am-privatecloud] listening on port 30000 in  development mode at events.js:180:16 Server.g","timestamp":"2015-06-09 14:27:44.107"}
{"level":"info","message":"引用js路径为: http://192.168.2.37:30000/allmobilize.min.js  at module.js:456:26 Module._compile","timestamp":"2015-06-09 14:35:34.920"}
{"level":"info","message":"[am-privatecloud] listening on port 30000 in  development mode at events.js:180:16 Server.g","timestamp":"2015-06-09 14:35:34.931"}
{"level":"info","message":"引用js路径为: http://192.168.2.37:30000/allmobilize.min.js  at module.js:456:26 Module._compile","timestamp":"2015-06-09 14:36:58.462"}
{"level":"info","message":"[am-privatecloud] listening on port 30000 in  development mode at events.js:180:16 Server.g","timestamp":"2015-06-09 14:36:58.473"}
{"level":"info","message":"[am-privatecloud] listening on port 30000 in  development mode at events.js:180:16 Server.g","timestamp":"2015-06-09 15:14:06.101"}
{"level":"info","message":"[am-privatecloud] listening on port 30000 in  development mode at events.js:180:16 Server.g","timestamp":"2015-06-09 15:19:15.532"}
{"level":"info","message":"[am-privatecloud] listening on port 30000 in  development mode at events.js:180:16 Server.g","timestamp":"2015-06-09 15:22:56.349"}
{"level":"info","message":"[am-privatecloud] listening on port 30000 in  development mode at events.js:180:16 Server.g","timestamp":"2015-06-09 15:25:09.219"}
{"level":"info","message":"[am-privatecloud] listening on port 30000 in  development mode at events.js:180:16 Server.g","timestamp":"2015-06-09 15:26:47.835"}
{"level":"info","message":"[am-privatecloud] listening on port 30000 in  development mode at events.js:180:16 Server.g","timestamp":"2015-06-09 15:33:31.569"}
{"level":"info","message":"[am-privatecloud] listening on port 30000 in  development mode at events.js:180:16 Server.g","timestamp":"2015-06-09 15:35:43.401"}
{"level":"info","message":"引用js路径为: http://192.168.2.37:30000/allmobilize.min.js  at module.js:456:26 Module._compile","timestamp":"2015-06-09 15:39:02.506"}
{"level":"info","message":"[am-privatecloud] listening on port 30000 in  development mode at events.js:180:16 Server.g","timestamp":"2015-06-09 15:39:02.518"}
{"level":"error","message":"访问出错 404 at /Users/x/privatecloud/node_modules/q/q.js:844:24 _rejected","timestamp":"2015-06-09 15:44:52.038"}
{"level":"info","message":"[am-privatecloud] listening on port 30000 in  development mode at events.js:180:16 Server.g","timestamp":"2015-06-09 15:46:38.904"}
{"level":"error","message":"访问出错 404 at /Users/x/privatecloud/node_modules/q/q.js:844:24 _rejected","timestamp":"2015-06-09 15:47:42.999"}
{"level":"info","message":"[am-privatecloud] listening on port 30000 in  development mode at events.js:180:16 Server.g","timestamp":"2015-06-09 15:55:29.971"}
{"level":"info","message":"[am-privatecloud] listening on port 30000 in  development mode at events.js:180:16 Server.g","timestamp":"2015-06-09 16:16:04.562"}
{"level":"info","message":"[am-privatecloud] listening on port 30000 in  development mode at events.js:180:16 Server.g","timestamp":"2015-06-09 17:36:45.609"}
{"level":"info","message":"[am-privatecloud] listening on port 30000 in  development mode at events.js:180:16 Server.g","timestamp":"2015-06-09 17:37:23.806"}
